[1.070s] Invoking command in '/home/varun/ros2_ws/src/my_py_pkg': PYTHONPATH=/home/varun/ros2_ws/build/my_py_pkg/prefix_override:/usr/lib/python3/dist-packages/colcon_core/task/python/colcon_distutils_commands:/home/varun/ros2_ws/install/my_py_pkg/lib/python3.10/site-packages:${PYTHONPATH} /usr/bin/python3 -W ignore:setup.py install is deprecated setup.py egg_info --egg-base ../../build/my_py_pkg build --build-base /home/varun/ros2_ws/build/my_py_pkg/build install --record /home/varun/ros2_ws/build/my_py_pkg/install.log --single-version-externally-managed install_data
[1.333s] running egg_info
[1.333s] writing ../../build/my_py_pkg/my_py_pkg.egg-info/PKG-INFO
[1.334s] writing dependency_links to ../../build/my_py_pkg/my_py_pkg.egg-info/dependency_links.txt
[1.334s] writing entry points to ../../build/my_py_pkg/my_py_pkg.egg-info/entry_points.txt
[1.335s] writing requirements to ../../build/my_py_pkg/my_py_pkg.egg-info/requires.txt
[1.335s] writing top-level names to ../../build/my_py_pkg/my_py_pkg.egg-info/top_level.txt
[1.336s] reading manifest file '../../build/my_py_pkg/my_py_pkg.egg-info/SOURCES.txt'
[1.338s] writing manifest file '../../build/my_py_pkg/my_py_pkg.egg-info/SOURCES.txt'
[1.339s] running build
[1.339s] running build_py
[1.339s] running install
[1.340s] running install_lib
[1.341s] running install_data
[1.341s] running install_egg_info
[1.344s] removing '/home/varun/ros2_ws/install/my_py_pkg/lib/python3.10/site-packages/my_py_pkg-0.0.0-py3.10.egg-info' (and everything under it)
[1.344s] Copying ../../build/my_py_pkg/my_py_pkg.egg-info to /home/varun/ros2_ws/install/my_py_pkg/lib/python3.10/site-packages/my_py_pkg-0.0.0-py3.10.egg-info
[1.346s] running install_scripts
[1.364s] Installing add_two_ints_client script to /home/varun/ros2_ws/install/my_py_pkg/lib/my_py_pkg
[1.364s] Installing add_two_ints_server script to /home/varun/ros2_ws/install/my_py_pkg/lib/my_py_pkg
[1.364s] Installing first_node_installed script to /home/varun/ros2_ws/install/my_py_pkg/lib/my_py_pkg
[1.366s] Installing robot_news_station script to /home/varun/ros2_ws/install/my_py_pkg/lib/my_py_pkg
[1.366s] Installing smartphone script to /home/varun/ros2_ws/install/my_py_pkg/lib/my_py_pkg
[1.366s] writing list of installed files to '/home/varun/ros2_ws/build/my_py_pkg/install.log'
[1.389s] Invoked command in '/home/varun/ros2_ws/src/my_py_pkg' returned '0': PYTHONPATH=/home/varun/ros2_ws/build/my_py_pkg/prefix_override:/usr/lib/python3/dist-packages/colcon_core/task/python/colcon_distutils_commands:/home/varun/ros2_ws/install/my_py_pkg/lib/python3.10/site-packages:${PYTHONPATH} /usr/bin/python3 -W ignore:setup.py install is deprecated setup.py egg_info --egg-base ../../build/my_py_pkg build --build-base /home/varun/ros2_ws/build/my_py_pkg/build install --record /home/varun/ros2_ws/build/my_py_pkg/install.log --single-version-externally-managed install_data
