[0.031s] Invoking command in '/home/varun/ros2_ws/build/catchall_interfaces': CMAKE_PREFIX_PATH=${CMAKE_PREFIX_PATH}:/home/varun/ros2_ws/install/my_py_pkg:/home/varun/ros2_ws/install/catchall_py_pkg:/opt/ros/humble /usr/bin/cmake /home/varun/ros2_ws/src/catchall_interfaces -DCMAKE_INSTALL_PREFIX=/home/varun/ros2_ws/install/catchall_interfaces
[0.305s] -- The C compiler identification is GNU 11.4.0
[0.354s] -- The CXX compiler identification is GNU 11.4.0
[0.379s] -- Detecting C compiler ABI info
[0.524s] -- Detecting C compiler ABI info - done
[0.529s] -- Check for working C compiler: /usr/bin/cc - skipped
[0.531s] -- Detecting C compile features
[0.533s] -- Detecting C compile features - done
[0.540s] -- Detecting CXX compiler ABI info
[0.708s] -- Detecting CXX compiler ABI info - done
[0.713s] -- Check for working CXX compiler: /usr/bin/c++ - skipped
[0.714s] -- Detecting CXX compile features
[0.714s] -- Detecting CXX compile features - done
[0.750s] -- Found ament_cmake: 1.3.10 (/opt/ros/humble/share/ament_cmake/cmake)
[0.960s] -- Found Python3: /usr/bin/python3 (found version "3.10.12") found components: Interpreter 
[1.101s] -- Found rosidl_default_generators: 1.2.0 (/opt/ros/humble/share/rosidl_default_generators/cmake)
[1.112s] -- Using all available rosidl_typesupport_c: rosidl_typesupport_fastrtps_c;rosidl_typesupport_introspection_c
[1.125s] -- Found rosidl_adapter: 3.1.5 (/opt/ros/humble/share/rosidl_adapter/cmake)
[1.203s] -- Using all available rosidl_typesupport_cpp: rosidl_typesupport_fastrtps_cpp;rosidl_typesupport_introspection_cpp
[1.267s] -- Found builtin_interfaces: 1.2.1 (/opt/ros/humble/share/builtin_interfaces/cmake)
[1.568s] -- Found ament_cmake_ros: 0.10.0 (/opt/ros/humble/share/ament_cmake_ros/cmake)
[1.792s] -- Using all available rosidl_typesupport_c: rosidl_typesupport_fastrtps_c;rosidl_typesupport_introspection_c
[2.078s] -- Using all available rosidl_typesupport_cpp: rosidl_typesupport_fastrtps_cpp;rosidl_typesupport_introspection_cpp
[2.109s] -- Found PythonInterp: /usr/bin/python3 (found suitable version "3.10.12", minimum required is "3.6") 
[2.113s] -- Found python_cmake_module: 0.10.0 (/opt/ros/humble/share/python_cmake_module/cmake)
[2.151s] -- Found PythonLibs: /usr/lib/x86_64-linux-gnu/libpython3.10.so (found suitable version "3.10.12", minimum required is "3.5") 
[2.151s] -- Using PYTHON_EXECUTABLE: /usr/bin/python3
[2.151s] -- Using PYTHON_INCLUDE_DIRS: /usr/include/python3.10
[2.151s] -- Using PYTHON_LIBRARIES: /usr/lib/x86_64-linux-gnu/libpython3.10.so
[2.175s] -- Found PythonExtra: .so  
[2.248s] -- Configuring done
[2.303s] -- Generating done
[2.306s] -- Build files have been written to: /home/varun/ros2_ws/build/catchall_interfaces
[2.316s] Invoked command in '/home/varun/ros2_ws/build/catchall_interfaces' returned '0': CMAKE_PREFIX_PATH=${CMAKE_PREFIX_PATH}:/home/varun/ros2_ws/install/my_py_pkg:/home/varun/ros2_ws/install/catchall_py_pkg:/opt/ros/humble /usr/bin/cmake /home/varun/ros2_ws/src/catchall_interfaces -DCMAKE_INSTALL_PREFIX=/home/varun/ros2_ws/install/catchall_interfaces
[2.318s] Invoking command in '/home/varun/ros2_ws/build/catchall_interfaces': CMAKE_PREFIX_PATH=${CMAKE_PREFIX_PATH}:/home/varun/ros2_ws/install/my_py_pkg:/home/varun/ros2_ws/install/catchall_py_pkg:/opt/ros/humble /usr/bin/cmake --build /home/varun/ros2_ws/build/catchall_interfaces -- -j24 -l24
[2.390s] [  2%] [34m[1mGenerating C code for ROS interfaces[0m
[2.405s] [  4%] [34m[1mGenerating C++ code for ROS interfaces[0m
[2.426s] [  4%] Built target ament_cmake_python_copy_catchall_interfaces
[2.721s] [  4%] Built target catchall_interfaces__cpp
[2.727s] [  6%] [32mBuilding C object CMakeFiles/catchall_interfaces__rosidl_generator_c.dir/rosidl_generator_c/catchall_interfaces/msg/detail/turtle__functions.c.o[0m
[2.731s] [  8%] [32mBuilding C object CMakeFiles/catchall_interfaces__rosidl_generator_c.dir/rosidl_generator_c/catchall_interfaces/srv/detail/catch_turtle__functions.c.o[0m
[2.733s] [ 10%] [32mBuilding C object CMakeFiles/catchall_interfaces__rosidl_generator_c.dir/rosidl_generator_c/catchall_interfaces/msg/detail/turtle_array__functions.c.o[0m
[2.749s] [ 12%] [34m[1mGenerating C++ type support for eProsima Fast-RTPS[0m
[2.754s] [ 14%] [34m[1mGenerating C++ type support dispatch for ROS interfaces[0m
[2.761s] [ 17%] [34m[1mGenerating C++ introspection for ROS interfaces[0m
[2.818s] running egg_info
[2.818s] creating catchall_interfaces.egg-info
[2.818s] writing catchall_interfaces.egg-info/PKG-INFO
[2.819s] writing dependency_links to catchall_interfaces.egg-info/dependency_links.txt
[2.820s] writing top-level names to catchall_interfaces.egg-info/top_level.txt
[2.820s] writing manifest file 'catchall_interfaces.egg-info/SOURCES.txt'
[2.823s] reading manifest file 'catchall_interfaces.egg-info/SOURCES.txt'
[2.825s] writing manifest file 'catchall_interfaces.egg-info/SOURCES.txt'
[2.855s] [ 17%] Built target ament_cmake_python_build_catchall_interfaces_egg
[2.858s] [ 19%] [32m[1mLinking C shared library libcatchall_interfaces__rosidl_generator_c.so[0m
[2.933s] [ 19%] Built target catchall_interfaces__rosidl_generator_c
[2.959s] [ 21%] [34m[1mGenerating C type support for eProsima Fast-RTPS[0m
[2.965s] [ 23%] [34m[1mGenerating C introspection for ROS interfaces[0m
[2.991s] [ 25%] [34m[1mGenerating C type support dispatch for ROS interfaces[0m
[3.077s] [ 27%] [32mBuilding CXX object CMakeFiles/catchall_interfaces__rosidl_typesupport_fastrtps_cpp.dir/rosidl_typesupport_fastrtps_cpp/catchall_interfaces/msg/detail/dds_fastrtps/turtle_array__type_support.cpp.o[0m
[3.088s] [ 29%] [32mBuilding CXX object CMakeFiles/catchall_interfaces__rosidl_typesupport_fastrtps_cpp.dir/rosidl_typesupport_fastrtps_cpp/catchall_interfaces/msg/detail/dds_fastrtps/turtle__type_support.cpp.o[0m
[3.104s] [ 31%] [32mBuilding CXX object CMakeFiles/catchall_interfaces__rosidl_typesupport_fastrtps_cpp.dir/rosidl_typesupport_fastrtps_cpp/catchall_interfaces/srv/detail/dds_fastrtps/catch_turtle__type_support.cpp.o[0m
[3.126s] [ 34%] [32mBuilding CXX object CMakeFiles/catchall_interfaces__rosidl_typesupport_cpp.dir/rosidl_typesupport_cpp/catchall_interfaces/msg/turtle__type_support.cpp.o[0m
[3.131s] [ 36%] [32mBuilding CXX object CMakeFiles/catchall_interfaces__rosidl_typesupport_cpp.dir/rosidl_typesupport_cpp/catchall_interfaces/msg/turtle_array__type_support.cpp.o[0m
[3.131s] [ 38%] [32mBuilding CXX object CMakeFiles/catchall_interfaces__rosidl_typesupport_introspection_cpp.dir/rosidl_typesupport_introspection_cpp/catchall_interfaces/msg/detail/turtle__type_support.cpp.o[0m
[3.153s] [ 40%] [32mBuilding CXX object CMakeFiles/catchall_interfaces__rosidl_typesupport_cpp.dir/rosidl_typesupport_cpp/catchall_interfaces/srv/catch_turtle__type_support.cpp.o[0m
[3.155s] [ 42%] [32mBuilding CXX object CMakeFiles/catchall_interfaces__rosidl_typesupport_introspection_cpp.dir/rosidl_typesupport_introspection_cpp/catchall_interfaces/srv/detail/catch_turtle__type_support.cpp.o[0m
[3.164s] [ 44%] [32mBuilding CXX object CMakeFiles/catchall_interfaces__rosidl_typesupport_introspection_cpp.dir/rosidl_typesupport_introspection_cpp/catchall_interfaces/msg/detail/turtle_array__type_support.cpp.o[0m
[3.340s] [ 46%] [32mBuilding CXX object CMakeFiles/catchall_interfaces__rosidl_typesupport_c.dir/rosidl_typesupport_c/catchall_interfaces/msg/turtle_array__type_support.cpp.o[0m
[3.348s] [ 48%] [32mBuilding CXX object CMakeFiles/catchall_interfaces__rosidl_typesupport_c.dir/rosidl_typesupport_c/catchall_interfaces/msg/turtle__type_support.cpp.o[0m
[3.361s] [ 51%] [32mBuilding CXX object CMakeFiles/catchall_interfaces__rosidl_typesupport_c.dir/rosidl_typesupport_c/catchall_interfaces/srv/catch_turtle__type_support.cpp.o[0m
[3.363s] [ 53%] [32mBuilding C object CMakeFiles/catchall_interfaces__rosidl_typesupport_introspection_c.dir/rosidl_typesupport_introspection_c/catchall_interfaces/msg/detail/turtle_array__type_support.c.o[0m
[3.370s] [ 55%] [32mBuilding C object CMakeFiles/catchall_interfaces__rosidl_typesupport_introspection_c.dir/rosidl_typesupport_introspection_c/catchall_interfaces/msg/detail/turtle__type_support.c.o[0m
[3.382s] [ 57%] [32mBuilding C object CMakeFiles/catchall_interfaces__rosidl_typesupport_introspection_c.dir/rosidl_typesupport_introspection_c/catchall_interfaces/srv/detail/catch_turtle__type_support.c.o[0m
[3.388s] [ 59%] [32mBuilding CXX object CMakeFiles/catchall_interfaces__rosidl_typesupport_fastrtps_c.dir/rosidl_typesupport_fastrtps_c/catchall_interfaces/msg/detail/turtle_array__type_support_c.cpp.o[0m
[3.393s] [ 61%] [32mBuilding CXX object CMakeFiles/catchall_interfaces__rosidl_typesupport_fastrtps_c.dir/rosidl_typesupport_fastrtps_c/catchall_interfaces/srv/detail/catch_turtle__type_support_c.cpp.o[0m
[3.397s] [ 63%] [32mBuilding CXX object CMakeFiles/catchall_interfaces__rosidl_typesupport_fastrtps_c.dir/rosidl_typesupport_fastrtps_c/catchall_interfaces/msg/detail/turtle__type_support_c.cpp.o[0m
[3.506s] [ 65%] [32m[1mLinking CXX shared library libcatchall_interfaces__rosidl_typesupport_c.so[0m
[3.550s] [ 68%] [32m[1mLinking C shared library libcatchall_interfaces__rosidl_typesupport_introspection_c.so[0m
[3.640s] [ 68%] Built target catchall_interfaces__rosidl_typesupport_c
[3.722s] [ 70%] [32m[1mLinking CXX shared library libcatchall_interfaces__rosidl_typesupport_cpp.so[0m
[3.724s] [ 70%] Built target catchall_interfaces__rosidl_typesupport_introspection_c
[3.811s] [ 72%] [32m[1mLinking CXX shared library libcatchall_interfaces__rosidl_typesupport_introspection_cpp.so[0m
[3.820s] [ 72%] Built target catchall_interfaces__rosidl_typesupport_cpp
[3.917s] [ 74%] [32m[1mLinking CXX shared library libcatchall_interfaces__rosidl_typesupport_fastrtps_cpp.so[0m
[3.939s] [ 74%] Built target catchall_interfaces__rosidl_typesupport_introspection_cpp
[3.961s] [ 76%] [32m[1mLinking CXX shared library libcatchall_interfaces__rosidl_typesupport_fastrtps_c.so[0m
[4.043s] [ 76%] Built target catchall_interfaces__rosidl_typesupport_fastrtps_cpp
[4.073s] [ 76%] Built target catchall_interfaces__rosidl_typesupport_fastrtps_c
[4.108s] [ 76%] Built target catchall_interfaces
[4.144s] [ 78%] [34m[1mGenerating Python code for ROS interfaces[0m
[4.477s] [ 78%] Built target catchall_interfaces__py
[4.515s] [ 82%] [32mBuilding C object CMakeFiles/catchall_interfaces__rosidl_generator_py.dir/rosidl_generator_py/catchall_interfaces/msg/_turtle_array_s.c.o[0m
[4.515s] [ 82%] [32mBuilding C object CMakeFiles/catchall_interfaces__rosidl_generator_py.dir/rosidl_generator_py/catchall_interfaces/msg/_turtle_s.c.o[0m
[4.515s] [ 85%] [32mBuilding C object CMakeFiles/catchall_interfaces__rosidl_generator_py.dir/rosidl_generator_py/catchall_interfaces/srv/_catch_turtle_s.c.o[0m
[4.654s] [ 87%] [32m[1mLinking C shared library rosidl_generator_py/catchall_interfaces/libcatchall_interfaces__rosidl_generator_py.so[0m
[4.727s] [ 87%] Built target catchall_interfaces__rosidl_generator_py
[4.768s] [ 91%] [32mBuilding C object CMakeFiles/catchall_interfaces__rosidl_typesupport_fastrtps_c__pyext.dir/rosidl_generator_py/catchall_interfaces/_catchall_interfaces_s.ep.rosidl_typesupport_fastrtps_c.c.o[0m
[4.768s] [ 91%] [32mBuilding C object CMakeFiles/catchall_interfaces__rosidl_typesupport_introspection_c__pyext.dir/rosidl_generator_py/catchall_interfaces/_catchall_interfaces_s.ep.rosidl_typesupport_introspection_c.c.o[0m
[4.770s] [ 93%] [32mBuilding C object CMakeFiles/catchall_interfaces__rosidl_typesupport_c__pyext.dir/rosidl_generator_py/catchall_interfaces/_catchall_interfaces_s.ep.rosidl_typesupport_c.c.o[0m
[4.943s] [ 95%] [32m[1mLinking C shared library rosidl_generator_py/catchall_interfaces/catchall_interfaces_s__rosidl_typesupport_c.cpython-310-x86_64-linux-gnu.so[0m
[4.943s] [ 97%] [32m[1mLinking C shared library rosidl_generator_py/catchall_interfaces/catchall_interfaces_s__rosidl_typesupport_introspection_c.cpython-310-x86_64-linux-gnu.so[0m
[4.944s] [100%] [32m[1mLinking C shared library rosidl_generator_py/catchall_interfaces/catchall_interfaces_s__rosidl_typesupport_fastrtps_c.cpython-310-x86_64-linux-gnu.so[0m
[5.010s] [100%] Built target catchall_interfaces__rosidl_typesupport_introspection_c__pyext
[5.011s] [100%] Built target catchall_interfaces__rosidl_typesupport_fastrtps_c__pyext
[5.012s] [100%] Built target catchall_interfaces__rosidl_typesupport_c__pyext
[5.029s] Invoked command in '/home/varun/ros2_ws/build/catchall_interfaces' returned '0': CMAKE_PREFIX_PATH=${CMAKE_PREFIX_PATH}:/home/varun/ros2_ws/install/my_py_pkg:/home/varun/ros2_ws/install/catchall_py_pkg:/opt/ros/humble /usr/bin/cmake --build /home/varun/ros2_ws/build/catchall_interfaces -- -j24 -l24
[5.341s] Invoking command in '/home/varun/ros2_ws/build/catchall_interfaces': CMAKE_PREFIX_PATH=${CMAKE_PREFIX_PATH}:/home/varun/ros2_ws/install/my_py_pkg:/home/varun/ros2_ws/install/catchall_py_pkg:/opt/ros/humble /usr/bin/cmake --install /home/varun/ros2_ws/build/catchall_interfaces
[5.353s] -- Install configuration: ""
[5.353s] -- Installing: /home/varun/ros2_ws/install/catchall_interfaces/share/ament_index/resource_index/rosidl_interfaces/catchall_interfaces
[5.353s] -- Installing: /home/varun/ros2_ws/install/catchall_interfaces/include/catchall_interfaces/catchall_interfaces
[5.354s] -- Installing: /home/varun/ros2_ws/install/catchall_interfaces/include/catchall_interfaces/catchall_interfaces/srv
[5.354s] -- Installing: /home/varun/ros2_ws/install/catchall_interfaces/include/catchall_interfaces/catchall_interfaces/srv/detail
[5.354s] -- Installing: /home/varun/ros2_ws/install/catchall_interfaces/include/catchall_interfaces/catchall_interfaces/srv/detail/catch_turtle__functions.h
[5.354s] -- Installing: /home/varun/ros2_ws/install/catchall_interfaces/include/catchall_interfaces/catchall_interfaces/srv/detail/catch_turtle__functions.c
[5.354s] -- Installing: /home/varun/ros2_ws/install/catchall_interfaces/include/catchall_interfaces/catchall_interfaces/srv/detail/catch_turtle__struct.h
[5.355s] -- Installing: /home/varun/ros2_ws/install/catchall_interfaces/include/catchall_interfaces/catchall_interfaces/srv/detail/catch_turtle__type_support.h
[5.355s] -- Installing: /home/varun/ros2_ws/install/catchall_interfaces/include/catchall_interfaces/catchall_interfaces/srv/catch_turtle.h
[5.355s] -- Installing: /home/varun/ros2_ws/install/catchall_interfaces/include/catchall_interfaces/catchall_interfaces/msg
[5.355s] -- Installing: /home/varun/ros2_ws/install/catchall_interfaces/include/catchall_interfaces/catchall_interfaces/msg/detail
[5.355s] -- Installing: /home/varun/ros2_ws/install/catchall_interfaces/include/catchall_interfaces/catchall_interfaces/msg/detail/turtle__functions.h
[5.356s] -- Installing: /home/varun/ros2_ws/install/catchall_interfaces/include/catchall_interfaces/catchall_interfaces/msg/detail/turtle_array__type_support.h
[5.356s] -- Installing: /home/varun/ros2_ws/install/catchall_interfaces/include/catchall_interfaces/catchall_interfaces/msg/detail/turtle_array__functions.h
[5.356s] -- Installing: /home/varun/ros2_ws/install/catchall_interfaces/include/catchall_interfaces/catchall_interfaces/msg/detail/turtle__functions.c
[5.356s] -- Installing: /home/varun/ros2_ws/install/catchall_interfaces/include/catchall_interfaces/catchall_interfaces/msg/detail/turtle_array__struct.h
[5.357s] -- Installing: /home/varun/ros2_ws/install/catchall_interfaces/include/catchall_interfaces/catchall_interfaces/msg/detail/turtle_array__functions.c
[5.357s] -- Installing: /home/varun/ros2_ws/install/catchall_interfaces/include/catchall_interfaces/catchall_interfaces/msg/detail/turtle__type_support.h
[5.357s] -- Installing: /home/varun/ros2_ws/install/catchall_interfaces/include/catchall_interfaces/catchall_interfaces/msg/detail/turtle__struct.h
[5.357s] -- Installing: /home/varun/ros2_ws/install/catchall_interfaces/include/catchall_interfaces/catchall_interfaces/msg/rosidl_generator_c__visibility_control.h
[5.357s] -- Installing: /home/varun/ros2_ws/install/catchall_interfaces/include/catchall_interfaces/catchall_interfaces/msg/turtle.h
[5.358s] -- Installing: /home/varun/ros2_ws/install/catchall_interfaces/include/catchall_interfaces/catchall_interfaces/msg/turtle_array.h
[5.358s] -- Installing: /home/varun/ros2_ws/install/catchall_interfaces/share/catchall_interfaces/environment/library_path.sh
[5.358s] -- Installing: /home/varun/ros2_ws/install/catchall_interfaces/share/catchall_interfaces/environment/library_path.dsv
[5.359s] -- Installing: /home/varun/ros2_ws/install/catchall_interfaces/lib/libcatchall_interfaces__rosidl_generator_c.so
[5.361s] -- Set runtime path of "/home/varun/ros2_ws/install/catchall_interfaces/lib/libcatchall_interfaces__rosidl_generator_c.so" to ""
[5.361s] -- Up-to-date: /home/varun/ros2_ws/install/catchall_interfaces/include/catchall_interfaces/catchall_interfaces
[5.361s] -- Up-to-date: /home/varun/ros2_ws/install/catchall_interfaces/include/catchall_interfaces/catchall_interfaces/srv
[5.361s] -- Up-to-date: /home/varun/ros2_ws/install/catchall_interfaces/include/catchall_interfaces/catchall_interfaces/srv/detail
[5.361s] -- Installing: /home/varun/ros2_ws/install/catchall_interfaces/include/catchall_interfaces/catchall_interfaces/srv/detail/catch_turtle__rosidl_typesupport_fastrtps_c.h
[5.361s] -- Up-to-date: /home/varun/ros2_ws/install/catchall_interfaces/include/catchall_interfaces/catchall_interfaces/msg
[5.362s] -- Up-to-date: /home/varun/ros2_ws/install/catchall_interfaces/include/catchall_interfaces/catchall_interfaces/msg/detail
[5.362s] -- Installing: /home/varun/ros2_ws/install/catchall_interfaces/include/catchall_interfaces/catchall_interfaces/msg/detail/turtle_array__rosidl_typesupport_fastrtps_c.h
[5.362s] -- Installing: /home/varun/ros2_ws/install/catchall_interfaces/include/catchall_interfaces/catchall_interfaces/msg/detail/turtle__rosidl_typesupport_fastrtps_c.h
[5.362s] -- Installing: /home/varun/ros2_ws/install/catchall_interfaces/include/catchall_interfaces/catchall_interfaces/msg/rosidl_typesupport_fastrtps_c__visibility_control.h
[5.362s] -- Installing: /home/varun/ros2_ws/install/catchall_interfaces/lib/libcatchall_interfaces__rosidl_typesupport_fastrtps_c.so
[5.364s] -- Set runtime path of "/home/varun/ros2_ws/install/catchall_interfaces/lib/libcatchall_interfaces__rosidl_typesupport_fastrtps_c.so" to ""
[5.364s] -- Up-to-date: /home/varun/ros2_ws/install/catchall_interfaces/include/catchall_interfaces/catchall_interfaces
[5.364s] -- Up-to-date: /home/varun/ros2_ws/install/catchall_interfaces/include/catchall_interfaces/catchall_interfaces/srv
[5.364s] -- Up-to-date: /home/varun/ros2_ws/install/catchall_interfaces/include/catchall_interfaces/catchall_interfaces/srv/detail
[5.364s] -- Installing: /home/varun/ros2_ws/install/catchall_interfaces/include/catchall_interfaces/catchall_interfaces/srv/detail/catch_turtle__rosidl_typesupport_introspection_c.h
[5.365s] -- Installing: /home/varun/ros2_ws/install/catchall_interfaces/include/catchall_interfaces/catchall_interfaces/srv/detail/catch_turtle__type_support.c
[5.365s] -- Up-to-date: /home/varun/ros2_ws/install/catchall_interfaces/include/catchall_interfaces/catchall_interfaces/msg
[5.365s] -- Up-to-date: /home/varun/ros2_ws/install/catchall_interfaces/include/catchall_interfaces/catchall_interfaces/msg/detail
[5.365s] -- Installing: /home/varun/ros2_ws/install/catchall_interfaces/include/catchall_interfaces/catchall_interfaces/msg/detail/turtle_array__rosidl_typesupport_introspection_c.h
[5.365s] -- Installing: /home/varun/ros2_ws/install/catchall_interfaces/include/catchall_interfaces/catchall_interfaces/msg/detail/turtle__type_support.c
[5.366s] -- Installing: /home/varun/ros2_ws/install/catchall_interfaces/include/catchall_interfaces/catchall_interfaces/msg/detail/turtle_array__type_support.c
[5.366s] -- Installing: /home/varun/ros2_ws/install/catchall_interfaces/include/catchall_interfaces/catchall_interfaces/msg/detail/turtle__rosidl_typesupport_introspection_c.h
[5.366s] -- Installing: /home/varun/ros2_ws/install/catchall_interfaces/include/catchall_interfaces/catchall_interfaces/msg/rosidl_typesupport_introspection_c__visibility_control.h
[5.366s] -- Installing: /home/varun/ros2_ws/install/catchall_interfaces/lib/libcatchall_interfaces__rosidl_typesupport_introspection_c.so
[5.367s] -- Set runtime path of "/home/varun/ros2_ws/install/catchall_interfaces/lib/libcatchall_interfaces__rosidl_typesupport_introspection_c.so" to ""
[5.367s] -- Installing: /home/varun/ros2_ws/install/catchall_interfaces/lib/libcatchall_interfaces__rosidl_typesupport_c.so
[5.369s] -- Set runtime path of "/home/varun/ros2_ws/install/catchall_interfaces/lib/libcatchall_interfaces__rosidl_typesupport_c.so" to ""
[5.369s] -- Up-to-date: /home/varun/ros2_ws/install/catchall_interfaces/include/catchall_interfaces/catchall_interfaces
[5.369s] -- Up-to-date: /home/varun/ros2_ws/install/catchall_interfaces/include/catchall_interfaces/catchall_interfaces/srv
[5.369s] -- Up-to-date: /home/varun/ros2_ws/install/catchall_interfaces/include/catchall_interfaces/catchall_interfaces/srv/detail
[5.369s] -- Installing: /home/varun/ros2_ws/install/catchall_interfaces/include/catchall_interfaces/catchall_interfaces/srv/detail/catch_turtle__builder.hpp
[5.370s] -- Installing: /home/varun/ros2_ws/install/catchall_interfaces/include/catchall_interfaces/catchall_interfaces/srv/detail/catch_turtle__traits.hpp
[5.370s] -- Installing: /home/varun/ros2_ws/install/catchall_interfaces/include/catchall_interfaces/catchall_interfaces/srv/detail/catch_turtle__struct.hpp
[5.370s] -- Installing: /home/varun/ros2_ws/install/catchall_interfaces/include/catchall_interfaces/catchall_interfaces/srv/catch_turtle.hpp
[5.370s] -- Up-to-date: /home/varun/ros2_ws/install/catchall_interfaces/include/catchall_interfaces/catchall_interfaces/msg
[5.370s] -- Up-to-date: /home/varun/ros2_ws/install/catchall_interfaces/include/catchall_interfaces/catchall_interfaces/msg/detail
[5.370s] -- Installing: /home/varun/ros2_ws/install/catchall_interfaces/include/catchall_interfaces/catchall_interfaces/msg/detail/turtle_array__traits.hpp
[5.370s] -- Installing: /home/varun/ros2_ws/install/catchall_interfaces/include/catchall_interfaces/catchall_interfaces/msg/detail/turtle_array__builder.hpp
[5.370s] -- Installing: /home/varun/ros2_ws/install/catchall_interfaces/include/catchall_interfaces/catchall_interfaces/msg/detail/turtle__struct.hpp
[5.371s] -- Installing: /home/varun/ros2_ws/install/catchall_interfaces/include/catchall_interfaces/catchall_interfaces/msg/detail/turtle_array__struct.hpp
[5.371s] -- Installing: /home/varun/ros2_ws/install/catchall_interfaces/include/catchall_interfaces/catchall_interfaces/msg/detail/turtle__builder.hpp
[5.371s] -- Installing: /home/varun/ros2_ws/install/catchall_interfaces/include/catchall_interfaces/catchall_interfaces/msg/detail/turtle__traits.hpp
[5.372s] -- Installing: /home/varun/ros2_ws/install/catchall_interfaces/include/catchall_interfaces/catchall_interfaces/msg/turtle.hpp
[5.372s] -- Installing: /home/varun/ros2_ws/install/catchall_interfaces/include/catchall_interfaces/catchall_interfaces/msg/turtle_array.hpp
[5.372s] -- Up-to-date: /home/varun/ros2_ws/install/catchall_interfaces/include/catchall_interfaces/catchall_interfaces
[5.372s] -- Up-to-date: /home/varun/ros2_ws/install/catchall_interfaces/include/catchall_interfaces/catchall_interfaces/srv
[5.372s] -- Up-to-date: /home/varun/ros2_ws/install/catchall_interfaces/include/catchall_interfaces/catchall_interfaces/srv/detail
[5.372s] -- Installing: /home/varun/ros2_ws/install/catchall_interfaces/include/catchall_interfaces/catchall_interfaces/srv/detail/catch_turtle__rosidl_typesupport_fastrtps_cpp.hpp
[5.372s] -- Installing: /home/varun/ros2_ws/install/catchall_interfaces/include/catchall_interfaces/catchall_interfaces/srv/detail/dds_fastrtps
[5.372s] -- Up-to-date: /home/varun/ros2_ws/install/catchall_interfaces/include/catchall_interfaces/catchall_interfaces/msg
[5.373s] -- Up-to-date: /home/varun/ros2_ws/install/catchall_interfaces/include/catchall_interfaces/catchall_interfaces/msg/detail
[5.373s] -- Installing: /home/varun/ros2_ws/install/catchall_interfaces/include/catchall_interfaces/catchall_interfaces/msg/detail/turtle_array__rosidl_typesupport_fastrtps_cpp.hpp
[5.373s] -- Installing: /home/varun/ros2_ws/install/catchall_interfaces/include/catchall_interfaces/catchall_interfaces/msg/detail/dds_fastrtps
[5.374s] -- Installing: /home/varun/ros2_ws/install/catchall_interfaces/include/catchall_interfaces/catchall_interfaces/msg/detail/turtle__rosidl_typesupport_fastrtps_cpp.hpp
[5.375s] -- Installing: /home/varun/ros2_ws/install/catchall_interfaces/include/catchall_interfaces/catchall_interfaces/msg/rosidl_typesupport_fastrtps_cpp__visibility_control.h
[5.375s] -- Installing: /home/varun/ros2_ws/install/catchall_interfaces/lib/libcatchall_interfaces__rosidl_typesupport_fastrtps_cpp.so
[5.375s] -- Set runtime path of "/home/varun/ros2_ws/install/catchall_interfaces/lib/libcatchall_interfaces__rosidl_typesupport_fastrtps_cpp.so" to ""
[5.375s] -- Up-to-date: /home/varun/ros2_ws/install/catchall_interfaces/include/catchall_interfaces/catchall_interfaces
[5.376s] -- Up-to-date: /home/varun/ros2_ws/install/catchall_interfaces/include/catchall_interfaces/catchall_interfaces/srv
[5.376s] -- Up-to-date: /home/varun/ros2_ws/install/catchall_interfaces/include/catchall_interfaces/catchall_interfaces/srv/detail
[5.376s] -- Installing: /home/varun/ros2_ws/install/catchall_interfaces/include/catchall_interfaces/catchall_interfaces/srv/detail/catch_turtle__rosidl_typesupport_introspection_cpp.hpp
[5.376s] -- Installing: /home/varun/ros2_ws/install/catchall_interfaces/include/catchall_interfaces/catchall_interfaces/srv/detail/catch_turtle__type_support.cpp
[5.376s] -- Up-to-date: /home/varun/ros2_ws/install/catchall_interfaces/include/catchall_interfaces/catchall_interfaces/msg
[5.376s] -- Up-to-date: /home/varun/ros2_ws/install/catchall_interfaces/include/catchall_interfaces/catchall_interfaces/msg/detail
[5.377s] -- Installing: /home/varun/ros2_ws/install/catchall_interfaces/include/catchall_interfaces/catchall_interfaces/msg/detail/turtle__type_support.cpp
[5.377s] -- Installing: /home/varun/ros2_ws/install/catchall_interfaces/include/catchall_interfaces/catchall_interfaces/msg/detail/turtle_array__rosidl_typesupport_introspection_cpp.hpp
[5.377s] -- Installing: /home/varun/ros2_ws/install/catchall_interfaces/include/catchall_interfaces/catchall_interfaces/msg/detail/turtle_array__type_support.cpp
[5.377s] -- Installing: /home/varun/ros2_ws/install/catchall_interfaces/include/catchall_interfaces/catchall_interfaces/msg/detail/turtle__rosidl_typesupport_introspection_cpp.hpp
[5.377s] -- Installing: /home/varun/ros2_ws/install/catchall_interfaces/lib/libcatchall_interfaces__rosidl_typesupport_introspection_cpp.so
[5.379s] -- Set runtime path of "/home/varun/ros2_ws/install/catchall_interfaces/lib/libcatchall_interfaces__rosidl_typesupport_introspection_cpp.so" to ""
[5.379s] -- Installing: /home/varun/ros2_ws/install/catchall_interfaces/lib/libcatchall_interfaces__rosidl_typesupport_cpp.so
[5.381s] -- Set runtime path of "/home/varun/ros2_ws/install/catchall_interfaces/lib/libcatchall_interfaces__rosidl_typesupport_cpp.so" to ""
[5.381s] -- Installing: /home/varun/ros2_ws/install/catchall_interfaces/share/catchall_interfaces/environment/pythonpath.sh
[5.381s] -- Installing: /home/varun/ros2_ws/install/catchall_interfaces/share/catchall_interfaces/environment/pythonpath.dsv
[5.381s] -- Installing: /home/varun/ros2_ws/install/catchall_interfaces/local/lib/python3.10/dist-packages/catchall_interfaces-0.0.0-py3.10.egg-info
[5.381s] -- Installing: /home/varun/ros2_ws/install/catchall_interfaces/local/lib/python3.10/dist-packages/catchall_interfaces-0.0.0-py3.10.egg-info/dependency_links.txt
[5.382s] -- Installing: /home/varun/ros2_ws/install/catchall_interfaces/local/lib/python3.10/dist-packages/catchall_interfaces-0.0.0-py3.10.egg-info/top_level.txt
[5.382s] -- Installing: /home/varun/ros2_ws/install/catchall_interfaces/local/lib/python3.10/dist-packages/catchall_interfaces-0.0.0-py3.10.egg-info/SOURCES.txt
[5.382s] -- Installing: /home/varun/ros2_ws/install/catchall_interfaces/local/lib/python3.10/dist-packages/catchall_interfaces-0.0.0-py3.10.egg-info/PKG-INFO
[5.383s] -- Installing: /home/varun/ros2_ws/install/catchall_interfaces/local/lib/python3.10/dist-packages/catchall_interfaces
[5.383s] -- Installing: /home/varun/ros2_ws/install/catchall_interfaces/local/lib/python3.10/dist-packages/catchall_interfaces/catchall_interfaces_s__rosidl_typesupport_c.cpython-310-x86_64-linux-gnu.so
[5.383s] -- Installing: /home/varun/ros2_ws/install/catchall_interfaces/local/lib/python3.10/dist-packages/catchall_interfaces/_catchall_interfaces_s.ep.rosidl_typesupport_introspection_c.c
[5.383s] -- Installing: /home/varun/ros2_ws/install/catchall_interfaces/local/lib/python3.10/dist-packages/catchall_interfaces/_catchall_interfaces_s.ep.rosidl_typesupport_c.c
[5.383s] -- Installing: /home/varun/ros2_ws/install/catchall_interfaces/local/lib/python3.10/dist-packages/catchall_interfaces/__init__.py
[5.383s] -- Installing: /home/varun/ros2_ws/install/catchall_interfaces/local/lib/python3.10/dist-packages/catchall_interfaces/_catchall_interfaces_s.ep.rosidl_typesupport_fastrtps_c.c
[5.384s] -- Installing: /home/varun/ros2_ws/install/catchall_interfaces/local/lib/python3.10/dist-packages/catchall_interfaces/srv
[5.384s] -- Installing: /home/varun/ros2_ws/install/catchall_interfaces/local/lib/python3.10/dist-packages/catchall_interfaces/srv/__init__.py
[5.384s] -- Installing: /home/varun/ros2_ws/install/catchall_interfaces/local/lib/python3.10/dist-packages/catchall_interfaces/srv/_catch_turtle_s.c
[5.384s] -- Installing: /home/varun/ros2_ws/install/catchall_interfaces/local/lib/python3.10/dist-packages/catchall_interfaces/srv/_catch_turtle.py
[5.384s] -- Installing: /home/varun/ros2_ws/install/catchall_interfaces/local/lib/python3.10/dist-packages/catchall_interfaces/catchall_interfaces_s__rosidl_typesupport_fastrtps_c.cpython-310-x86_64-linux-gnu.so
[5.385s] -- Installing: /home/varun/ros2_ws/install/catchall_interfaces/local/lib/python3.10/dist-packages/catchall_interfaces/msg
[5.385s] -- Installing: /home/varun/ros2_ws/install/catchall_interfaces/local/lib/python3.10/dist-packages/catchall_interfaces/msg/_turtle_array.py
[5.385s] -- Installing: /home/varun/ros2_ws/install/catchall_interfaces/local/lib/python3.10/dist-packages/catchall_interfaces/msg/__init__.py
[5.385s] -- Installing: /home/varun/ros2_ws/install/catchall_interfaces/local/lib/python3.10/dist-packages/catchall_interfaces/msg/_turtle_s.c
[5.385s] -- Installing: /home/varun/ros2_ws/install/catchall_interfaces/local/lib/python3.10/dist-packages/catchall_interfaces/msg/_turtle.py
[5.386s] -- Installing: /home/varun/ros2_ws/install/catchall_interfaces/local/lib/python3.10/dist-packages/catchall_interfaces/msg/_turtle_array_s.c
[5.386s] -- Installing: /home/varun/ros2_ws/install/catchall_interfaces/local/lib/python3.10/dist-packages/catchall_interfaces/catchall_interfaces_s__rosidl_typesupport_introspection_c.cpython-310-x86_64-linux-gnu.so
[5.386s] -- Installing: /home/varun/ros2_ws/install/catchall_interfaces/local/lib/python3.10/dist-packages/catchall_interfaces/libcatchall_interfaces__rosidl_generator_py.so
[5.426s] Listing '/home/varun/ros2_ws/install/catchall_interfaces/local/lib/python3.10/dist-packages/catchall_interfaces'...
[5.426s] Compiling '/home/varun/ros2_ws/install/catchall_interfaces/local/lib/python3.10/dist-packages/catchall_interfaces/__init__.py'...
[5.427s] Listing '/home/varun/ros2_ws/install/catchall_interfaces/local/lib/python3.10/dist-packages/catchall_interfaces/msg'...
[5.427s] Compiling '/home/varun/ros2_ws/install/catchall_interfaces/local/lib/python3.10/dist-packages/catchall_interfaces/msg/__init__.py'...
[5.427s] Compiling '/home/varun/ros2_ws/install/catchall_interfaces/local/lib/python3.10/dist-packages/catchall_interfaces/msg/_turtle.py'...
[5.427s] Compiling '/home/varun/ros2_ws/install/catchall_interfaces/local/lib/python3.10/dist-packages/catchall_interfaces/msg/_turtle_array.py'...
[5.427s] Listing '/home/varun/ros2_ws/install/catchall_interfaces/local/lib/python3.10/dist-packages/catchall_interfaces/srv'...
[5.427s] Compiling '/home/varun/ros2_ws/install/catchall_interfaces/local/lib/python3.10/dist-packages/catchall_interfaces/srv/__init__.py'...
[5.427s] Compiling '/home/varun/ros2_ws/install/catchall_interfaces/local/lib/python3.10/dist-packages/catchall_interfaces/srv/_catch_turtle.py'...
[5.430s] -- Installing: /home/varun/ros2_ws/install/catchall_interfaces/local/lib/python3.10/dist-packages/catchall_interfaces/catchall_interfaces_s__rosidl_typesupport_fastrtps_c.cpython-310-x86_64-linux-gnu.so
[5.432s] -- Set runtime path of "/home/varun/ros2_ws/install/catchall_interfaces/local/lib/python3.10/dist-packages/catchall_interfaces/catchall_interfaces_s__rosidl_typesupport_fastrtps_c.cpython-310-x86_64-linux-gnu.so" to ""
[5.432s] -- Installing: /home/varun/ros2_ws/install/catchall_interfaces/local/lib/python3.10/dist-packages/catchall_interfaces/catchall_interfaces_s__rosidl_typesupport_introspection_c.cpython-310-x86_64-linux-gnu.so
[5.434s] -- Set runtime path of "/home/varun/ros2_ws/install/catchall_interfaces/local/lib/python3.10/dist-packages/catchall_interfaces/catchall_interfaces_s__rosidl_typesupport_introspection_c.cpython-310-x86_64-linux-gnu.so" to ""
[5.434s] -- Installing: /home/varun/ros2_ws/install/catchall_interfaces/local/lib/python3.10/dist-packages/catchall_interfaces/catchall_interfaces_s__rosidl_typesupport_c.cpython-310-x86_64-linux-gnu.so
[5.436s] -- Set runtime path of "/home/varun/ros2_ws/install/catchall_interfaces/local/lib/python3.10/dist-packages/catchall_interfaces/catchall_interfaces_s__rosidl_typesupport_c.cpython-310-x86_64-linux-gnu.so" to ""
[5.436s] -- Installing: /home/varun/ros2_ws/install/catchall_interfaces/lib/libcatchall_interfaces__rosidl_generator_py.so
[5.438s] -- Set runtime path of "/home/varun/ros2_ws/install/catchall_interfaces/lib/libcatchall_interfaces__rosidl_generator_py.so" to ""
[5.438s] -- Installing: /home/varun/ros2_ws/install/catchall_interfaces/share/catchall_interfaces/msg/Turtle.idl
[5.438s] -- Installing: /home/varun/ros2_ws/install/catchall_interfaces/share/catchall_interfaces/msg/TurtleArray.idl
[5.438s] -- Installing: /home/varun/ros2_ws/install/catchall_interfaces/share/catchall_interfaces/srv/CatchTurtle.idl
[5.438s] -- Installing: /home/varun/ros2_ws/install/catchall_interfaces/share/catchall_interfaces/msg/Turtle.msg
[5.439s] -- Installing: /home/varun/ros2_ws/install/catchall_interfaces/share/catchall_interfaces/msg/TurtleArray.msg
[5.439s] -- Installing: /home/varun/ros2_ws/install/catchall_interfaces/share/catchall_interfaces/srv/CatchTurtle.srv
[5.439s] -- Installing: /home/varun/ros2_ws/install/catchall_interfaces/share/catchall_interfaces/srv/CatchTurtle_Request.msg
[5.440s] -- Installing: /home/varun/ros2_ws/install/catchall_interfaces/share/catchall_interfaces/srv/CatchTurtle_Response.msg
[5.440s] -- Installing: /home/varun/ros2_ws/install/catchall_interfaces/share/ament_index/resource_index/package_run_dependencies/catchall_interfaces
[5.440s] -- Installing: /home/varun/ros2_ws/install/catchall_interfaces/share/ament_index/resource_index/parent_prefix_path/catchall_interfaces
[5.440s] -- Installing: /home/varun/ros2_ws/install/catchall_interfaces/share/catchall_interfaces/environment/ament_prefix_path.sh
[5.440s] -- Installing: /home/varun/ros2_ws/install/catchall_interfaces/share/catchall_interfaces/environment/ament_prefix_path.dsv
[5.441s] -- Installing: /home/varun/ros2_ws/install/catchall_interfaces/share/catchall_interfaces/environment/path.sh
[5.441s] -- Installing: /home/varun/ros2_ws/install/catchall_interfaces/share/catchall_interfaces/environment/path.dsv
[5.442s] -- Installing: /home/varun/ros2_ws/install/catchall_interfaces/share/catchall_interfaces/local_setup.bash
[5.442s] -- Installing: /home/varun/ros2_ws/install/catchall_interfaces/share/catchall_interfaces/local_setup.sh
[5.443s] -- Installing: /home/varun/ros2_ws/install/catchall_interfaces/share/catchall_interfaces/local_setup.zsh
[5.445s] -- Installing: /home/varun/ros2_ws/install/catchall_interfaces/share/catchall_interfaces/local_setup.dsv
[5.445s] -- Installing: /home/varun/ros2_ws/install/catchall_interfaces/share/catchall_interfaces/package.dsv
[5.445s] -- Installing: /home/varun/ros2_ws/install/catchall_interfaces/share/ament_index/resource_index/packages/catchall_interfaces
[5.446s] -- Installing: /home/varun/ros2_ws/install/catchall_interfaces/share/catchall_interfaces/cmake/export_catchall_interfaces__rosidl_generator_cExport.cmake
[5.446s] -- Installing: /home/varun/ros2_ws/install/catchall_interfaces/share/catchall_interfaces/cmake/export_catchall_interfaces__rosidl_generator_cExport-noconfig.cmake
[5.446s] -- Installing: /home/varun/ros2_ws/install/catchall_interfaces/share/catchall_interfaces/cmake/export_catchall_interfaces__rosidl_typesupport_fastrtps_cExport.cmake
[5.447s] -- Installing: /home/varun/ros2_ws/install/catchall_interfaces/share/catchall_interfaces/cmake/export_catchall_interfaces__rosidl_typesupport_fastrtps_cExport-noconfig.cmake
[5.447s] -- Installing: /home/varun/ros2_ws/install/catchall_interfaces/share/catchall_interfaces/cmake/catchall_interfaces__rosidl_typesupport_introspection_cExport.cmake
[5.447s] -- Installing: /home/varun/ros2_ws/install/catchall_interfaces/share/catchall_interfaces/cmake/catchall_interfaces__rosidl_typesupport_introspection_cExport-noconfig.cmake
[5.447s] -- Installing: /home/varun/ros2_ws/install/catchall_interfaces/share/catchall_interfaces/cmake/catchall_interfaces__rosidl_typesupport_cExport.cmake
[5.448s] -- Installing: /home/varun/ros2_ws/install/catchall_interfaces/share/catchall_interfaces/cmake/catchall_interfaces__rosidl_typesupport_cExport-noconfig.cmake
[5.448s] -- Installing: /home/varun/ros2_ws/install/catchall_interfaces/share/catchall_interfaces/cmake/export_catchall_interfaces__rosidl_generator_cppExport.cmake
[5.448s] -- Installing: /home/varun/ros2_ws/install/catchall_interfaces/share/catchall_interfaces/cmake/export_catchall_interfaces__rosidl_typesupport_fastrtps_cppExport.cmake
[5.449s] -- Installing: /home/varun/ros2_ws/install/catchall_interfaces/share/catchall_interfaces/cmake/export_catchall_interfaces__rosidl_typesupport_fastrtps_cppExport-noconfig.cmake
[5.449s] -- Installing: /home/varun/ros2_ws/install/catchall_interfaces/share/catchall_interfaces/cmake/catchall_interfaces__rosidl_typesupport_introspection_cppExport.cmake
[5.450s] -- Installing: /home/varun/ros2_ws/install/catchall_interfaces/share/catchall_interfaces/cmake/catchall_interfaces__rosidl_typesupport_introspection_cppExport-noconfig.cmake
[5.450s] -- Installing: /home/varun/ros2_ws/install/catchall_interfaces/share/catchall_interfaces/cmake/catchall_interfaces__rosidl_typesupport_cppExport.cmake
[5.450s] -- Installing: /home/varun/ros2_ws/install/catchall_interfaces/share/catchall_interfaces/cmake/catchall_interfaces__rosidl_typesupport_cppExport-noconfig.cmake
[5.451s] -- Installing: /home/varun/ros2_ws/install/catchall_interfaces/share/catchall_interfaces/cmake/export_catchall_interfaces__rosidl_generator_pyExport.cmake
[5.451s] -- Installing: /home/varun/ros2_ws/install/catchall_interfaces/share/catchall_interfaces/cmake/export_catchall_interfaces__rosidl_generator_pyExport-noconfig.cmake
[5.451s] -- Installing: /home/varun/ros2_ws/install/catchall_interfaces/share/catchall_interfaces/cmake/rosidl_cmake-extras.cmake
[5.451s] -- Installing: /home/varun/ros2_ws/install/catchall_interfaces/share/catchall_interfaces/cmake/ament_cmake_export_dependencies-extras.cmake
[5.452s] -- Installing: /home/varun/ros2_ws/install/catchall_interfaces/share/catchall_interfaces/cmake/ament_cmake_export_include_directories-extras.cmake
[5.452s] -- Installing: /home/varun/ros2_ws/install/catchall_interfaces/share/catchall_interfaces/cmake/ament_cmake_export_libraries-extras.cmake
[5.453s] -- Installing: /home/varun/ros2_ws/install/catchall_interfaces/share/catchall_interfaces/cmake/ament_cmake_export_targets-extras.cmake
[5.453s] -- Installing: /home/varun/ros2_ws/install/catchall_interfaces/share/catchall_interfaces/cmake/rosidl_cmake_export_typesupport_targets-extras.cmake
[5.454s] -- Installing: /home/varun/ros2_ws/install/catchall_interfaces/share/catchall_interfaces/cmake/rosidl_cmake_export_typesupport_libraries-extras.cmake
[5.454s] -- Installing: /home/varun/ros2_ws/install/catchall_interfaces/share/catchall_interfaces/cmake/catchall_interfacesConfig.cmake
[5.454s] -- Installing: /home/varun/ros2_ws/install/catchall_interfaces/share/catchall_interfaces/cmake/catchall_interfacesConfig-version.cmake
[5.454s] -- Installing: /home/varun/ros2_ws/install/catchall_interfaces/share/catchall_interfaces/package.xml
[5.462s] Invoked command in '/home/varun/ros2_ws/build/catchall_interfaces' returned '0': CMAKE_PREFIX_PATH=${CMAKE_PREFIX_PATH}:/home/varun/ros2_ws/install/my_py_pkg:/home/varun/ros2_ws/install/catchall_py_pkg:/opt/ros/humble /usr/bin/cmake --install /home/varun/ros2_ws/build/catchall_interfaces
