[0.094s] DEBUG:colcon:Command line arguments: ['/usr/bin/colcon', 'build']
[0.095s] DEBUG:colcon:Parsed command line arguments: Namespace(log_base=None, log_level=None, verb_name='build', build_base='build', install_base='install', merge_install=False, symlink_install=False, test_result_base=None, continue_on_error=False, executor='parallel', parallel_workers=24, event_handlers=None, ignore_user_meta=False, metas=['./colcon.meta'], base_paths=['.'], packages_ignore=None, packages_ignore_regex=None, paths=None, packages_up_to=None, packages_up_to_regex=None, packages_above=None, packages_above_and_dependencies=None, packages_above_depth=None, packages_select_by_dep=None, packages_skip_by_dep=None, packages_skip_up_to=None, packages_select_build_failed=False, packages_skip_build_finished=False, packages_select_test_failures=False, packages_skip_test_passed=False, packages_select=None, packages_skip=None, packages_select_regex=None, packages_skip_regex=None, packages_start=None, packages_end=None, allow_overriding=[], cmake_args=None, cmake_target=None, cmake_target_skip_unavailable=False, cmake_clean_cache=False, cmake_clean_first=False, cmake_force_configure=False, ament_cmake_args=None, catkin_cmake_args=None, catkin_skip_building_tests=False, verb_parser=<colcon_defaults.argument_parser.defaults.DefaultArgumentsDecorator object at 0x74846e938fa0>, verb_extension=<colcon_core.verb.build.BuildVerb object at 0x74846eaa2860>, main=<bound method BuildVerb.main of <colcon_core.verb.build.BuildVerb object at 0x74846eaa2860>>)
[0.265s] Level 1:colcon.colcon_core.package_discovery:discover_packages(colcon_meta) check parameters
[0.265s] Level 1:colcon.colcon_core.package_discovery:discover_packages(recursive) check parameters
[0.265s] Level 1:colcon.colcon_core.package_discovery:discover_packages(ignore) check parameters
[0.265s] Level 1:colcon.colcon_core.package_discovery:discover_packages(path) check parameters
[0.265s] Level 1:colcon.colcon_core.package_discovery:discover_packages(colcon_meta) discover
[0.266s] Level 1:colcon.colcon_core.package_discovery:discover_packages(recursive) discover
[0.266s] INFO:colcon.colcon_core.package_discovery:Crawling recursively for packages in '/home/varun/ros2_ws'
[0.266s] Level 1:colcon.colcon_core.package_identification:_identify(.) by extensions ['ignore', 'ignore_ament_install']
[0.266s] Level 1:colcon.colcon_core.package_identification:_identify(.) by extension 'ignore'
[0.266s] Level 1:colcon.colcon_core.package_identification:_identify(.) by extension 'ignore_ament_install'
[0.266s] Level 1:colcon.colcon_core.package_identification:_identify(.) by extensions ['colcon_pkg']
[0.266s] Level 1:colcon.colcon_core.package_identification:_identify(.) by extension 'colcon_pkg'
[0.266s] Level 1:colcon.colcon_core.package_identification:_identify(.) by extensions ['colcon_meta']
[0.266s] Level 1:colcon.colcon_core.package_identification:_identify(.) by extension 'colcon_meta'
[0.266s] Level 1:colcon.colcon_core.package_identification:_identify(.) by extensions ['ros']
[0.266s] Level 1:colcon.colcon_core.package_identification:_identify(.) by extension 'ros'
[0.275s] Level 1:colcon.colcon_core.package_identification:_identify(.) by extensions ['cmake', 'python']
[0.275s] Level 1:colcon.colcon_core.package_identification:_identify(.) by extension 'cmake'
[0.275s] Level 1:colcon.colcon_core.package_identification:_identify(.) by extension 'python'
[0.275s] Level 1:colcon.colcon_core.package_identification:_identify(.) by extensions ['python_setup_py']
[0.275s] Level 1:colcon.colcon_core.package_identification:_identify(.) by extension 'python_setup_py'
[0.275s] Level 1:colcon.colcon_core.package_identification:_identify(build) by extensions ['ignore', 'ignore_ament_install']
[0.275s] Level 1:colcon.colcon_core.package_identification:_identify(build) by extension 'ignore'
[0.275s] Level 1:colcon.colcon_core.package_identification:_identify(build) ignored
[0.275s] Level 1:colcon.colcon_core.package_identification:_identify(install) by extensions ['ignore', 'ignore_ament_install']
[0.275s] Level 1:colcon.colcon_core.package_identification:_identify(install) by extension 'ignore'
[0.275s] Level 1:colcon.colcon_core.package_identification:_identify(install) ignored
[0.276s] Level 1:colcon.colcon_core.package_identification:_identify(log) by extensions ['ignore', 'ignore_ament_install']
[0.276s] Level 1:colcon.colcon_core.package_identification:_identify(log) by extension 'ignore'
[0.276s] Level 1:colcon.colcon_core.package_identification:_identify(log) ignored
[0.276s] Level 1:colcon.colcon_core.package_identification:_identify(src) by extensions ['ignore', 'ignore_ament_install']
[0.276s] Level 1:colcon.colcon_core.package_identification:_identify(src) by extension 'ignore'
[0.276s] Level 1:colcon.colcon_core.package_identification:_identify(src) by extension 'ignore_ament_install'
[0.276s] Level 1:colcon.colcon_core.package_identification:_identify(src) by extensions ['colcon_pkg']
[0.276s] Level 1:colcon.colcon_core.package_identification:_identify(src) by extension 'colcon_pkg'
[0.276s] Level 1:colcon.colcon_core.package_identification:_identify(src) by extensions ['colcon_meta']
[0.276s] Level 1:colcon.colcon_core.package_identification:_identify(src) by extension 'colcon_meta'
[0.276s] Level 1:colcon.colcon_core.package_identification:_identify(src) by extensions ['ros']
[0.276s] Level 1:colcon.colcon_core.package_identification:_identify(src) by extension 'ros'
[0.276s] Level 1:colcon.colcon_core.package_identification:_identify(src) by extensions ['cmake', 'python']
[0.276s] Level 1:colcon.colcon_core.package_identification:_identify(src) by extension 'cmake'
[0.276s] Level 1:colcon.colcon_core.package_identification:_identify(src) by extension 'python'
[0.276s] Level 1:colcon.colcon_core.package_identification:_identify(src) by extensions ['python_setup_py']
[0.276s] Level 1:colcon.colcon_core.package_identification:_identify(src) by extension 'python_setup_py'
[0.276s] Level 1:colcon.colcon_core.package_identification:_identify(src/catchall_interfaces) by extensions ['ignore', 'ignore_ament_install']
[0.277s] Level 1:colcon.colcon_core.package_identification:_identify(src/catchall_interfaces) by extension 'ignore'
[0.277s] Level 1:colcon.colcon_core.package_identification:_identify(src/catchall_interfaces) by extension 'ignore_ament_install'
[0.277s] Level 1:colcon.colcon_core.package_identification:_identify(src/catchall_interfaces) by extensions ['colcon_pkg']
[0.277s] Level 1:colcon.colcon_core.package_identification:_identify(src/catchall_interfaces) by extension 'colcon_pkg'
[0.277s] Level 1:colcon.colcon_core.package_identification:_identify(src/catchall_interfaces) by extensions ['colcon_meta']
[0.277s] Level 1:colcon.colcon_core.package_identification:_identify(src/catchall_interfaces) by extension 'colcon_meta'
[0.277s] Level 1:colcon.colcon_core.package_identification:_identify(src/catchall_interfaces) by extensions ['ros']
[0.277s] Level 1:colcon.colcon_core.package_identification:_identify(src/catchall_interfaces) by extension 'ros'
[0.279s] DEBUG:colcon.colcon_core.package_identification:Package 'src/catchall_interfaces' with type 'ros.ament_cmake' and name 'catchall_interfaces'
[0.279s] Level 1:colcon.colcon_core.package_identification:_identify(src/catchall_py_pkg) by extensions ['ignore', 'ignore_ament_install']
[0.279s] Level 1:colcon.colcon_core.package_identification:_identify(src/catchall_py_pkg) by extension 'ignore'
[0.279s] Level 1:colcon.colcon_core.package_identification:_identify(src/catchall_py_pkg) by extension 'ignore_ament_install'
[0.279s] Level 1:colcon.colcon_core.package_identification:_identify(src/catchall_py_pkg) by extensions ['colcon_pkg']
[0.279s] Level 1:colcon.colcon_core.package_identification:_identify(src/catchall_py_pkg) by extension 'colcon_pkg'
[0.279s] Level 1:colcon.colcon_core.package_identification:_identify(src/catchall_py_pkg) by extensions ['colcon_meta']
[0.279s] Level 1:colcon.colcon_core.package_identification:_identify(src/catchall_py_pkg) by extension 'colcon_meta'
[0.279s] Level 1:colcon.colcon_core.package_identification:_identify(src/catchall_py_pkg) by extensions ['ros']
[0.279s] Level 1:colcon.colcon_core.package_identification:_identify(src/catchall_py_pkg) by extension 'ros'
[0.280s] DEBUG:colcon.colcon_core.package_identification:Package 'src/catchall_py_pkg' with type 'ros.ament_python' and name 'catchall_py_pkg'
[0.280s] Level 1:colcon.colcon_core.package_identification:_identify(src/my_py_pkg) by extensions ['ignore', 'ignore_ament_install']
[0.280s] Level 1:colcon.colcon_core.package_identification:_identify(src/my_py_pkg) by extension 'ignore'
[0.280s] Level 1:colcon.colcon_core.package_identification:_identify(src/my_py_pkg) by extension 'ignore_ament_install'
[0.280s] Level 1:colcon.colcon_core.package_identification:_identify(src/my_py_pkg) by extensions ['colcon_pkg']
[0.280s] Level 1:colcon.colcon_core.package_identification:_identify(src/my_py_pkg) by extension 'colcon_pkg'
[0.280s] Level 1:colcon.colcon_core.package_identification:_identify(src/my_py_pkg) by extensions ['colcon_meta']
[0.280s] Level 1:colcon.colcon_core.package_identification:_identify(src/my_py_pkg) by extension 'colcon_meta'
[0.280s] Level 1:colcon.colcon_core.package_identification:_identify(src/my_py_pkg) by extensions ['ros']
[0.280s] Level 1:colcon.colcon_core.package_identification:_identify(src/my_py_pkg) by extension 'ros'
[0.281s] DEBUG:colcon.colcon_core.package_identification:Package 'src/my_py_pkg' with type 'ros.ament_python' and name 'my_py_pkg'
[0.281s] Level 1:colcon.colcon_core.package_identification:_identify(src/my_robot_bringup) by extensions ['ignore', 'ignore_ament_install']
[0.281s] Level 1:colcon.colcon_core.package_identification:_identify(src/my_robot_bringup) by extension 'ignore'
[0.281s] Level 1:colcon.colcon_core.package_identification:_identify(src/my_robot_bringup) by extension 'ignore_ament_install'
[0.281s] Level 1:colcon.colcon_core.package_identification:_identify(src/my_robot_bringup) by extensions ['colcon_pkg']
[0.281s] Level 1:colcon.colcon_core.package_identification:_identify(src/my_robot_bringup) by extension 'colcon_pkg'
[0.281s] Level 1:colcon.colcon_core.package_identification:_identify(src/my_robot_bringup) by extensions ['colcon_meta']
[0.281s] Level 1:colcon.colcon_core.package_identification:_identify(src/my_robot_bringup) by extension 'colcon_meta'
[0.281s] Level 1:colcon.colcon_core.package_identification:_identify(src/my_robot_bringup) by extensions ['ros']
[0.281s] Level 1:colcon.colcon_core.package_identification:_identify(src/my_robot_bringup) by extension 'ros'
[0.282s] DEBUG:colcon.colcon_core.package_identification:Package 'src/my_robot_bringup' with type 'ros.ament_cmake' and name 'my_robot_bringup'
[0.282s] Level 1:colcon.colcon_core.package_identification:_identify(src/my_robot_interfaces) by extensions ['ignore', 'ignore_ament_install']
[0.282s] Level 1:colcon.colcon_core.package_identification:_identify(src/my_robot_interfaces) by extension 'ignore'
[0.282s] Level 1:colcon.colcon_core.package_identification:_identify(src/my_robot_interfaces) by extension 'ignore_ament_install'
[0.282s] Level 1:colcon.colcon_core.package_identification:_identify(src/my_robot_interfaces) by extensions ['colcon_pkg']
[0.282s] Level 1:colcon.colcon_core.package_identification:_identify(src/my_robot_interfaces) by extension 'colcon_pkg'
[0.282s] Level 1:colcon.colcon_core.package_identification:_identify(src/my_robot_interfaces) by extensions ['colcon_meta']
[0.282s] Level 1:colcon.colcon_core.package_identification:_identify(src/my_robot_interfaces) by extension 'colcon_meta'
[0.282s] Level 1:colcon.colcon_core.package_identification:_identify(src/my_robot_interfaces) by extensions ['ros']
[0.282s] Level 1:colcon.colcon_core.package_identification:_identify(src/my_robot_interfaces) by extension 'ros'
[0.283s] DEBUG:colcon.colcon_core.package_identification:Package 'src/my_robot_interfaces' with type 'ros.ament_cmake' and name 'my_robot_interfaces'
[0.283s] Level 1:colcon.colcon_core.package_identification:_identify(src/sensor_preprocessing) by extensions ['ignore', 'ignore_ament_install']
[0.283s] Level 1:colcon.colcon_core.package_identification:_identify(src/sensor_preprocessing) by extension 'ignore'
[0.283s] Level 1:colcon.colcon_core.package_identification:_identify(src/sensor_preprocessing) by extension 'ignore_ament_install'
[0.283s] Level 1:colcon.colcon_core.package_identification:_identify(src/sensor_preprocessing) by extensions ['colcon_pkg']
[0.283s] Level 1:colcon.colcon_core.package_identification:_identify(src/sensor_preprocessing) by extension 'colcon_pkg'
[0.283s] Level 1:colcon.colcon_core.package_identification:_identify(src/sensor_preprocessing) by extensions ['colcon_meta']
[0.283s] Level 1:colcon.colcon_core.package_identification:_identify(src/sensor_preprocessing) by extension 'colcon_meta'
[0.283s] Level 1:colcon.colcon_core.package_identification:_identify(src/sensor_preprocessing) by extensions ['ros']
[0.283s] Level 1:colcon.colcon_core.package_identification:_identify(src/sensor_preprocessing) by extension 'ros'
[0.288s] DEBUG:colcon.colcon_core.package_identification:Package 'src/sensor_preprocessing' with type 'ros.ament_python' and name 'sensor_preprocessing'
[0.288s] Level 1:colcon.colcon_core.package_discovery:discover_packages(recursive) using defaults
[0.288s] Level 1:colcon.colcon_core.package_discovery:discover_packages(ignore) discover
[0.288s] Level 1:colcon.colcon_core.package_discovery:discover_packages(ignore) using defaults
[0.288s] Level 1:colcon.colcon_core.package_discovery:discover_packages(path) discover
[0.288s] Level 1:colcon.colcon_core.package_discovery:discover_packages(path) using defaults
[0.304s] Level 1:colcon.colcon_core.package_discovery:discover_packages(prefix_path) check parameters
[0.304s] Level 1:colcon.colcon_core.package_discovery:discover_packages(prefix_path) discover
[0.306s] DEBUG:colcon.colcon_installed_package_information.package_discovery:Found 6 installed packages in /home/varun/ros2_ws/install
[0.309s] DEBUG:colcon.colcon_installed_package_information.package_discovery:Found 340 installed packages in /opt/ros/humble
[0.310s] Level 1:colcon.colcon_core.package_discovery:discover_packages(prefix_path) using defaults
[0.352s] Level 5:colcon.colcon_core.verb:set package 'catchall_interfaces' build argument 'cmake_args' from command line to 'None'
[0.352s] Level 5:colcon.colcon_core.verb:set package 'catchall_interfaces' build argument 'cmake_target' from command line to 'None'
[0.352s] Level 5:colcon.colcon_core.verb:set package 'catchall_interfaces' build argument 'cmake_target_skip_unavailable' from command line to 'False'
[0.352s] Level 5:colcon.colcon_core.verb:set package 'catchall_interfaces' build argument 'cmake_clean_cache' from command line to 'False'
[0.352s] Level 5:colcon.colcon_core.verb:set package 'catchall_interfaces' build argument 'cmake_clean_first' from command line to 'False'
[0.352s] Level 5:colcon.colcon_core.verb:set package 'catchall_interfaces' build argument 'cmake_force_configure' from command line to 'False'
[0.352s] Level 5:colcon.colcon_core.verb:set package 'catchall_interfaces' build argument 'ament_cmake_args' from command line to 'None'
[0.352s] Level 5:colcon.colcon_core.verb:set package 'catchall_interfaces' build argument 'catkin_cmake_args' from command line to 'None'
[0.352s] Level 5:colcon.colcon_core.verb:set package 'catchall_interfaces' build argument 'catkin_skip_building_tests' from command line to 'False'
[0.352s] DEBUG:colcon.colcon_core.verb:Building package 'catchall_interfaces' with the following arguments: {'ament_cmake_args': None, 'build_base': '/home/varun/ros2_ws/build/catchall_interfaces', 'catkin_cmake_args': None, 'catkin_skip_building_tests': False, 'cmake_args': None, 'cmake_clean_cache': False, 'cmake_clean_first': False, 'cmake_force_configure': False, 'cmake_target': None, 'cmake_target_skip_unavailable': False, 'install_base': '/home/varun/ros2_ws/install/catchall_interfaces', 'merge_install': False, 'path': '/home/varun/ros2_ws/src/catchall_interfaces', 'symlink_install': False, 'test_result_base': None}
[0.352s] Level 5:colcon.colcon_core.verb:set package 'my_py_pkg' build argument 'cmake_args' from command line to 'None'
[0.352s] Level 5:colcon.colcon_core.verb:set package 'my_py_pkg' build argument 'cmake_target' from command line to 'None'
[0.352s] Level 5:colcon.colcon_core.verb:set package 'my_py_pkg' build argument 'cmake_target_skip_unavailable' from command line to 'False'
[0.352s] Level 5:colcon.colcon_core.verb:set package 'my_py_pkg' build argument 'cmake_clean_cache' from command line to 'False'
[0.352s] Level 5:colcon.colcon_core.verb:set package 'my_py_pkg' build argument 'cmake_clean_first' from command line to 'False'
[0.353s] Level 5:colcon.colcon_core.verb:set package 'my_py_pkg' build argument 'cmake_force_configure' from command line to 'False'
[0.353s] Level 5:colcon.colcon_core.verb:set package 'my_py_pkg' build argument 'ament_cmake_args' from command line to 'None'
[0.353s] Level 5:colcon.colcon_core.verb:set package 'my_py_pkg' build argument 'catkin_cmake_args' from command line to 'None'
[0.353s] Level 5:colcon.colcon_core.verb:set package 'my_py_pkg' build argument 'catkin_skip_building_tests' from command line to 'False'
[0.353s] DEBUG:colcon.colcon_core.verb:Building package 'my_py_pkg' with the following arguments: {'ament_cmake_args': None, 'build_base': '/home/varun/ros2_ws/build/my_py_pkg', 'catkin_cmake_args': None, 'catkin_skip_building_tests': False, 'cmake_args': None, 'cmake_clean_cache': False, 'cmake_clean_first': False, 'cmake_force_configure': False, 'cmake_target': None, 'cmake_target_skip_unavailable': False, 'install_base': '/home/varun/ros2_ws/install/my_py_pkg', 'merge_install': False, 'path': '/home/varun/ros2_ws/src/my_py_pkg', 'symlink_install': False, 'test_result_base': None}
[0.353s] Level 5:colcon.colcon_core.verb:set package 'my_robot_interfaces' build argument 'cmake_args' from command line to 'None'
[0.353s] Level 5:colcon.colcon_core.verb:set package 'my_robot_interfaces' build argument 'cmake_target' from command line to 'None'
[0.353s] Level 5:colcon.colcon_core.verb:set package 'my_robot_interfaces' build argument 'cmake_target_skip_unavailable' from command line to 'False'
[0.353s] Level 5:colcon.colcon_core.verb:set package 'my_robot_interfaces' build argument 'cmake_clean_cache' from command line to 'False'
[0.353s] Level 5:colcon.colcon_core.verb:set package 'my_robot_interfaces' build argument 'cmake_clean_first' from command line to 'False'
[0.353s] Level 5:colcon.colcon_core.verb:set package 'my_robot_interfaces' build argument 'cmake_force_configure' from command line to 'False'
[0.353s] Level 5:colcon.colcon_core.verb:set package 'my_robot_interfaces' build argument 'ament_cmake_args' from command line to 'None'
[0.353s] Level 5:colcon.colcon_core.verb:set package 'my_robot_interfaces' build argument 'catkin_cmake_args' from command line to 'None'
[0.353s] Level 5:colcon.colcon_core.verb:set package 'my_robot_interfaces' build argument 'catkin_skip_building_tests' from command line to 'False'
[0.353s] DEBUG:colcon.colcon_core.verb:Building package 'my_robot_interfaces' with the following arguments: {'ament_cmake_args': None, 'build_base': '/home/varun/ros2_ws/build/my_robot_interfaces', 'catkin_cmake_args': None, 'catkin_skip_building_tests': False, 'cmake_args': None, 'cmake_clean_cache': False, 'cmake_clean_first': False, 'cmake_force_configure': False, 'cmake_target': None, 'cmake_target_skip_unavailable': False, 'install_base': '/home/varun/ros2_ws/install/my_robot_interfaces', 'merge_install': False, 'path': '/home/varun/ros2_ws/src/my_robot_interfaces', 'symlink_install': False, 'test_result_base': None}
[0.353s] Level 5:colcon.colcon_core.verb:set package 'sensor_preprocessing' build argument 'cmake_args' from command line to 'None'
[0.353s] Level 5:colcon.colcon_core.verb:set package 'sensor_preprocessing' build argument 'cmake_target' from command line to 'None'
[0.353s] Level 5:colcon.colcon_core.verb:set package 'sensor_preprocessing' build argument 'cmake_target_skip_unavailable' from command line to 'False'
[0.353s] Level 5:colcon.colcon_core.verb:set package 'sensor_preprocessing' build argument 'cmake_clean_cache' from command line to 'False'
[0.354s] Level 5:colcon.colcon_core.verb:set package 'sensor_preprocessing' build argument 'cmake_clean_first' from command line to 'False'
[0.354s] Level 5:colcon.colcon_core.verb:set package 'sensor_preprocessing' build argument 'cmake_force_configure' from command line to 'False'
[0.354s] Level 5:colcon.colcon_core.verb:set package 'sensor_preprocessing' build argument 'ament_cmake_args' from command line to 'None'
[0.354s] Level 5:colcon.colcon_core.verb:set package 'sensor_preprocessing' build argument 'catkin_cmake_args' from command line to 'None'
[0.354s] Level 5:colcon.colcon_core.verb:set package 'sensor_preprocessing' build argument 'catkin_skip_building_tests' from command line to 'False'
[0.354s] DEBUG:colcon.colcon_core.verb:Building package 'sensor_preprocessing' with the following arguments: {'ament_cmake_args': None, 'build_base': '/home/varun/ros2_ws/build/sensor_preprocessing', 'catkin_cmake_args': None, 'catkin_skip_building_tests': False, 'cmake_args': None, 'cmake_clean_cache': False, 'cmake_clean_first': False, 'cmake_force_configure': False, 'cmake_target': None, 'cmake_target_skip_unavailable': False, 'install_base': '/home/varun/ros2_ws/install/sensor_preprocessing', 'merge_install': False, 'path': '/home/varun/ros2_ws/src/sensor_preprocessing', 'symlink_install': False, 'test_result_base': None}
[0.354s] Level 5:colcon.colcon_core.verb:set package 'catchall_py_pkg' build argument 'cmake_args' from command line to 'None'
[0.354s] Level 5:colcon.colcon_core.verb:set package 'catchall_py_pkg' build argument 'cmake_target' from command line to 'None'
[0.354s] Level 5:colcon.colcon_core.verb:set package 'catchall_py_pkg' build argument 'cmake_target_skip_unavailable' from command line to 'False'
[0.354s] Level 5:colcon.colcon_core.verb:set package 'catchall_py_pkg' build argument 'cmake_clean_cache' from command line to 'False'
[0.354s] Level 5:colcon.colcon_core.verb:set package 'catchall_py_pkg' build argument 'cmake_clean_first' from command line to 'False'
[0.354s] Level 5:colcon.colcon_core.verb:set package 'catchall_py_pkg' build argument 'cmake_force_configure' from command line to 'False'
[0.354s] Level 5:colcon.colcon_core.verb:set package 'catchall_py_pkg' build argument 'ament_cmake_args' from command line to 'None'
[0.354s] Level 5:colcon.colcon_core.verb:set package 'catchall_py_pkg' build argument 'catkin_cmake_args' from command line to 'None'
[0.354s] Level 5:colcon.colcon_core.verb:set package 'catchall_py_pkg' build argument 'catkin_skip_building_tests' from command line to 'False'
[0.354s] DEBUG:colcon.colcon_core.verb:Building package 'catchall_py_pkg' with the following arguments: {'ament_cmake_args': None, 'build_base': '/home/varun/ros2_ws/build/catchall_py_pkg', 'catkin_cmake_args': None, 'catkin_skip_building_tests': False, 'cmake_args': None, 'cmake_clean_cache': False, 'cmake_clean_first': False, 'cmake_force_configure': False, 'cmake_target': None, 'cmake_target_skip_unavailable': False, 'install_base': '/home/varun/ros2_ws/install/catchall_py_pkg', 'merge_install': False, 'path': '/home/varun/ros2_ws/src/catchall_py_pkg', 'symlink_install': False, 'test_result_base': None}
[0.354s] Level 5:colcon.colcon_core.verb:set package 'my_robot_bringup' build argument 'cmake_args' from command line to 'None'
[0.354s] Level 5:colcon.colcon_core.verb:set package 'my_robot_bringup' build argument 'cmake_target' from command line to 'None'
[0.354s] Level 5:colcon.colcon_core.verb:set package 'my_robot_bringup' build argument 'cmake_target_skip_unavailable' from command line to 'False'
[0.354s] Level 5:colcon.colcon_core.verb:set package 'my_robot_bringup' build argument 'cmake_clean_cache' from command line to 'False'
[0.355s] Level 5:colcon.colcon_core.verb:set package 'my_robot_bringup' build argument 'cmake_clean_first' from command line to 'False'
[0.355s] Level 5:colcon.colcon_core.verb:set package 'my_robot_bringup' build argument 'cmake_force_configure' from command line to 'False'
[0.355s] Level 5:colcon.colcon_core.verb:set package 'my_robot_bringup' build argument 'ament_cmake_args' from command line to 'None'
[0.355s] Level 5:colcon.colcon_core.verb:set package 'my_robot_bringup' build argument 'catkin_cmake_args' from command line to 'None'
[0.355s] Level 5:colcon.colcon_core.verb:set package 'my_robot_bringup' build argument 'catkin_skip_building_tests' from command line to 'False'
[0.355s] DEBUG:colcon.colcon_core.verb:Building package 'my_robot_bringup' with the following arguments: {'ament_cmake_args': None, 'build_base': '/home/varun/ros2_ws/build/my_robot_bringup', 'catkin_cmake_args': None, 'catkin_skip_building_tests': False, 'cmake_args': None, 'cmake_clean_cache': False, 'cmake_clean_first': False, 'cmake_force_configure': False, 'cmake_target': None, 'cmake_target_skip_unavailable': False, 'install_base': '/home/varun/ros2_ws/install/my_robot_bringup', 'merge_install': False, 'path': '/home/varun/ros2_ws/src/my_robot_bringup', 'symlink_install': False, 'test_result_base': None}
[0.355s] INFO:colcon.colcon_core.executor:Executing jobs using 'parallel' executor
[0.356s] DEBUG:colcon.colcon_parallel_executor.executor.parallel:run_until_complete
[0.356s] INFO:colcon.colcon_ros.task.ament_cmake.build:Building ROS package in '/home/varun/ros2_ws/src/catchall_interfaces' with build type 'ament_cmake'
[0.356s] INFO:colcon.colcon_cmake.task.cmake.build:Building CMake package in '/home/varun/ros2_ws/src/catchall_interfaces'
[0.359s] INFO:colcon.colcon_core.plugin_system:Skipping extension 'colcon_core.shell.bat': Not used on non-Windows systems
[0.359s] INFO:colcon.colcon_core.shell:Skip shell extension 'powershell' for command environment: Not usable outside of PowerShell
[0.359s] DEBUG:colcon.colcon_core.shell:Skip shell extension 'dsv' for command environment
[0.365s] INFO:colcon.colcon_ros.task.ament_python.build:Building ROS package in '/home/varun/ros2_ws/src/my_py_pkg' with build type 'ament_python'
[0.365s] Level 1:colcon.colcon_core.shell:create_environment_hook('my_py_pkg', 'ament_prefix_path')
[0.365s] INFO:colcon.colcon_core.shell:Creating environment hook '/home/varun/ros2_ws/install/my_py_pkg/share/my_py_pkg/hook/ament_prefix_path.ps1'
[0.366s] INFO:colcon.colcon_core.shell:Creating environment descriptor '/home/varun/ros2_ws/install/my_py_pkg/share/my_py_pkg/hook/ament_prefix_path.dsv'
[0.367s] INFO:colcon.colcon_core.shell:Creating environment hook '/home/varun/ros2_ws/install/my_py_pkg/share/my_py_pkg/hook/ament_prefix_path.sh'
[0.367s] INFO:colcon.colcon_core.shell:Skip shell extension 'powershell' for command environment: Not usable outside of PowerShell
[0.367s] DEBUG:colcon.colcon_core.shell:Skip shell extension 'dsv' for command environment
[0.373s] INFO:colcon.colcon_ros.task.ament_cmake.build:Building ROS package in '/home/varun/ros2_ws/src/my_robot_interfaces' with build type 'ament_cmake'
[0.373s] INFO:colcon.colcon_cmake.task.cmake.build:Building CMake package in '/home/varun/ros2_ws/src/my_robot_interfaces'
[0.373s] INFO:colcon.colcon_core.shell:Skip shell extension 'powershell' for command environment: Not usable outside of PowerShell
[0.373s] DEBUG:colcon.colcon_core.shell:Skip shell extension 'dsv' for command environment
[0.380s] INFO:colcon.colcon_ros.task.ament_python.build:Building ROS package in '/home/varun/ros2_ws/src/sensor_preprocessing' with build type 'ament_python'
[0.380s] Level 1:colcon.colcon_core.shell:create_environment_hook('sensor_preprocessing', 'ament_prefix_path')
[0.380s] INFO:colcon.colcon_core.shell:Creating environment hook '/home/varun/ros2_ws/install/sensor_preprocessing/share/sensor_preprocessing/hook/ament_prefix_path.ps1'
[0.381s] INFO:colcon.colcon_core.shell:Creating environment descriptor '/home/varun/ros2_ws/install/sensor_preprocessing/share/sensor_preprocessing/hook/ament_prefix_path.dsv'
[0.381s] INFO:colcon.colcon_core.shell:Creating environment hook '/home/varun/ros2_ws/install/sensor_preprocessing/share/sensor_preprocessing/hook/ament_prefix_path.sh'
[0.382s] INFO:colcon.colcon_core.shell:Skip shell extension 'powershell' for command environment: Not usable outside of PowerShell
[0.382s] DEBUG:colcon.colcon_core.shell:Skip shell extension 'dsv' for command environment
[0.395s] DEBUG:colcon.colcon_core.event_handler.log_command:Invoking command in '/home/varun/ros2_ws/build/catchall_interfaces': CMAKE_PREFIX_PATH=${CMAKE_PREFIX_PATH}:/home/varun/ros2_ws/install/sensor_preprocessing:/home/varun/ros2_ws/install/my_py_pkg:/home/varun/ros2_ws/install/catchall_py_pkg:/opt/ros/humble /usr/bin/cmake --build /home/varun/ros2_ws/build/catchall_interfaces -- -j24 -l24
[0.686s] INFO:colcon.colcon_core.task.python.build:Building Python package in '/home/varun/ros2_ws/src/my_py_pkg'
[0.686s] INFO:colcon.colcon_core.shell:Skip shell extension 'powershell' for command environment: Not usable outside of PowerShell
[0.686s] DEBUG:colcon.colcon_core.shell:Skip shell extension 'dsv' for command environment
[0.699s] DEBUG:colcon.colcon_core.event_handler.log_command:Invoking command in '/home/varun/ros2_ws/build/my_robot_interfaces': CMAKE_PREFIX_PATH=${CMAKE_PREFIX_PATH}:/home/varun/ros2_ws/install/sensor_preprocessing:/home/varun/ros2_ws/install/my_py_pkg:/home/varun/ros2_ws/install/catchall_py_pkg:/opt/ros/humble /usr/bin/cmake --build /home/varun/ros2_ws/build/my_robot_interfaces -- -j24 -l24
[1.000s] INFO:colcon.colcon_core.task.python.build:Building Python package in '/home/varun/ros2_ws/src/sensor_preprocessing'
[1.000s] INFO:colcon.colcon_core.shell:Skip shell extension 'powershell' for command environment: Not usable outside of PowerShell
[1.000s] DEBUG:colcon.colcon_core.shell:Skip shell extension 'dsv' for command environment
[1.017s] DEBUG:colcon.colcon_core.event_handler.log_command:Invoked command in '/home/varun/ros2_ws/build/catchall_interfaces' returned '0': CMAKE_PREFIX_PATH=${CMAKE_PREFIX_PATH}:/home/varun/ros2_ws/install/sensor_preprocessing:/home/varun/ros2_ws/install/my_py_pkg:/home/varun/ros2_ws/install/catchall_py_pkg:/opt/ros/humble /usr/bin/cmake --build /home/varun/ros2_ws/build/catchall_interfaces -- -j24 -l24
[1.249s] DEBUG:colcon.colcon_core.event_handler.log_command:Invoked command in '/home/varun/ros2_ws/build/my_robot_interfaces' returned '0': CMAKE_PREFIX_PATH=${CMAKE_PREFIX_PATH}:/home/varun/ros2_ws/install/sensor_preprocessing:/home/varun/ros2_ws/install/my_py_pkg:/home/varun/ros2_ws/install/catchall_py_pkg:/opt/ros/humble /usr/bin/cmake --build /home/varun/ros2_ws/build/my_robot_interfaces -- -j24 -l24
[1.400s] DEBUG:colcon.colcon_core.event_handler.log_command:Invoking command in '/home/varun/ros2_ws/build/catchall_interfaces': CMAKE_PREFIX_PATH=${CMAKE_PREFIX_PATH}:/home/varun/ros2_ws/install/sensor_preprocessing:/home/varun/ros2_ws/install/my_py_pkg:/home/varun/ros2_ws/install/catchall_py_pkg:/opt/ros/humble /usr/bin/cmake --install /home/varun/ros2_ws/build/catchall_interfaces
[1.414s] DEBUG:colcon.colcon_core.event_handler.log_command:Invoking command in '/home/varun/ros2_ws/src/sensor_preprocessing': PYTHONPATH=/home/varun/ros2_ws/build/sensor_preprocessing/prefix_override:/usr/lib/python3/dist-packages/colcon_core/task/python/colcon_distutils_commands:/home/varun/ros2_ws/install/sensor_preprocessing/lib/python3.10/site-packages:${PYTHONPATH} /usr/bin/python3 -W ignore:setup.py install is deprecated setup.py egg_info --egg-base ../../build/sensor_preprocessing build --build-base /home/varun/ros2_ws/build/sensor_preprocessing/build install --record /home/varun/ros2_ws/build/sensor_preprocessing/install.log --single-version-externally-managed install_data
[1.435s] DEBUG:colcon.colcon_core.event_handler.log_command:Invoking command in '/home/varun/ros2_ws/src/my_py_pkg': PYTHONPATH=/home/varun/ros2_ws/build/my_py_pkg/prefix_override:/usr/lib/python3/dist-packages/colcon_core/task/python/colcon_distutils_commands:/home/varun/ros2_ws/install/my_py_pkg/lib/python3.10/site-packages:${PYTHONPATH} /usr/bin/python3 -W ignore:setup.py install is deprecated setup.py egg_info --egg-base ../../build/my_py_pkg build --build-base /home/varun/ros2_ws/build/my_py_pkg/build install --record /home/varun/ros2_ws/build/my_py_pkg/install.log --single-version-externally-managed install_data
[1.451s] DEBUG:colcon.colcon_core.event_handler.log_command:Invoking command in '/home/varun/ros2_ws/build/my_robot_interfaces': CMAKE_PREFIX_PATH=${CMAKE_PREFIX_PATH}:/home/varun/ros2_ws/install/sensor_preprocessing:/home/varun/ros2_ws/install/my_py_pkg:/home/varun/ros2_ws/install/catchall_py_pkg:/opt/ros/humble /usr/bin/cmake --install /home/varun/ros2_ws/build/my_robot_interfaces
[1.497s] Level 1:colcon.colcon_core.environment:create_environment_scripts_only(catchall_interfaces)
[1.497s] DEBUG:colcon.colcon_core.event_handler.log_command:Invoked command in '/home/varun/ros2_ws/build/catchall_interfaces' returned '0': CMAKE_PREFIX_PATH=${CMAKE_PREFIX_PATH}:/home/varun/ros2_ws/install/sensor_preprocessing:/home/varun/ros2_ws/install/my_py_pkg:/home/varun/ros2_ws/install/catchall_py_pkg:/opt/ros/humble /usr/bin/cmake --install /home/varun/ros2_ws/build/catchall_interfaces
[1.500s] Level 1:colcon.colcon_core.environment:checking '/home/varun/ros2_ws/install/catchall_interfaces' for CMake module files
[1.501s] Level 1:colcon.colcon_core.environment:checking '/home/varun/ros2_ws/install/catchall_interfaces' for CMake config files
[1.501s] Level 1:colcon.colcon_core.shell:create_environment_hook('catchall_interfaces', 'cmake_prefix_path')
[1.502s] INFO:colcon.colcon_core.shell:Creating environment hook '/home/varun/ros2_ws/install/catchall_interfaces/share/catchall_interfaces/hook/cmake_prefix_path.ps1'
[1.502s] INFO:colcon.colcon_core.shell:Creating environment descriptor '/home/varun/ros2_ws/install/catchall_interfaces/share/catchall_interfaces/hook/cmake_prefix_path.dsv'
[1.503s] INFO:colcon.colcon_core.shell:Creating environment hook '/home/varun/ros2_ws/install/catchall_interfaces/share/catchall_interfaces/hook/cmake_prefix_path.sh'
[1.503s] Level 1:colcon.colcon_core.environment:checking '/home/varun/ros2_ws/install/catchall_interfaces/lib'
[1.504s] Level 1:colcon.colcon_core.shell:create_environment_hook('catchall_interfaces', 'ld_library_path_lib')
[1.504s] INFO:colcon.colcon_core.shell:Creating environment hook '/home/varun/ros2_ws/install/catchall_interfaces/share/catchall_interfaces/hook/ld_library_path_lib.ps1'
[1.504s] INFO:colcon.colcon_core.shell:Creating environment descriptor '/home/varun/ros2_ws/install/catchall_interfaces/share/catchall_interfaces/hook/ld_library_path_lib.dsv'
[1.505s] INFO:colcon.colcon_core.shell:Creating environment hook '/home/varun/ros2_ws/install/catchall_interfaces/share/catchall_interfaces/hook/ld_library_path_lib.sh'
[1.505s] Level 1:colcon.colcon_core.environment:checking '/home/varun/ros2_ws/install/catchall_interfaces/bin'
[1.505s] Level 1:colcon.colcon_core.environment:checking '/home/varun/ros2_ws/install/catchall_interfaces/lib/pkgconfig/catchall_interfaces.pc'
[1.505s] Level 1:colcon.colcon_core.environment:checking '/home/varun/ros2_ws/install/catchall_interfaces/lib/python3.10/site-packages'
[1.505s] Level 1:colcon.colcon_core.environment:checking '/home/varun/ros2_ws/install/catchall_interfaces/bin'
[1.506s] INFO:colcon.colcon_core.shell:Creating package script '/home/varun/ros2_ws/install/catchall_interfaces/share/catchall_interfaces/package.ps1'
[1.506s] INFO:colcon.colcon_core.shell:Creating package descriptor '/home/varun/ros2_ws/install/catchall_interfaces/share/catchall_interfaces/package.dsv'
[1.507s] INFO:colcon.colcon_core.shell:Creating package script '/home/varun/ros2_ws/install/catchall_interfaces/share/catchall_interfaces/package.sh'
[1.507s] INFO:colcon.colcon_core.shell:Creating package script '/home/varun/ros2_ws/install/catchall_interfaces/share/catchall_interfaces/package.bash'
[1.508s] INFO:colcon.colcon_core.shell:Creating package script '/home/varun/ros2_ws/install/catchall_interfaces/share/catchall_interfaces/package.zsh'
[1.509s] Level 1:colcon.colcon_core.environment:create_file_with_runtime_dependencies(/home/varun/ros2_ws/install/catchall_interfaces/share/colcon-core/packages/catchall_interfaces)
[1.561s] Level 1:colcon.colcon_core.environment:create_environment_scripts_only(my_robot_interfaces)
[1.561s] Level 1:colcon.colcon_core.environment:checking '/home/varun/ros2_ws/install/my_robot_interfaces' for CMake module files
[1.563s] DEBUG:colcon.colcon_core.event_handler.log_command:Invoked command in '/home/varun/ros2_ws/build/my_robot_interfaces' returned '0': CMAKE_PREFIX_PATH=${CMAKE_PREFIX_PATH}:/home/varun/ros2_ws/install/sensor_preprocessing:/home/varun/ros2_ws/install/my_py_pkg:/home/varun/ros2_ws/install/catchall_py_pkg:/opt/ros/humble /usr/bin/cmake --install /home/varun/ros2_ws/build/my_robot_interfaces
[1.564s] Level 1:colcon.colcon_core.environment:checking '/home/varun/ros2_ws/install/my_robot_interfaces' for CMake config files
[1.564s] Level 1:colcon.colcon_core.shell:create_environment_hook('my_robot_interfaces', 'cmake_prefix_path')
[1.564s] INFO:colcon.colcon_core.shell:Creating environment hook '/home/varun/ros2_ws/install/my_robot_interfaces/share/my_robot_interfaces/hook/cmake_prefix_path.ps1'
[1.565s] INFO:colcon.colcon_core.shell:Creating environment descriptor '/home/varun/ros2_ws/install/my_robot_interfaces/share/my_robot_interfaces/hook/cmake_prefix_path.dsv'
[1.565s] INFO:colcon.colcon_core.shell:Creating environment hook '/home/varun/ros2_ws/install/my_robot_interfaces/share/my_robot_interfaces/hook/cmake_prefix_path.sh'
[1.566s] Level 1:colcon.colcon_core.environment:checking '/home/varun/ros2_ws/install/my_robot_interfaces/lib'
[1.566s] Level 1:colcon.colcon_core.shell:create_environment_hook('my_robot_interfaces', 'ld_library_path_lib')
[1.566s] INFO:colcon.colcon_core.shell:Creating environment hook '/home/varun/ros2_ws/install/my_robot_interfaces/share/my_robot_interfaces/hook/ld_library_path_lib.ps1'
[1.566s] INFO:colcon.colcon_core.shell:Creating environment descriptor '/home/varun/ros2_ws/install/my_robot_interfaces/share/my_robot_interfaces/hook/ld_library_path_lib.dsv'
[1.567s] INFO:colcon.colcon_core.shell:Creating environment hook '/home/varun/ros2_ws/install/my_robot_interfaces/share/my_robot_interfaces/hook/ld_library_path_lib.sh'
[1.567s] Level 1:colcon.colcon_core.environment:checking '/home/varun/ros2_ws/install/my_robot_interfaces/bin'
[1.567s] Level 1:colcon.colcon_core.environment:checking '/home/varun/ros2_ws/install/my_robot_interfaces/lib/pkgconfig/my_robot_interfaces.pc'
[1.568s] Level 1:colcon.colcon_core.environment:checking '/home/varun/ros2_ws/install/my_robot_interfaces/lib/python3.10/site-packages'
[1.568s] Level 1:colcon.colcon_core.environment:checking '/home/varun/ros2_ws/install/my_robot_interfaces/bin'
[1.568s] INFO:colcon.colcon_core.shell:Creating package script '/home/varun/ros2_ws/install/my_robot_interfaces/share/my_robot_interfaces/package.ps1'
[1.569s] INFO:colcon.colcon_core.shell:Creating package descriptor '/home/varun/ros2_ws/install/my_robot_interfaces/share/my_robot_interfaces/package.dsv'
[1.569s] INFO:colcon.colcon_core.shell:Creating package script '/home/varun/ros2_ws/install/my_robot_interfaces/share/my_robot_interfaces/package.sh'
[1.569s] INFO:colcon.colcon_core.shell:Creating package script '/home/varun/ros2_ws/install/my_robot_interfaces/share/my_robot_interfaces/package.bash'
[1.570s] INFO:colcon.colcon_core.shell:Creating package script '/home/varun/ros2_ws/install/my_robot_interfaces/share/my_robot_interfaces/package.zsh'
[1.570s] Level 1:colcon.colcon_core.environment:create_file_with_runtime_dependencies(/home/varun/ros2_ws/install/my_robot_interfaces/share/colcon-core/packages/my_robot_interfaces)
[1.745s] Level 1:colcon.colcon_core.environment:checking '/home/varun/ros2_ws/install/sensor_preprocessing' for CMake module files
[1.746s] DEBUG:colcon.colcon_core.event_handler.log_command:Invoked command in '/home/varun/ros2_ws/src/sensor_preprocessing' returned '0': PYTHONPATH=/home/varun/ros2_ws/build/sensor_preprocessing/prefix_override:/usr/lib/python3/dist-packages/colcon_core/task/python/colcon_distutils_commands:/home/varun/ros2_ws/install/sensor_preprocessing/lib/python3.10/site-packages:${PYTHONPATH} /usr/bin/python3 -W ignore:setup.py install is deprecated setup.py egg_info --egg-base ../../build/sensor_preprocessing build --build-base /home/varun/ros2_ws/build/sensor_preprocessing/build install --record /home/varun/ros2_ws/build/sensor_preprocessing/install.log --single-version-externally-managed install_data
[1.746s] Level 1:colcon.colcon_core.environment:checking '/home/varun/ros2_ws/install/sensor_preprocessing' for CMake config files
[1.747s] Level 1:colcon.colcon_core.environment:checking '/home/varun/ros2_ws/install/sensor_preprocessing/lib'
[1.747s] Level 1:colcon.colcon_core.environment:checking '/home/varun/ros2_ws/install/sensor_preprocessing/bin'
[1.747s] Level 1:colcon.colcon_core.environment:checking '/home/varun/ros2_ws/install/sensor_preprocessing/lib/pkgconfig/sensor_preprocessing.pc'
[1.748s] Level 1:colcon.colcon_core.environment:checking '/home/varun/ros2_ws/install/sensor_preprocessing/lib/python3.10/site-packages'
[1.748s] Level 1:colcon.colcon_core.shell:create_environment_hook('sensor_preprocessing', 'pythonpath')
[1.748s] INFO:colcon.colcon_core.shell:Creating environment hook '/home/varun/ros2_ws/install/sensor_preprocessing/share/sensor_preprocessing/hook/pythonpath.ps1'
[1.748s] INFO:colcon.colcon_core.shell:Creating environment descriptor '/home/varun/ros2_ws/install/sensor_preprocessing/share/sensor_preprocessing/hook/pythonpath.dsv'
[1.749s] INFO:colcon.colcon_core.shell:Creating environment hook '/home/varun/ros2_ws/install/sensor_preprocessing/share/sensor_preprocessing/hook/pythonpath.sh'
[1.749s] Level 1:colcon.colcon_core.environment:checking '/home/varun/ros2_ws/install/sensor_preprocessing/bin'
[1.749s] Level 1:colcon.colcon_core.environment:create_environment_scripts_only(sensor_preprocessing)
[1.750s] INFO:colcon.colcon_core.shell:Creating package script '/home/varun/ros2_ws/install/sensor_preprocessing/share/sensor_preprocessing/package.ps1'
[1.750s] INFO:colcon.colcon_core.shell:Creating package descriptor '/home/varun/ros2_ws/install/sensor_preprocessing/share/sensor_preprocessing/package.dsv'
[1.751s] INFO:colcon.colcon_core.shell:Creating package script '/home/varun/ros2_ws/install/sensor_preprocessing/share/sensor_preprocessing/package.sh'
[1.751s] INFO:colcon.colcon_core.shell:Creating package script '/home/varun/ros2_ws/install/sensor_preprocessing/share/sensor_preprocessing/package.bash'
[1.752s] INFO:colcon.colcon_core.shell:Creating package script '/home/varun/ros2_ws/install/sensor_preprocessing/share/sensor_preprocessing/package.zsh'
[1.752s] Level 1:colcon.colcon_core.environment:create_file_with_runtime_dependencies(/home/varun/ros2_ws/install/sensor_preprocessing/share/colcon-core/packages/sensor_preprocessing)
[1.752s] Level 1:colcon.colcon_core.environment:checking '/home/varun/ros2_ws/install/my_py_pkg' for CMake module files
[1.754s] DEBUG:colcon.colcon_core.event_handler.log_command:Invoked command in '/home/varun/ros2_ws/src/my_py_pkg' returned '0': PYTHONPATH=/home/varun/ros2_ws/build/my_py_pkg/prefix_override:/usr/lib/python3/dist-packages/colcon_core/task/python/colcon_distutils_commands:/home/varun/ros2_ws/install/my_py_pkg/lib/python3.10/site-packages:${PYTHONPATH} /usr/bin/python3 -W ignore:setup.py install is deprecated setup.py egg_info --egg-base ../../build/my_py_pkg build --build-base /home/varun/ros2_ws/build/my_py_pkg/build install --record /home/varun/ros2_ws/build/my_py_pkg/install.log --single-version-externally-managed install_data
[1.755s] Level 1:colcon.colcon_core.environment:checking '/home/varun/ros2_ws/install/my_py_pkg' for CMake config files
[1.755s] Level 1:colcon.colcon_core.environment:checking '/home/varun/ros2_ws/install/my_py_pkg/lib'
[1.756s] Level 1:colcon.colcon_core.environment:checking '/home/varun/ros2_ws/install/my_py_pkg/bin'
[1.756s] Level 1:colcon.colcon_core.environment:checking '/home/varun/ros2_ws/install/my_py_pkg/lib/pkgconfig/my_py_pkg.pc'
[1.756s] Level 1:colcon.colcon_core.environment:checking '/home/varun/ros2_ws/install/my_py_pkg/lib/python3.10/site-packages'
[1.756s] Level 1:colcon.colcon_core.shell:create_environment_hook('my_py_pkg', 'pythonpath')
[1.756s] INFO:colcon.colcon_core.shell:Creating environment hook '/home/varun/ros2_ws/install/my_py_pkg/share/my_py_pkg/hook/pythonpath.ps1'
[1.756s] INFO:colcon.colcon_core.shell:Creating environment descriptor '/home/varun/ros2_ws/install/my_py_pkg/share/my_py_pkg/hook/pythonpath.dsv'
[1.757s] INFO:colcon.colcon_core.shell:Creating environment hook '/home/varun/ros2_ws/install/my_py_pkg/share/my_py_pkg/hook/pythonpath.sh'
[1.758s] Level 1:colcon.colcon_core.environment:checking '/home/varun/ros2_ws/install/my_py_pkg/bin'
[1.758s] Level 1:colcon.colcon_core.environment:create_environment_scripts_only(my_py_pkg)
[1.758s] INFO:colcon.colcon_core.shell:Creating package script '/home/varun/ros2_ws/install/my_py_pkg/share/my_py_pkg/package.ps1'
[1.758s] INFO:colcon.colcon_core.shell:Creating package descriptor '/home/varun/ros2_ws/install/my_py_pkg/share/my_py_pkg/package.dsv'
[1.759s] INFO:colcon.colcon_core.shell:Creating package script '/home/varun/ros2_ws/install/my_py_pkg/share/my_py_pkg/package.sh'
[1.759s] INFO:colcon.colcon_core.shell:Creating package script '/home/varun/ros2_ws/install/my_py_pkg/share/my_py_pkg/package.bash'
[1.760s] INFO:colcon.colcon_core.shell:Creating package script '/home/varun/ros2_ws/install/my_py_pkg/share/my_py_pkg/package.zsh'
[1.760s] Level 1:colcon.colcon_core.environment:create_file_with_runtime_dependencies(/home/varun/ros2_ws/install/my_py_pkg/share/colcon-core/packages/my_py_pkg)
[1.772s] Level 1:colcon.colcon_core.environment:create_environment_scripts_only(my_robot_interfaces)
[1.772s] Level 1:colcon.colcon_core.environment:checking '/home/varun/ros2_ws/install/my_robot_interfaces' for CMake module files
[1.773s] Level 1:colcon.colcon_core.environment:checking '/home/varun/ros2_ws/install/my_robot_interfaces' for CMake config files
[1.773s] Level 1:colcon.colcon_core.shell:create_environment_hook('my_robot_interfaces', 'cmake_prefix_path')
[1.774s] INFO:colcon.colcon_core.shell:Creating environment hook '/home/varun/ros2_ws/install/my_robot_interfaces/share/my_robot_interfaces/hook/cmake_prefix_path.ps1'
[1.774s] INFO:colcon.colcon_core.shell:Creating environment descriptor '/home/varun/ros2_ws/install/my_robot_interfaces/share/my_robot_interfaces/hook/cmake_prefix_path.dsv'
[1.775s] INFO:colcon.colcon_core.shell:Creating environment hook '/home/varun/ros2_ws/install/my_robot_interfaces/share/my_robot_interfaces/hook/cmake_prefix_path.sh'
[1.775s] Level 1:colcon.colcon_core.environment:checking '/home/varun/ros2_ws/install/my_robot_interfaces/lib'
[1.775s] Level 1:colcon.colcon_core.shell:create_environment_hook('my_robot_interfaces', 'ld_library_path_lib')
[1.776s] INFO:colcon.colcon_core.shell:Creating environment hook '/home/varun/ros2_ws/install/my_robot_interfaces/share/my_robot_interfaces/hook/ld_library_path_lib.ps1'
[1.776s] INFO:colcon.colcon_core.shell:Creating environment descriptor '/home/varun/ros2_ws/install/my_robot_interfaces/share/my_robot_interfaces/hook/ld_library_path_lib.dsv'
[1.776s] INFO:colcon.colcon_core.shell:Creating environment hook '/home/varun/ros2_ws/install/my_robot_interfaces/share/my_robot_interfaces/hook/ld_library_path_lib.sh'
[1.777s] Level 1:colcon.colcon_core.environment:checking '/home/varun/ros2_ws/install/my_robot_interfaces/bin'
[1.777s] Level 1:colcon.colcon_core.environment:checking '/home/varun/ros2_ws/install/my_robot_interfaces/lib/pkgconfig/my_robot_interfaces.pc'
[1.777s] Level 1:colcon.colcon_core.environment:checking '/home/varun/ros2_ws/install/my_robot_interfaces/lib/python3.10/site-packages'
[1.777s] Level 1:colcon.colcon_core.environment:checking '/home/varun/ros2_ws/install/my_robot_interfaces/bin'
[1.777s] INFO:colcon.colcon_core.shell:Creating package script '/home/varun/ros2_ws/install/my_robot_interfaces/share/my_robot_interfaces/package.ps1'
[1.778s] INFO:colcon.colcon_core.shell:Creating package descriptor '/home/varun/ros2_ws/install/my_robot_interfaces/share/my_robot_interfaces/package.dsv'
[1.778s] INFO:colcon.colcon_core.shell:Creating package script '/home/varun/ros2_ws/install/my_robot_interfaces/share/my_robot_interfaces/package.sh'
[1.779s] INFO:colcon.colcon_core.shell:Creating package script '/home/varun/ros2_ws/install/my_robot_interfaces/share/my_robot_interfaces/package.bash'
[1.779s] INFO:colcon.colcon_core.shell:Creating package script '/home/varun/ros2_ws/install/my_robot_interfaces/share/my_robot_interfaces/package.zsh'
[1.780s] Level 1:colcon.colcon_core.environment:create_file_with_runtime_dependencies(/home/varun/ros2_ws/install/my_robot_interfaces/share/colcon-core/packages/my_robot_interfaces)
[1.846s] Level 1:colcon.colcon_core.environment:create_environment_scripts_only(catchall_interfaces)
[1.846s] Level 1:colcon.colcon_core.environment:checking '/home/varun/ros2_ws/install/catchall_interfaces' for CMake module files
[1.847s] Level 1:colcon.colcon_core.environment:checking '/home/varun/ros2_ws/install/catchall_interfaces' for CMake config files
[1.848s] Level 1:colcon.colcon_core.shell:create_environment_hook('catchall_interfaces', 'cmake_prefix_path')
[1.848s] INFO:colcon.colcon_core.shell:Creating environment hook '/home/varun/ros2_ws/install/catchall_interfaces/share/catchall_interfaces/hook/cmake_prefix_path.ps1'
[1.848s] INFO:colcon.colcon_core.shell:Creating environment descriptor '/home/varun/ros2_ws/install/catchall_interfaces/share/catchall_interfaces/hook/cmake_prefix_path.dsv'
[1.849s] INFO:colcon.colcon_core.shell:Creating environment hook '/home/varun/ros2_ws/install/catchall_interfaces/share/catchall_interfaces/hook/cmake_prefix_path.sh'
[1.849s] Level 1:colcon.colcon_core.environment:checking '/home/varun/ros2_ws/install/catchall_interfaces/lib'
[1.850s] Level 1:colcon.colcon_core.shell:create_environment_hook('catchall_interfaces', 'ld_library_path_lib')
[1.850s] INFO:colcon.colcon_core.shell:Creating environment hook '/home/varun/ros2_ws/install/catchall_interfaces/share/catchall_interfaces/hook/ld_library_path_lib.ps1'
[1.850s] INFO:colcon.colcon_core.shell:Creating environment descriptor '/home/varun/ros2_ws/install/catchall_interfaces/share/catchall_interfaces/hook/ld_library_path_lib.dsv'
[1.851s] INFO:colcon.colcon_core.shell:Creating environment hook '/home/varun/ros2_ws/install/catchall_interfaces/share/catchall_interfaces/hook/ld_library_path_lib.sh'
[1.851s] Level 1:colcon.colcon_core.environment:checking '/home/varun/ros2_ws/install/catchall_interfaces/bin'
[1.851s] Level 1:colcon.colcon_core.environment:checking '/home/varun/ros2_ws/install/catchall_interfaces/lib/pkgconfig/catchall_interfaces.pc'
[1.851s] Level 1:colcon.colcon_core.environment:checking '/home/varun/ros2_ws/install/catchall_interfaces/lib/python3.10/site-packages'
[1.851s] Level 1:colcon.colcon_core.environment:checking '/home/varun/ros2_ws/install/catchall_interfaces/bin'
[1.852s] INFO:colcon.colcon_core.shell:Creating package script '/home/varun/ros2_ws/install/catchall_interfaces/share/catchall_interfaces/package.ps1'
[1.852s] INFO:colcon.colcon_core.shell:Creating package descriptor '/home/varun/ros2_ws/install/catchall_interfaces/share/catchall_interfaces/package.dsv'
[1.853s] INFO:colcon.colcon_core.shell:Creating package script '/home/varun/ros2_ws/install/catchall_interfaces/share/catchall_interfaces/package.sh'
[1.853s] INFO:colcon.colcon_core.shell:Creating package script '/home/varun/ros2_ws/install/catchall_interfaces/share/catchall_interfaces/package.bash'
[1.853s] INFO:colcon.colcon_core.shell:Creating package script '/home/varun/ros2_ws/install/catchall_interfaces/share/catchall_interfaces/package.zsh'
[1.854s] Level 1:colcon.colcon_core.environment:create_file_with_runtime_dependencies(/home/varun/ros2_ws/install/catchall_interfaces/share/colcon-core/packages/catchall_interfaces)
[1.854s] INFO:colcon.colcon_ros.task.ament_python.build:Building ROS package in '/home/varun/ros2_ws/src/catchall_py_pkg' with build type 'ament_python'
[1.854s] Level 1:colcon.colcon_core.shell:create_environment_hook('catchall_py_pkg', 'ament_prefix_path')
[1.855s] INFO:colcon.colcon_core.shell:Creating environment hook '/home/varun/ros2_ws/install/catchall_py_pkg/share/catchall_py_pkg/hook/ament_prefix_path.ps1'
[1.856s] INFO:colcon.colcon_core.shell:Creating environment descriptor '/home/varun/ros2_ws/install/catchall_py_pkg/share/catchall_py_pkg/hook/ament_prefix_path.dsv'
[1.856s] INFO:colcon.colcon_core.shell:Creating environment hook '/home/varun/ros2_ws/install/catchall_py_pkg/share/catchall_py_pkg/hook/ament_prefix_path.sh'
[1.857s] INFO:colcon.colcon_core.shell:Skip shell extension 'powershell' for command environment: Not usable outside of PowerShell
[1.857s] DEBUG:colcon.colcon_core.shell:Skip shell extension 'dsv' for command environment
[2.120s] INFO:colcon.colcon_core.task.python.build:Building Python package in '/home/varun/ros2_ws/src/catchall_py_pkg'
[2.120s] INFO:colcon.colcon_core.shell:Skip shell extension 'powershell' for command environment: Not usable outside of PowerShell
[2.120s] DEBUG:colcon.colcon_core.shell:Skip shell extension 'dsv' for command environment
[2.486s] DEBUG:colcon.colcon_core.event_handler.log_command:Invoking command in '/home/varun/ros2_ws/src/catchall_py_pkg': CMAKE_PREFIX_PATH=/home/varun/ros2_ws/install/catchall_interfaces:/home/varun/ros2_ws/install/my_robot_interfaces:/home/varun/ros2_ws/install/my_robot_bringup LD_LIBRARY_PATH=/home/varun/ros2_ws/install/catchall_interfaces/lib:/home/varun/ros2_ws/install/my_robot_interfaces/lib:/usr/lib/x86_64-linux-gnu/gazebo-11/plugins:/opt/ros/humble/opt/rviz_ogre_vendor/lib:/opt/ros/humble/lib/x86_64-linux-gnu:/opt/ros/humble/lib PYTHONPATH=/home/varun/ros2_ws/build/catchall_py_pkg/prefix_override:/usr/lib/python3/dist-packages/colcon_core/task/python/colcon_distutils_commands:/home/varun/ros2_ws/install/catchall_py_pkg/lib/python3.10/site-packages:${PYTHONPATH} /usr/bin/python3 -W ignore:setup.py install is deprecated setup.py egg_info --egg-base ../../build/catchall_py_pkg build --build-base /home/varun/ros2_ws/build/catchall_py_pkg/build install --record /home/varun/ros2_ws/build/catchall_py_pkg/install.log --single-version-externally-managed install_data
[2.764s] Level 1:colcon.colcon_core.environment:checking '/home/varun/ros2_ws/install/catchall_py_pkg' for CMake module files
[2.765s] DEBUG:colcon.colcon_core.event_handler.log_command:Invoked command in '/home/varun/ros2_ws/src/catchall_py_pkg' returned '0': CMAKE_PREFIX_PATH=/home/varun/ros2_ws/install/catchall_interfaces:/home/varun/ros2_ws/install/my_robot_interfaces:/home/varun/ros2_ws/install/my_robot_bringup LD_LIBRARY_PATH=/home/varun/ros2_ws/install/catchall_interfaces/lib:/home/varun/ros2_ws/install/my_robot_interfaces/lib:/usr/lib/x86_64-linux-gnu/gazebo-11/plugins:/opt/ros/humble/opt/rviz_ogre_vendor/lib:/opt/ros/humble/lib/x86_64-linux-gnu:/opt/ros/humble/lib PYTHONPATH=/home/varun/ros2_ws/build/catchall_py_pkg/prefix_override:/usr/lib/python3/dist-packages/colcon_core/task/python/colcon_distutils_commands:/home/varun/ros2_ws/install/catchall_py_pkg/lib/python3.10/site-packages:${PYTHONPATH} /usr/bin/python3 -W ignore:setup.py install is deprecated setup.py egg_info --egg-base ../../build/catchall_py_pkg build --build-base /home/varun/ros2_ws/build/catchall_py_pkg/build install --record /home/varun/ros2_ws/build/catchall_py_pkg/install.log --single-version-externally-managed install_data
[2.765s] Level 1:colcon.colcon_core.environment:checking '/home/varun/ros2_ws/install/catchall_py_pkg' for CMake config files
[2.766s] Level 1:colcon.colcon_core.environment:checking '/home/varun/ros2_ws/install/catchall_py_pkg/lib'
[2.766s] Level 1:colcon.colcon_core.environment:checking '/home/varun/ros2_ws/install/catchall_py_pkg/bin'
[2.766s] Level 1:colcon.colcon_core.environment:checking '/home/varun/ros2_ws/install/catchall_py_pkg/lib/pkgconfig/catchall_py_pkg.pc'
[2.766s] Level 1:colcon.colcon_core.environment:checking '/home/varun/ros2_ws/install/catchall_py_pkg/lib/python3.10/site-packages'
[2.766s] Level 1:colcon.colcon_core.shell:create_environment_hook('catchall_py_pkg', 'pythonpath')
[2.766s] INFO:colcon.colcon_core.shell:Creating environment hook '/home/varun/ros2_ws/install/catchall_py_pkg/share/catchall_py_pkg/hook/pythonpath.ps1'
[2.767s] INFO:colcon.colcon_core.shell:Creating environment descriptor '/home/varun/ros2_ws/install/catchall_py_pkg/share/catchall_py_pkg/hook/pythonpath.dsv'
[2.767s] INFO:colcon.colcon_core.shell:Creating environment hook '/home/varun/ros2_ws/install/catchall_py_pkg/share/catchall_py_pkg/hook/pythonpath.sh'
[2.768s] Level 1:colcon.colcon_core.environment:checking '/home/varun/ros2_ws/install/catchall_py_pkg/bin'
[2.768s] Level 1:colcon.colcon_core.environment:create_environment_scripts_only(catchall_py_pkg)
[2.768s] INFO:colcon.colcon_core.shell:Creating package script '/home/varun/ros2_ws/install/catchall_py_pkg/share/catchall_py_pkg/package.ps1'
[2.769s] INFO:colcon.colcon_core.shell:Creating package descriptor '/home/varun/ros2_ws/install/catchall_py_pkg/share/catchall_py_pkg/package.dsv'
[2.769s] INFO:colcon.colcon_core.shell:Creating package script '/home/varun/ros2_ws/install/catchall_py_pkg/share/catchall_py_pkg/package.sh'
[2.770s] INFO:colcon.colcon_core.shell:Creating package script '/home/varun/ros2_ws/install/catchall_py_pkg/share/catchall_py_pkg/package.bash'
[2.770s] INFO:colcon.colcon_core.shell:Creating package script '/home/varun/ros2_ws/install/catchall_py_pkg/share/catchall_py_pkg/package.zsh'
[2.770s] Level 1:colcon.colcon_core.environment:create_file_with_runtime_dependencies(/home/varun/ros2_ws/install/catchall_py_pkg/share/colcon-core/packages/catchall_py_pkg)
[2.771s] INFO:colcon.colcon_ros.task.ament_cmake.build:Building ROS package in '/home/varun/ros2_ws/src/my_robot_bringup' with build type 'ament_cmake'
[2.771s] INFO:colcon.colcon_cmake.task.cmake.build:Building CMake package in '/home/varun/ros2_ws/src/my_robot_bringup'
[2.771s] INFO:colcon.colcon_core.shell:Skip shell extension 'powershell' for command environment: Not usable outside of PowerShell
[2.772s] DEBUG:colcon.colcon_core.shell:Skip shell extension 'dsv' for command environment
[2.795s] DEBUG:colcon.colcon_core.event_handler.log_command:Invoking command in '/home/varun/ros2_ws/build/my_robot_bringup': AMENT_PREFIX_PATH=/home/varun/ros2_ws/install/catchall_py_pkg:/home/varun/ros2_ws/install/my_py_pkg:/home/varun/ros2_ws/install/sensor_preprocessing:/home/varun/ros2_ws/install/my_robot_interfaces:/home/varun/ros2_ws/install/my_robot_bringup:/home/varun/ros2_ws/install/catchall_interfaces:/opt/ros/humble CMAKE_PREFIX_PATH=/home/varun/ros2_ws/install/catchall_interfaces:/home/varun/ros2_ws/install/my_robot_interfaces:/home/varun/ros2_ws/install/my_robot_bringup:/home/varun/ros2_ws/install/sensor_preprocessing:/home/varun/ros2_ws/install/my_py_pkg:/home/varun/ros2_ws/install/catchall_py_pkg:/opt/ros/humble LD_LIBRARY_PATH=/home/varun/ros2_ws/install/catchall_interfaces/lib:/home/varun/ros2_ws/install/my_robot_interfaces/lib:/usr/lib/x86_64-linux-gnu/gazebo-11/plugins:/opt/ros/humble/opt/rviz_ogre_vendor/lib:/opt/ros/humble/lib/x86_64-linux-gnu:/opt/ros/humble/lib PYTHONPATH=/home/varun/ros2_ws/install/catchall_py_pkg/lib/python3.10/site-packages:/home/varun/ros2_ws/install/my_py_pkg/lib/python3.10/site-packages:/home/varun/ros2_ws/install/sensor_preprocessing/lib/python3.10/site-packages:/home/varun/ros2_ws/install/my_robot_interfaces/local/lib/python3.10/dist-packages:/home/varun/ros2_ws/install/catchall_interfaces/local/lib/python3.10/dist-packages:/opt/ros/humble/lib/python3.10/site-packages:/opt/ros/humble/local/lib/python3.10/dist-packages /usr/bin/cmake --build /home/varun/ros2_ws/build/my_robot_bringup -- -j24 -l24
[2.854s] DEBUG:colcon.colcon_core.event_handler.log_command:Invoked command in '/home/varun/ros2_ws/build/my_robot_bringup' returned '0': AMENT_PREFIX_PATH=/home/varun/ros2_ws/install/catchall_py_pkg:/home/varun/ros2_ws/install/my_py_pkg:/home/varun/ros2_ws/install/sensor_preprocessing:/home/varun/ros2_ws/install/my_robot_interfaces:/home/varun/ros2_ws/install/my_robot_bringup:/home/varun/ros2_ws/install/catchall_interfaces:/opt/ros/humble CMAKE_PREFIX_PATH=/home/varun/ros2_ws/install/catchall_interfaces:/home/varun/ros2_ws/install/my_robot_interfaces:/home/varun/ros2_ws/install/my_robot_bringup:/home/varun/ros2_ws/install/sensor_preprocessing:/home/varun/ros2_ws/install/my_py_pkg:/home/varun/ros2_ws/install/catchall_py_pkg:/opt/ros/humble LD_LIBRARY_PATH=/home/varun/ros2_ws/install/catchall_interfaces/lib:/home/varun/ros2_ws/install/my_robot_interfaces/lib:/usr/lib/x86_64-linux-gnu/gazebo-11/plugins:/opt/ros/humble/opt/rviz_ogre_vendor/lib:/opt/ros/humble/lib/x86_64-linux-gnu:/opt/ros/humble/lib PYTHONPATH=/home/varun/ros2_ws/install/catchall_py_pkg/lib/python3.10/site-packages:/home/varun/ros2_ws/install/my_py_pkg/lib/python3.10/site-packages:/home/varun/ros2_ws/install/sensor_preprocessing/lib/python3.10/site-packages:/home/varun/ros2_ws/install/my_robot_interfaces/local/lib/python3.10/dist-packages:/home/varun/ros2_ws/install/catchall_interfaces/local/lib/python3.10/dist-packages:/opt/ros/humble/lib/python3.10/site-packages:/opt/ros/humble/local/lib/python3.10/dist-packages /usr/bin/cmake --build /home/varun/ros2_ws/build/my_robot_bringup -- -j24 -l24
[2.906s] DEBUG:colcon.colcon_core.event_handler.log_command:Invoking command in '/home/varun/ros2_ws/build/my_robot_bringup': AMENT_PREFIX_PATH=/home/varun/ros2_ws/install/catchall_py_pkg:/home/varun/ros2_ws/install/my_py_pkg:/home/varun/ros2_ws/install/sensor_preprocessing:/home/varun/ros2_ws/install/my_robot_interfaces:/home/varun/ros2_ws/install/my_robot_bringup:/home/varun/ros2_ws/install/catchall_interfaces:/opt/ros/humble CMAKE_PREFIX_PATH=/home/varun/ros2_ws/install/catchall_interfaces:/home/varun/ros2_ws/install/my_robot_interfaces:/home/varun/ros2_ws/install/my_robot_bringup:/home/varun/ros2_ws/install/sensor_preprocessing:/home/varun/ros2_ws/install/my_py_pkg:/home/varun/ros2_ws/install/catchall_py_pkg:/opt/ros/humble LD_LIBRARY_PATH=/home/varun/ros2_ws/install/catchall_interfaces/lib:/home/varun/ros2_ws/install/my_robot_interfaces/lib:/usr/lib/x86_64-linux-gnu/gazebo-11/plugins:/opt/ros/humble/opt/rviz_ogre_vendor/lib:/opt/ros/humble/lib/x86_64-linux-gnu:/opt/ros/humble/lib PYTHONPATH=/home/varun/ros2_ws/install/catchall_py_pkg/lib/python3.10/site-packages:/home/varun/ros2_ws/install/my_py_pkg/lib/python3.10/site-packages:/home/varun/ros2_ws/install/sensor_preprocessing/lib/python3.10/site-packages:/home/varun/ros2_ws/install/my_robot_interfaces/local/lib/python3.10/dist-packages:/home/varun/ros2_ws/install/catchall_interfaces/local/lib/python3.10/dist-packages:/opt/ros/humble/lib/python3.10/site-packages:/opt/ros/humble/local/lib/python3.10/dist-packages /usr/bin/cmake --install /home/varun/ros2_ws/build/my_robot_bringup
[2.920s] Level 1:colcon.colcon_core.environment:create_environment_scripts_only(my_robot_bringup)
[2.921s] DEBUG:colcon.colcon_core.event_handler.log_command:Invoked command in '/home/varun/ros2_ws/build/my_robot_bringup' returned '0': AMENT_PREFIX_PATH=/home/varun/ros2_ws/install/catchall_py_pkg:/home/varun/ros2_ws/install/my_py_pkg:/home/varun/ros2_ws/install/sensor_preprocessing:/home/varun/ros2_ws/install/my_robot_interfaces:/home/varun/ros2_ws/install/my_robot_bringup:/home/varun/ros2_ws/install/catchall_interfaces:/opt/ros/humble CMAKE_PREFIX_PATH=/home/varun/ros2_ws/install/catchall_interfaces:/home/varun/ros2_ws/install/my_robot_interfaces:/home/varun/ros2_ws/install/my_robot_bringup:/home/varun/ros2_ws/install/sensor_preprocessing:/home/varun/ros2_ws/install/my_py_pkg:/home/varun/ros2_ws/install/catchall_py_pkg:/opt/ros/humble LD_LIBRARY_PATH=/home/varun/ros2_ws/install/catchall_interfaces/lib:/home/varun/ros2_ws/install/my_robot_interfaces/lib:/usr/lib/x86_64-linux-gnu/gazebo-11/plugins:/opt/ros/humble/opt/rviz_ogre_vendor/lib:/opt/ros/humble/lib/x86_64-linux-gnu:/opt/ros/humble/lib PYTHONPATH=/home/varun/ros2_ws/install/catchall_py_pkg/lib/python3.10/site-packages:/home/varun/ros2_ws/install/my_py_pkg/lib/python3.10/site-packages:/home/varun/ros2_ws/install/sensor_preprocessing/lib/python3.10/site-packages:/home/varun/ros2_ws/install/my_robot_interfaces/local/lib/python3.10/dist-packages:/home/varun/ros2_ws/install/catchall_interfaces/local/lib/python3.10/dist-packages:/opt/ros/humble/lib/python3.10/site-packages:/opt/ros/humble/local/lib/python3.10/dist-packages /usr/bin/cmake --install /home/varun/ros2_ws/build/my_robot_bringup
[2.921s] Level 1:colcon.colcon_core.environment:checking '/home/varun/ros2_ws/install/my_robot_bringup' for CMake module files
[2.922s] Level 1:colcon.colcon_core.environment:checking '/home/varun/ros2_ws/install/my_robot_bringup' for CMake config files
[2.922s] Level 1:colcon.colcon_core.shell:create_environment_hook('my_robot_bringup', 'cmake_prefix_path')
[2.922s] INFO:colcon.colcon_core.shell:Creating environment hook '/home/varun/ros2_ws/install/my_robot_bringup/share/my_robot_bringup/hook/cmake_prefix_path.ps1'
[2.923s] INFO:colcon.colcon_core.shell:Creating environment descriptor '/home/varun/ros2_ws/install/my_robot_bringup/share/my_robot_bringup/hook/cmake_prefix_path.dsv'
[2.923s] INFO:colcon.colcon_core.shell:Creating environment hook '/home/varun/ros2_ws/install/my_robot_bringup/share/my_robot_bringup/hook/cmake_prefix_path.sh'
[2.924s] Level 1:colcon.colcon_core.environment:checking '/home/varun/ros2_ws/install/my_robot_bringup/bin'
[2.924s] Level 1:colcon.colcon_core.environment:checking '/home/varun/ros2_ws/install/my_robot_bringup/lib/pkgconfig/my_robot_bringup.pc'
[2.924s] Level 1:colcon.colcon_core.environment:checking '/home/varun/ros2_ws/install/my_robot_bringup/lib/python3.10/site-packages'
[2.924s] Level 1:colcon.colcon_core.environment:checking '/home/varun/ros2_ws/install/my_robot_bringup/bin'
[2.925s] INFO:colcon.colcon_core.shell:Creating package script '/home/varun/ros2_ws/install/my_robot_bringup/share/my_robot_bringup/package.ps1'
[2.925s] INFO:colcon.colcon_core.shell:Creating package descriptor '/home/varun/ros2_ws/install/my_robot_bringup/share/my_robot_bringup/package.dsv'
[2.925s] INFO:colcon.colcon_core.shell:Creating package script '/home/varun/ros2_ws/install/my_robot_bringup/share/my_robot_bringup/package.sh'
[2.926s] INFO:colcon.colcon_core.shell:Creating package script '/home/varun/ros2_ws/install/my_robot_bringup/share/my_robot_bringup/package.bash'
[2.926s] INFO:colcon.colcon_core.shell:Creating package script '/home/varun/ros2_ws/install/my_robot_bringup/share/my_robot_bringup/package.zsh'
[2.927s] Level 1:colcon.colcon_core.environment:create_file_with_runtime_dependencies(/home/varun/ros2_ws/install/my_robot_bringup/share/colcon-core/packages/my_robot_bringup)
[2.976s] Level 1:colcon.colcon_core.environment:create_environment_scripts_only(my_robot_bringup)
[2.977s] Level 1:colcon.colcon_core.environment:checking '/home/varun/ros2_ws/install/my_robot_bringup' for CMake module files
[2.977s] Level 1:colcon.colcon_core.environment:checking '/home/varun/ros2_ws/install/my_robot_bringup' for CMake config files
[2.978s] Level 1:colcon.colcon_core.shell:create_environment_hook('my_robot_bringup', 'cmake_prefix_path')
[2.978s] INFO:colcon.colcon_core.shell:Creating environment hook '/home/varun/ros2_ws/install/my_robot_bringup/share/my_robot_bringup/hook/cmake_prefix_path.ps1'
[2.978s] INFO:colcon.colcon_core.shell:Creating environment descriptor '/home/varun/ros2_ws/install/my_robot_bringup/share/my_robot_bringup/hook/cmake_prefix_path.dsv'
[2.979s] INFO:colcon.colcon_core.shell:Creating environment hook '/home/varun/ros2_ws/install/my_robot_bringup/share/my_robot_bringup/hook/cmake_prefix_path.sh'
[2.979s] Level 1:colcon.colcon_core.environment:checking '/home/varun/ros2_ws/install/my_robot_bringup/bin'
[2.979s] Level 1:colcon.colcon_core.environment:checking '/home/varun/ros2_ws/install/my_robot_bringup/lib/pkgconfig/my_robot_bringup.pc'
[2.979s] Level 1:colcon.colcon_core.environment:checking '/home/varun/ros2_ws/install/my_robot_bringup/lib/python3.10/site-packages'
[2.980s] Level 1:colcon.colcon_core.environment:checking '/home/varun/ros2_ws/install/my_robot_bringup/bin'
[2.980s] INFO:colcon.colcon_core.shell:Creating package script '/home/varun/ros2_ws/install/my_robot_bringup/share/my_robot_bringup/package.ps1'
[2.980s] INFO:colcon.colcon_core.shell:Creating package descriptor '/home/varun/ros2_ws/install/my_robot_bringup/share/my_robot_bringup/package.dsv'
[2.981s] INFO:colcon.colcon_core.shell:Creating package script '/home/varun/ros2_ws/install/my_robot_bringup/share/my_robot_bringup/package.sh'
[2.981s] INFO:colcon.colcon_core.shell:Creating package script '/home/varun/ros2_ws/install/my_robot_bringup/share/my_robot_bringup/package.bash'
[2.981s] INFO:colcon.colcon_core.shell:Creating package script '/home/varun/ros2_ws/install/my_robot_bringup/share/my_robot_bringup/package.zsh'
[2.982s] Level 1:colcon.colcon_core.environment:create_file_with_runtime_dependencies(/home/varun/ros2_ws/install/my_robot_bringup/share/colcon-core/packages/my_robot_bringup)
[2.983s] DEBUG:colcon.colcon_parallel_executor.executor.parallel:closing loop
[2.983s] DEBUG:colcon.colcon_parallel_executor.executor.parallel:loop closed
[2.983s] DEBUG:colcon.colcon_parallel_executor.executor.parallel:run_until_complete finished with '0'
[2.983s] DEBUG:colcon.colcon_core.event_reactor:joining thread
[2.990s] INFO:colcon.colcon_core.plugin_system:Skipping extension 'colcon_notification.desktop_notification.terminal_notifier': Not used on non-Darwin systems
[2.990s] INFO:colcon.colcon_core.plugin_system:Skipping extension 'colcon_notification.desktop_notification.win32': Not used on non-Windows systems
[2.990s] INFO:colcon.colcon_notification.desktop_notification:Sending desktop notification using 'notify2'
[3.006s] DEBUG:colcon.colcon_core.event_reactor:joined thread
[3.006s] INFO:colcon.colcon_core.shell:Creating prefix script '/home/varun/ros2_ws/install/local_setup.ps1'
[3.007s] INFO:colcon.colcon_core.shell:Creating prefix util module '/home/varun/ros2_ws/install/_local_setup_util_ps1.py'
[3.008s] INFO:colcon.colcon_core.shell:Creating prefix chain script '/home/varun/ros2_ws/install/setup.ps1'
[3.010s] INFO:colcon.colcon_core.shell:Creating prefix script '/home/varun/ros2_ws/install/local_setup.sh'
[3.010s] INFO:colcon.colcon_core.shell:Creating prefix util module '/home/varun/ros2_ws/install/_local_setup_util_sh.py'
[3.011s] INFO:colcon.colcon_core.shell:Creating prefix chain script '/home/varun/ros2_ws/install/setup.sh'
[3.012s] INFO:colcon.colcon_core.shell:Creating prefix script '/home/varun/ros2_ws/install/local_setup.bash'
[3.013s] INFO:colcon.colcon_core.shell:Creating prefix chain script '/home/varun/ros2_ws/install/setup.bash'
[3.014s] INFO:colcon.colcon_core.shell:Creating prefix script '/home/varun/ros2_ws/install/local_setup.zsh'
[3.014s] INFO:colcon.colcon_core.shell:Creating prefix chain script '/home/varun/ros2_ws/install/setup.zsh'
