[0.021s] Invoking command in '/home/varun/ros2_ws/build/my_robot_bringup': AMENT_PREFIX_PATH=/home/varun/ros2_ws/install/catchall_py_pkg:/home/varun/ros2_ws/install/my_py_pkg:/home/varun/ros2_ws/install/my_robot_interfaces:/home/varun/ros2_ws/install/my_robot_bringup:/home/varun/ros2_ws/install/catchall_interfaces:/opt/ros/humble CMAKE_PREFIX_PATH=/home/varun/ros2_ws/install/catchall_interfaces:/home/varun/ros2_ws/install/my_robot_interfaces:/home/varun/ros2_ws/install/my_robot_bringup:/home/varun/ros2_ws/install/my_py_pkg:/home/varun/ros2_ws/install/catchall_py_pkg:/opt/ros/humble LD_LIBRARY_PATH=/home/varun/ros2_ws/install/catchall_interfaces/lib:/home/varun/ros2_ws/install/my_robot_interfaces/lib:/usr/lib/x86_64-linux-gnu/gazebo-11/plugins:/opt/ros/humble/opt/rviz_ogre_vendor/lib:/opt/ros/humble/lib/x86_64-linux-gnu:/opt/ros/humble/lib PYTHONPATH=/home/varun/ros2_ws/install/catchall_py_pkg/lib/python3.10/site-packages:/home/varun/ros2_ws/install/my_py_pkg/lib/python3.10/site-packages:/home/varun/ros2_ws/install/my_robot_interfaces/local/lib/python3.10/dist-packages:/home/varun/ros2_ws/build/my_py_pkg:/home/varun/ros2_ws/build/catchall_py_pkg:/home/varun/ros2_ws/install/catchall_interfaces/local/lib/python3.10/dist-packages:/opt/ros/humble/lib/python3.10/site-packages:/opt/ros/humble/local/lib/python3.10/dist-packages /usr/bin/cmake /home/varun/ros2_ws/src/my_robot_bringup -DCMAKE_INSTALL_PREFIX=/home/varun/ros2_ws/install/my_robot_bringup
[0.104s] -- The C compiler identification is GNU 11.4.0
[0.184s] -- The CXX compiler identification is GNU 11.4.0
[0.194s] -- Detecting C compiler ABI info
[0.303s] -- Detecting C compiler ABI info - done
[0.307s] -- Check for working C compiler: /usr/bin/cc - skipped
[0.308s] -- Detecting C compile features
[0.308s] -- Detecting C compile features - done
[0.311s] -- Detecting CXX compiler ABI info
[0.438s] -- Detecting CXX compiler ABI info - done
[0.443s] -- Check for working CXX compiler: /usr/bin/c++ - skipped
[0.443s] -- Detecting CXX compile features
[0.443s] -- Detecting CXX compile features - done
[0.448s] -- Found ament_cmake: 1.3.10 (/opt/ros/humble/share/ament_cmake/cmake)
[0.616s] -- Found Python3: /usr/bin/python3 (found version "3.10.12") found components: Interpreter 
[0.782s] -- Configuring done
[0.786s] -- Generating done
[0.787s] -- Build files have been written to: /home/varun/ros2_ws/build/my_robot_bringup
[0.793s] Invoked command in '/home/varun/ros2_ws/build/my_robot_bringup' returned '0': AMENT_PREFIX_PATH=/home/varun/ros2_ws/install/catchall_py_pkg:/home/varun/ros2_ws/install/my_py_pkg:/home/varun/ros2_ws/install/my_robot_interfaces:/home/varun/ros2_ws/install/my_robot_bringup:/home/varun/ros2_ws/install/catchall_interfaces:/opt/ros/humble CMAKE_PREFIX_PATH=/home/varun/ros2_ws/install/catchall_interfaces:/home/varun/ros2_ws/install/my_robot_interfaces:/home/varun/ros2_ws/install/my_robot_bringup:/home/varun/ros2_ws/install/my_py_pkg:/home/varun/ros2_ws/install/catchall_py_pkg:/opt/ros/humble LD_LIBRARY_PATH=/home/varun/ros2_ws/install/catchall_interfaces/lib:/home/varun/ros2_ws/install/my_robot_interfaces/lib:/usr/lib/x86_64-linux-gnu/gazebo-11/plugins:/opt/ros/humble/opt/rviz_ogre_vendor/lib:/opt/ros/humble/lib/x86_64-linux-gnu:/opt/ros/humble/lib PYTHONPATH=/home/varun/ros2_ws/install/catchall_py_pkg/lib/python3.10/site-packages:/home/varun/ros2_ws/install/my_py_pkg/lib/python3.10/site-packages:/home/varun/ros2_ws/install/my_robot_interfaces/local/lib/python3.10/dist-packages:/home/varun/ros2_ws/build/my_py_pkg:/home/varun/ros2_ws/build/catchall_py_pkg:/home/varun/ros2_ws/install/catchall_interfaces/local/lib/python3.10/dist-packages:/opt/ros/humble/lib/python3.10/site-packages:/opt/ros/humble/local/lib/python3.10/dist-packages /usr/bin/cmake /home/varun/ros2_ws/src/my_robot_bringup -DCMAKE_INSTALL_PREFIX=/home/varun/ros2_ws/install/my_robot_bringup
[0.795s] Invoking command in '/home/varun/ros2_ws/build/my_robot_bringup': AMENT_PREFIX_PATH=/home/varun/ros2_ws/install/catchall_py_pkg:/home/varun/ros2_ws/install/my_py_pkg:/home/varun/ros2_ws/install/my_robot_interfaces:/home/varun/ros2_ws/install/my_robot_bringup:/home/varun/ros2_ws/install/catchall_interfaces:/opt/ros/humble CMAKE_PREFIX_PATH=/home/varun/ros2_ws/install/catchall_interfaces:/home/varun/ros2_ws/install/my_robot_interfaces:/home/varun/ros2_ws/install/my_robot_bringup:/home/varun/ros2_ws/install/my_py_pkg:/home/varun/ros2_ws/install/catchall_py_pkg:/opt/ros/humble LD_LIBRARY_PATH=/home/varun/ros2_ws/install/catchall_interfaces/lib:/home/varun/ros2_ws/install/my_robot_interfaces/lib:/usr/lib/x86_64-linux-gnu/gazebo-11/plugins:/opt/ros/humble/opt/rviz_ogre_vendor/lib:/opt/ros/humble/lib/x86_64-linux-gnu:/opt/ros/humble/lib PYTHONPATH=/home/varun/ros2_ws/install/catchall_py_pkg/lib/python3.10/site-packages:/home/varun/ros2_ws/install/my_py_pkg/lib/python3.10/site-packages:/home/varun/ros2_ws/install/my_robot_interfaces/local/lib/python3.10/dist-packages:/home/varun/ros2_ws/build/my_py_pkg:/home/varun/ros2_ws/build/catchall_py_pkg:/home/varun/ros2_ws/install/catchall_interfaces/local/lib/python3.10/dist-packages:/opt/ros/humble/lib/python3.10/site-packages:/opt/ros/humble/local/lib/python3.10/dist-packages /usr/bin/cmake --build /home/varun/ros2_ws/build/my_robot_bringup -- -j24 -l24
[0.858s] Invoked command in '/home/varun/ros2_ws/build/my_robot_bringup' returned '0': AMENT_PREFIX_PATH=/home/varun/ros2_ws/install/catchall_py_pkg:/home/varun/ros2_ws/install/my_py_pkg:/home/varun/ros2_ws/install/my_robot_interfaces:/home/varun/ros2_ws/install/my_robot_bringup:/home/varun/ros2_ws/install/catchall_interfaces:/opt/ros/humble CMAKE_PREFIX_PATH=/home/varun/ros2_ws/install/catchall_interfaces:/home/varun/ros2_ws/install/my_robot_interfaces:/home/varun/ros2_ws/install/my_robot_bringup:/home/varun/ros2_ws/install/my_py_pkg:/home/varun/ros2_ws/install/catchall_py_pkg:/opt/ros/humble LD_LIBRARY_PATH=/home/varun/ros2_ws/install/catchall_interfaces/lib:/home/varun/ros2_ws/install/my_robot_interfaces/lib:/usr/lib/x86_64-linux-gnu/gazebo-11/plugins:/opt/ros/humble/opt/rviz_ogre_vendor/lib:/opt/ros/humble/lib/x86_64-linux-gnu:/opt/ros/humble/lib PYTHONPATH=/home/varun/ros2_ws/install/catchall_py_pkg/lib/python3.10/site-packages:/home/varun/ros2_ws/install/my_py_pkg/lib/python3.10/site-packages:/home/varun/ros2_ws/install/my_robot_interfaces/local/lib/python3.10/dist-packages:/home/varun/ros2_ws/build/my_py_pkg:/home/varun/ros2_ws/build/catchall_py_pkg:/home/varun/ros2_ws/install/catchall_interfaces/local/lib/python3.10/dist-packages:/opt/ros/humble/lib/python3.10/site-packages:/opt/ros/humble/local/lib/python3.10/dist-packages /usr/bin/cmake --build /home/varun/ros2_ws/build/my_robot_bringup -- -j24 -l24
[0.907s] Invoking command in '/home/varun/ros2_ws/build/my_robot_bringup': AMENT_PREFIX_PATH=/home/varun/ros2_ws/install/catchall_py_pkg:/home/varun/ros2_ws/install/my_py_pkg:/home/varun/ros2_ws/install/my_robot_interfaces:/home/varun/ros2_ws/install/my_robot_bringup:/home/varun/ros2_ws/install/catchall_interfaces:/opt/ros/humble CMAKE_PREFIX_PATH=/home/varun/ros2_ws/install/catchall_interfaces:/home/varun/ros2_ws/install/my_robot_interfaces:/home/varun/ros2_ws/install/my_robot_bringup:/home/varun/ros2_ws/install/my_py_pkg:/home/varun/ros2_ws/install/catchall_py_pkg:/opt/ros/humble LD_LIBRARY_PATH=/home/varun/ros2_ws/install/catchall_interfaces/lib:/home/varun/ros2_ws/install/my_robot_interfaces/lib:/usr/lib/x86_64-linux-gnu/gazebo-11/plugins:/opt/ros/humble/opt/rviz_ogre_vendor/lib:/opt/ros/humble/lib/x86_64-linux-gnu:/opt/ros/humble/lib PYTHONPATH=/home/varun/ros2_ws/install/catchall_py_pkg/lib/python3.10/site-packages:/home/varun/ros2_ws/install/my_py_pkg/lib/python3.10/site-packages:/home/varun/ros2_ws/install/my_robot_interfaces/local/lib/python3.10/dist-packages:/home/varun/ros2_ws/build/my_py_pkg:/home/varun/ros2_ws/build/catchall_py_pkg:/home/varun/ros2_ws/install/catchall_interfaces/local/lib/python3.10/dist-packages:/opt/ros/humble/lib/python3.10/site-packages:/opt/ros/humble/local/lib/python3.10/dist-packages /usr/bin/cmake --install /home/varun/ros2_ws/build/my_robot_bringup
[0.918s] -- Install configuration: ""
[0.919s] -- Installing: /home/varun/ros2_ws/install/my_robot_bringup/share/my_robot_bringup/launch
[0.919s] -- Installing: /home/varun/ros2_ws/install/my_robot_bringup/share/my_robot_bringup/launch/turtle_catcher.launch.py
[0.919s] -- Installing: /home/varun/ros2_ws/install/my_robot_bringup/share/my_robot_bringup/launch/first_launch_file.launch.py
[0.919s] -- Installing: /home/varun/ros2_ws/install/my_robot_bringup/share/ament_index/resource_index/package_run_dependencies/my_robot_bringup
[0.920s] -- Installing: /home/varun/ros2_ws/install/my_robot_bringup/share/ament_index/resource_index/parent_prefix_path/my_robot_bringup
[0.920s] -- Installing: /home/varun/ros2_ws/install/my_robot_bringup/share/my_robot_bringup/environment/ament_prefix_path.sh
[0.920s] -- Installing: /home/varun/ros2_ws/install/my_robot_bringup/share/my_robot_bringup/environment/ament_prefix_path.dsv
[0.920s] -- Installing: /home/varun/ros2_ws/install/my_robot_bringup/share/my_robot_bringup/environment/path.sh
[0.921s] -- Installing: /home/varun/ros2_ws/install/my_robot_bringup/share/my_robot_bringup/environment/path.dsv
[0.921s] -- Installing: /home/varun/ros2_ws/install/my_robot_bringup/share/my_robot_bringup/local_setup.bash
[0.921s] -- Installing: /home/varun/ros2_ws/install/my_robot_bringup/share/my_robot_bringup/local_setup.sh
[0.921s] -- Installing: /home/varun/ros2_ws/install/my_robot_bringup/share/my_robot_bringup/local_setup.zsh
[0.921s] -- Installing: /home/varun/ros2_ws/install/my_robot_bringup/share/my_robot_bringup/local_setup.dsv
[0.922s] -- Installing: /home/varun/ros2_ws/install/my_robot_bringup/share/my_robot_bringup/package.dsv
[0.922s] -- Installing: /home/varun/ros2_ws/install/my_robot_bringup/share/ament_index/resource_index/packages/my_robot_bringup
[0.922s] -- Installing: /home/varun/ros2_ws/install/my_robot_bringup/share/my_robot_bringup/cmake/my_robot_bringupConfig.cmake
[0.923s] -- Installing: /home/varun/ros2_ws/install/my_robot_bringup/share/my_robot_bringup/cmake/my_robot_bringupConfig-version.cmake
[0.923s] -- Installing: /home/varun/ros2_ws/install/my_robot_bringup/share/my_robot_bringup/package.xml
[0.925s] Invoked command in '/home/varun/ros2_ws/build/my_robot_bringup' returned '0': AMENT_PREFIX_PATH=/home/varun/ros2_ws/install/catchall_py_pkg:/home/varun/ros2_ws/install/my_py_pkg:/home/varun/ros2_ws/install/my_robot_interfaces:/home/varun/ros2_ws/install/my_robot_bringup:/home/varun/ros2_ws/install/catchall_interfaces:/opt/ros/humble CMAKE_PREFIX_PATH=/home/varun/ros2_ws/install/catchall_interfaces:/home/varun/ros2_ws/install/my_robot_interfaces:/home/varun/ros2_ws/install/my_robot_bringup:/home/varun/ros2_ws/install/my_py_pkg:/home/varun/ros2_ws/install/catchall_py_pkg:/opt/ros/humble LD_LIBRARY_PATH=/home/varun/ros2_ws/install/catchall_interfaces/lib:/home/varun/ros2_ws/install/my_robot_interfaces/lib:/usr/lib/x86_64-linux-gnu/gazebo-11/plugins:/opt/ros/humble/opt/rviz_ogre_vendor/lib:/opt/ros/humble/lib/x86_64-linux-gnu:/opt/ros/humble/lib PYTHONPATH=/home/varun/ros2_ws/install/catchall_py_pkg/lib/python3.10/site-packages:/home/varun/ros2_ws/install/my_py_pkg/lib/python3.10/site-packages:/home/varun/ros2_ws/install/my_robot_interfaces/local/lib/python3.10/dist-packages:/home/varun/ros2_ws/build/my_py_pkg:/home/varun/ros2_ws/build/catchall_py_pkg:/home/varun/ros2_ws/install/catchall_interfaces/local/lib/python3.10/dist-packages:/opt/ros/humble/lib/python3.10/site-packages:/opt/ros/humble/local/lib/python3.10/dist-packages /usr/bin/cmake --install /home/varun/ros2_ws/build/my_robot_bringup
