[0.095s] DEBUG:colcon:Command line arguments: ['/usr/bin/colcon', 'build']
[0.095s] DEBUG:colcon:Parsed command line arguments: Namespace(log_base=None, log_level=None, verb_name='build', build_base='build', install_base='install', merge_install=False, symlink_install=False, test_result_base=None, continue_on_error=False, executor='parallel', parallel_workers=24, event_handlers=None, ignore_user_meta=False, metas=['./colcon.meta'], base_paths=['.'], packages_ignore=None, packages_ignore_regex=None, paths=None, packages_up_to=None, packages_up_to_regex=None, packages_above=None, packages_above_and_dependencies=None, packages_above_depth=None, packages_select_by_dep=None, packages_skip_by_dep=None, packages_skip_up_to=None, packages_select_build_failed=False, packages_skip_build_finished=False, packages_select_test_failures=False, packages_skip_test_passed=False, packages_select=None, packages_skip=None, packages_select_regex=None, packages_skip_regex=None, packages_start=None, packages_end=None, allow_overriding=[], cmake_args=None, cmake_target=None, cmake_target_skip_unavailable=False, cmake_clean_cache=False, cmake_clean_first=False, cmake_force_configure=False, ament_cmake_args=None, catkin_cmake_args=None, catkin_skip_building_tests=False, verb_parser=<colcon_defaults.argument_parser.defaults.DefaultArgumentsDecorator object at 0x749babd35c60>, verb_extension=<colcon_core.verb.build.BuildVerb object at 0x749babeab520>, main=<bound method BuildVerb.main of <colcon_core.verb.build.BuildVerb object at 0x749babeab520>>)
[0.261s] Level 1:colcon.colcon_core.package_discovery:discover_packages(colcon_meta) check parameters
[0.261s] Level 1:colcon.colcon_core.package_discovery:discover_packages(recursive) check parameters
[0.261s] Level 1:colcon.colcon_core.package_discovery:discover_packages(ignore) check parameters
[0.261s] Level 1:colcon.colcon_core.package_discovery:discover_packages(path) check parameters
[0.261s] Level 1:colcon.colcon_core.package_discovery:discover_packages(colcon_meta) discover
[0.261s] Level 1:colcon.colcon_core.package_discovery:discover_packages(recursive) discover
[0.261s] INFO:colcon.colcon_core.package_discovery:Crawling recursively for packages in '/home/varun/ros2_ws'
[0.261s] Level 1:colcon.colcon_core.package_identification:_identify(.) by extensions ['ignore', 'ignore_ament_install']
[0.261s] Level 1:colcon.colcon_core.package_identification:_identify(.) by extension 'ignore'
[0.262s] Level 1:colcon.colcon_core.package_identification:_identify(.) by extension 'ignore_ament_install'
[0.262s] Level 1:colcon.colcon_core.package_identification:_identify(.) by extensions ['colcon_pkg']
[0.262s] Level 1:colcon.colcon_core.package_identification:_identify(.) by extension 'colcon_pkg'
[0.262s] Level 1:colcon.colcon_core.package_identification:_identify(.) by extensions ['colcon_meta']
[0.262s] Level 1:colcon.colcon_core.package_identification:_identify(.) by extension 'colcon_meta'
[0.262s] Level 1:colcon.colcon_core.package_identification:_identify(.) by extensions ['ros']
[0.262s] Level 1:colcon.colcon_core.package_identification:_identify(.) by extension 'ros'
[0.271s] Level 1:colcon.colcon_core.package_identification:_identify(.) by extensions ['cmake', 'python']
[0.271s] Level 1:colcon.colcon_core.package_identification:_identify(.) by extension 'cmake'
[0.271s] Level 1:colcon.colcon_core.package_identification:_identify(.) by extension 'python'
[0.271s] Level 1:colcon.colcon_core.package_identification:_identify(.) by extensions ['python_setup_py']
[0.271s] Level 1:colcon.colcon_core.package_identification:_identify(.) by extension 'python_setup_py'
[0.271s] Level 1:colcon.colcon_core.package_identification:_identify(build) by extensions ['ignore', 'ignore_ament_install']
[0.271s] Level 1:colcon.colcon_core.package_identification:_identify(build) by extension 'ignore'
[0.271s] Level 1:colcon.colcon_core.package_identification:_identify(build) ignored
[0.271s] Level 1:colcon.colcon_core.package_identification:_identify(install) by extensions ['ignore', 'ignore_ament_install']
[0.271s] Level 1:colcon.colcon_core.package_identification:_identify(install) by extension 'ignore'
[0.271s] Level 1:colcon.colcon_core.package_identification:_identify(install) ignored
[0.272s] Level 1:colcon.colcon_core.package_identification:_identify(log) by extensions ['ignore', 'ignore_ament_install']
[0.272s] Level 1:colcon.colcon_core.package_identification:_identify(log) by extension 'ignore'
[0.272s] Level 1:colcon.colcon_core.package_identification:_identify(log) ignored
[0.272s] Level 1:colcon.colcon_core.package_identification:_identify(src) by extensions ['ignore', 'ignore_ament_install']
[0.272s] Level 1:colcon.colcon_core.package_identification:_identify(src) by extension 'ignore'
[0.272s] Level 1:colcon.colcon_core.package_identification:_identify(src) by extension 'ignore_ament_install'
[0.272s] Level 1:colcon.colcon_core.package_identification:_identify(src) by extensions ['colcon_pkg']
[0.272s] Level 1:colcon.colcon_core.package_identification:_identify(src) by extension 'colcon_pkg'
[0.272s] Level 1:colcon.colcon_core.package_identification:_identify(src) by extensions ['colcon_meta']
[0.272s] Level 1:colcon.colcon_core.package_identification:_identify(src) by extension 'colcon_meta'
[0.272s] Level 1:colcon.colcon_core.package_identification:_identify(src) by extensions ['ros']
[0.272s] Level 1:colcon.colcon_core.package_identification:_identify(src) by extension 'ros'
[0.272s] Level 1:colcon.colcon_core.package_identification:_identify(src) by extensions ['cmake', 'python']
[0.272s] Level 1:colcon.colcon_core.package_identification:_identify(src) by extension 'cmake'
[0.272s] Level 1:colcon.colcon_core.package_identification:_identify(src) by extension 'python'
[0.272s] Level 1:colcon.colcon_core.package_identification:_identify(src) by extensions ['python_setup_py']
[0.272s] Level 1:colcon.colcon_core.package_identification:_identify(src) by extension 'python_setup_py'
[0.272s] Level 1:colcon.colcon_core.package_identification:_identify(src/catchall_interfaces) by extensions ['ignore', 'ignore_ament_install']
[0.272s] Level 1:colcon.colcon_core.package_identification:_identify(src/catchall_interfaces) by extension 'ignore'
[0.272s] Level 1:colcon.colcon_core.package_identification:_identify(src/catchall_interfaces) by extension 'ignore_ament_install'
[0.273s] Level 1:colcon.colcon_core.package_identification:_identify(src/catchall_interfaces) by extensions ['colcon_pkg']
[0.273s] Level 1:colcon.colcon_core.package_identification:_identify(src/catchall_interfaces) by extension 'colcon_pkg'
[0.273s] Level 1:colcon.colcon_core.package_identification:_identify(src/catchall_interfaces) by extensions ['colcon_meta']
[0.273s] Level 1:colcon.colcon_core.package_identification:_identify(src/catchall_interfaces) by extension 'colcon_meta'
[0.273s] Level 1:colcon.colcon_core.package_identification:_identify(src/catchall_interfaces) by extensions ['ros']
[0.273s] Level 1:colcon.colcon_core.package_identification:_identify(src/catchall_interfaces) by extension 'ros'
[0.275s] DEBUG:colcon.colcon_core.package_identification:Package 'src/catchall_interfaces' with type 'ros.ament_cmake' and name 'catchall_interfaces'
[0.275s] Level 1:colcon.colcon_core.package_identification:_identify(src/catchall_py_pkg) by extensions ['ignore', 'ignore_ament_install']
[0.275s] Level 1:colcon.colcon_core.package_identification:_identify(src/catchall_py_pkg) by extension 'ignore'
[0.275s] Level 1:colcon.colcon_core.package_identification:_identify(src/catchall_py_pkg) by extension 'ignore_ament_install'
[0.275s] Level 1:colcon.colcon_core.package_identification:_identify(src/catchall_py_pkg) by extensions ['colcon_pkg']
[0.275s] Level 1:colcon.colcon_core.package_identification:_identify(src/catchall_py_pkg) by extension 'colcon_pkg'
[0.275s] Level 1:colcon.colcon_core.package_identification:_identify(src/catchall_py_pkg) by extensions ['colcon_meta']
[0.275s] Level 1:colcon.colcon_core.package_identification:_identify(src/catchall_py_pkg) by extension 'colcon_meta'
[0.275s] Level 1:colcon.colcon_core.package_identification:_identify(src/catchall_py_pkg) by extensions ['ros']
[0.275s] Level 1:colcon.colcon_core.package_identification:_identify(src/catchall_py_pkg) by extension 'ros'
[0.276s] DEBUG:colcon.colcon_core.package_identification:Package 'src/catchall_py_pkg' with type 'ros.ament_python' and name 'catchall_py_pkg'
[0.276s] Level 1:colcon.colcon_core.package_identification:_identify(src/my_py_pkg) by extensions ['ignore', 'ignore_ament_install']
[0.276s] Level 1:colcon.colcon_core.package_identification:_identify(src/my_py_pkg) by extension 'ignore'
[0.276s] Level 1:colcon.colcon_core.package_identification:_identify(src/my_py_pkg) by extension 'ignore_ament_install'
[0.276s] Level 1:colcon.colcon_core.package_identification:_identify(src/my_py_pkg) by extensions ['colcon_pkg']
[0.276s] Level 1:colcon.colcon_core.package_identification:_identify(src/my_py_pkg) by extension 'colcon_pkg'
[0.276s] Level 1:colcon.colcon_core.package_identification:_identify(src/my_py_pkg) by extensions ['colcon_meta']
[0.276s] Level 1:colcon.colcon_core.package_identification:_identify(src/my_py_pkg) by extension 'colcon_meta'
[0.276s] Level 1:colcon.colcon_core.package_identification:_identify(src/my_py_pkg) by extensions ['ros']
[0.276s] Level 1:colcon.colcon_core.package_identification:_identify(src/my_py_pkg) by extension 'ros'
[0.277s] DEBUG:colcon.colcon_core.package_identification:Package 'src/my_py_pkg' with type 'ros.ament_python' and name 'my_py_pkg'
[0.277s] Level 1:colcon.colcon_core.package_identification:_identify(src/my_robot_bringup) by extensions ['ignore', 'ignore_ament_install']
[0.277s] Level 1:colcon.colcon_core.package_identification:_identify(src/my_robot_bringup) by extension 'ignore'
[0.277s] Level 1:colcon.colcon_core.package_identification:_identify(src/my_robot_bringup) by extension 'ignore_ament_install'
[0.277s] Level 1:colcon.colcon_core.package_identification:_identify(src/my_robot_bringup) by extensions ['colcon_pkg']
[0.277s] Level 1:colcon.colcon_core.package_identification:_identify(src/my_robot_bringup) by extension 'colcon_pkg'
[0.277s] Level 1:colcon.colcon_core.package_identification:_identify(src/my_robot_bringup) by extensions ['colcon_meta']
[0.277s] Level 1:colcon.colcon_core.package_identification:_identify(src/my_robot_bringup) by extension 'colcon_meta'
[0.277s] Level 1:colcon.colcon_core.package_identification:_identify(src/my_robot_bringup) by extensions ['ros']
[0.277s] Level 1:colcon.colcon_core.package_identification:_identify(src/my_robot_bringup) by extension 'ros'
[0.277s] DEBUG:colcon.colcon_core.package_identification:Package 'src/my_robot_bringup' with type 'ros.ament_cmake' and name 'my_robot_bringup'
[0.277s] Level 1:colcon.colcon_core.package_identification:_identify(src/my_robot_interfaces) by extensions ['ignore', 'ignore_ament_install']
[0.278s] Level 1:colcon.colcon_core.package_identification:_identify(src/my_robot_interfaces) by extension 'ignore'
[0.278s] Level 1:colcon.colcon_core.package_identification:_identify(src/my_robot_interfaces) by extension 'ignore_ament_install'
[0.278s] Level 1:colcon.colcon_core.package_identification:_identify(src/my_robot_interfaces) by extensions ['colcon_pkg']
[0.278s] Level 1:colcon.colcon_core.package_identification:_identify(src/my_robot_interfaces) by extension 'colcon_pkg'
[0.278s] Level 1:colcon.colcon_core.package_identification:_identify(src/my_robot_interfaces) by extensions ['colcon_meta']
[0.278s] Level 1:colcon.colcon_core.package_identification:_identify(src/my_robot_interfaces) by extension 'colcon_meta'
[0.278s] Level 1:colcon.colcon_core.package_identification:_identify(src/my_robot_interfaces) by extensions ['ros']
[0.278s] Level 1:colcon.colcon_core.package_identification:_identify(src/my_robot_interfaces) by extension 'ros'
[0.278s] DEBUG:colcon.colcon_core.package_identification:Package 'src/my_robot_interfaces' with type 'ros.ament_cmake' and name 'my_robot_interfaces'
[0.278s] Level 1:colcon.colcon_core.package_identification:_identify(src/sensor_preprocessing) by extensions ['ignore', 'ignore_ament_install']
[0.278s] Level 1:colcon.colcon_core.package_identification:_identify(src/sensor_preprocessing) by extension 'ignore'
[0.278s] Level 1:colcon.colcon_core.package_identification:_identify(src/sensor_preprocessing) by extension 'ignore_ament_install'
[0.278s] Level 1:colcon.colcon_core.package_identification:_identify(src/sensor_preprocessing) by extensions ['colcon_pkg']
[0.278s] Level 1:colcon.colcon_core.package_identification:_identify(src/sensor_preprocessing) by extension 'colcon_pkg'
[0.279s] Level 1:colcon.colcon_core.package_identification:_identify(src/sensor_preprocessing) by extensions ['colcon_meta']
[0.279s] Level 1:colcon.colcon_core.package_identification:_identify(src/sensor_preprocessing) by extension 'colcon_meta'
[0.279s] Level 1:colcon.colcon_core.package_identification:_identify(src/sensor_preprocessing) by extensions ['ros']
[0.279s] Level 1:colcon.colcon_core.package_identification:_identify(src/sensor_preprocessing) by extension 'ros'
[0.284s] DEBUG:colcon.colcon_core.package_identification:Package 'src/sensor_preprocessing' with type 'ros.ament_python' and name 'sensor_preprocessing'
[0.284s] Level 1:colcon.colcon_core.package_discovery:discover_packages(recursive) using defaults
[0.284s] Level 1:colcon.colcon_core.package_discovery:discover_packages(ignore) discover
[0.284s] Level 1:colcon.colcon_core.package_discovery:discover_packages(ignore) using defaults
[0.284s] Level 1:colcon.colcon_core.package_discovery:discover_packages(path) discover
[0.284s] Level 1:colcon.colcon_core.package_discovery:discover_packages(path) using defaults
[0.299s] Level 1:colcon.colcon_core.package_discovery:discover_packages(prefix_path) check parameters
[0.299s] Level 1:colcon.colcon_core.package_discovery:discover_packages(prefix_path) discover
[0.300s] WARNING:colcon.colcon_ros.prefix_path.ament:The path '/home/varun/ros2_ws/install/my_robot_interfaces' in the environment variable AMENT_PREFIX_PATH doesn't exist
[0.300s] WARNING:colcon.colcon_ros.prefix_path.ament:The path '/home/varun/ros2_ws/install/my_robot_bringup' in the environment variable AMENT_PREFIX_PATH doesn't exist
[0.300s] WARNING:colcon.colcon_ros.prefix_path.ament:The path '/home/varun/ros2_ws/install/my_py_pkg' in the environment variable AMENT_PREFIX_PATH doesn't exist
[0.300s] WARNING:colcon.colcon_ros.prefix_path.ament:The path '/home/varun/ros2_ws/install/catchall_py_pkg' in the environment variable AMENT_PREFIX_PATH doesn't exist
[0.300s] WARNING:colcon.colcon_ros.prefix_path.ament:The path '/home/varun/ros2_ws/install/catchall_interfaces' in the environment variable AMENT_PREFIX_PATH doesn't exist
[0.300s] WARNING:colcon.colcon_ros.prefix_path.catkin:The path '/home/varun/ros2_ws/install/my_robot_interfaces' in the environment variable CMAKE_PREFIX_PATH doesn't exist
[0.300s] WARNING:colcon.colcon_ros.prefix_path.catkin:The path '/home/varun/ros2_ws/install/my_robot_bringup' in the environment variable CMAKE_PREFIX_PATH doesn't exist
[0.300s] WARNING:colcon.colcon_ros.prefix_path.catkin:The path '/home/varun/ros2_ws/install/catchall_interfaces' in the environment variable CMAKE_PREFIX_PATH doesn't exist
[0.301s] DEBUG:colcon.colcon_installed_package_information.package_discovery:Found 0 installed packages in /home/varun/ros2_ws/install
[0.303s] DEBUG:colcon.colcon_installed_package_information.package_discovery:Found 338 installed packages in /opt/ros/humble
[0.305s] Level 1:colcon.colcon_core.package_discovery:discover_packages(prefix_path) using defaults
[0.348s] Level 5:colcon.colcon_core.verb:set package 'catchall_interfaces' build argument 'cmake_args' from command line to 'None'
[0.348s] Level 5:colcon.colcon_core.verb:set package 'catchall_interfaces' build argument 'cmake_target' from command line to 'None'
[0.348s] Level 5:colcon.colcon_core.verb:set package 'catchall_interfaces' build argument 'cmake_target_skip_unavailable' from command line to 'False'
[0.348s] Level 5:colcon.colcon_core.verb:set package 'catchall_interfaces' build argument 'cmake_clean_cache' from command line to 'False'
[0.348s] Level 5:colcon.colcon_core.verb:set package 'catchall_interfaces' build argument 'cmake_clean_first' from command line to 'False'
[0.348s] Level 5:colcon.colcon_core.verb:set package 'catchall_interfaces' build argument 'cmake_force_configure' from command line to 'False'
[0.348s] Level 5:colcon.colcon_core.verb:set package 'catchall_interfaces' build argument 'ament_cmake_args' from command line to 'None'
[0.348s] Level 5:colcon.colcon_core.verb:set package 'catchall_interfaces' build argument 'catkin_cmake_args' from command line to 'None'
[0.348s] Level 5:colcon.colcon_core.verb:set package 'catchall_interfaces' build argument 'catkin_skip_building_tests' from command line to 'False'
[0.348s] DEBUG:colcon.colcon_core.verb:Building package 'catchall_interfaces' with the following arguments: {'ament_cmake_args': None, 'build_base': '/home/varun/ros2_ws/build/catchall_interfaces', 'catkin_cmake_args': None, 'catkin_skip_building_tests': False, 'cmake_args': None, 'cmake_clean_cache': False, 'cmake_clean_first': False, 'cmake_force_configure': False, 'cmake_target': None, 'cmake_target_skip_unavailable': False, 'install_base': '/home/varun/ros2_ws/install/catchall_interfaces', 'merge_install': False, 'path': '/home/varun/ros2_ws/src/catchall_interfaces', 'symlink_install': False, 'test_result_base': None}
[0.348s] Level 5:colcon.colcon_core.verb:set package 'my_py_pkg' build argument 'cmake_args' from command line to 'None'
[0.348s] Level 5:colcon.colcon_core.verb:set package 'my_py_pkg' build argument 'cmake_target' from command line to 'None'
[0.348s] Level 5:colcon.colcon_core.verb:set package 'my_py_pkg' build argument 'cmake_target_skip_unavailable' from command line to 'False'
[0.348s] Level 5:colcon.colcon_core.verb:set package 'my_py_pkg' build argument 'cmake_clean_cache' from command line to 'False'
[0.348s] Level 5:colcon.colcon_core.verb:set package 'my_py_pkg' build argument 'cmake_clean_first' from command line to 'False'
[0.348s] Level 5:colcon.colcon_core.verb:set package 'my_py_pkg' build argument 'cmake_force_configure' from command line to 'False'
[0.348s] Level 5:colcon.colcon_core.verb:set package 'my_py_pkg' build argument 'ament_cmake_args' from command line to 'None'
[0.348s] Level 5:colcon.colcon_core.verb:set package 'my_py_pkg' build argument 'catkin_cmake_args' from command line to 'None'
[0.348s] Level 5:colcon.colcon_core.verb:set package 'my_py_pkg' build argument 'catkin_skip_building_tests' from command line to 'False'
[0.349s] DEBUG:colcon.colcon_core.verb:Building package 'my_py_pkg' with the following arguments: {'ament_cmake_args': None, 'build_base': '/home/varun/ros2_ws/build/my_py_pkg', 'catkin_cmake_args': None, 'catkin_skip_building_tests': False, 'cmake_args': None, 'cmake_clean_cache': False, 'cmake_clean_first': False, 'cmake_force_configure': False, 'cmake_target': None, 'cmake_target_skip_unavailable': False, 'install_base': '/home/varun/ros2_ws/install/my_py_pkg', 'merge_install': False, 'path': '/home/varun/ros2_ws/src/my_py_pkg', 'symlink_install': False, 'test_result_base': None}
[0.349s] Level 5:colcon.colcon_core.verb:set package 'my_robot_interfaces' build argument 'cmake_args' from command line to 'None'
[0.349s] Level 5:colcon.colcon_core.verb:set package 'my_robot_interfaces' build argument 'cmake_target' from command line to 'None'
[0.349s] Level 5:colcon.colcon_core.verb:set package 'my_robot_interfaces' build argument 'cmake_target_skip_unavailable' from command line to 'False'
[0.349s] Level 5:colcon.colcon_core.verb:set package 'my_robot_interfaces' build argument 'cmake_clean_cache' from command line to 'False'
[0.349s] Level 5:colcon.colcon_core.verb:set package 'my_robot_interfaces' build argument 'cmake_clean_first' from command line to 'False'
[0.349s] Level 5:colcon.colcon_core.verb:set package 'my_robot_interfaces' build argument 'cmake_force_configure' from command line to 'False'
[0.349s] Level 5:colcon.colcon_core.verb:set package 'my_robot_interfaces' build argument 'ament_cmake_args' from command line to 'None'
[0.349s] Level 5:colcon.colcon_core.verb:set package 'my_robot_interfaces' build argument 'catkin_cmake_args' from command line to 'None'
[0.349s] Level 5:colcon.colcon_core.verb:set package 'my_robot_interfaces' build argument 'catkin_skip_building_tests' from command line to 'False'
[0.349s] DEBUG:colcon.colcon_core.verb:Building package 'my_robot_interfaces' with the following arguments: {'ament_cmake_args': None, 'build_base': '/home/varun/ros2_ws/build/my_robot_interfaces', 'catkin_cmake_args': None, 'catkin_skip_building_tests': False, 'cmake_args': None, 'cmake_clean_cache': False, 'cmake_clean_first': False, 'cmake_force_configure': False, 'cmake_target': None, 'cmake_target_skip_unavailable': False, 'install_base': '/home/varun/ros2_ws/install/my_robot_interfaces', 'merge_install': False, 'path': '/home/varun/ros2_ws/src/my_robot_interfaces', 'symlink_install': False, 'test_result_base': None}
[0.349s] Level 5:colcon.colcon_core.verb:set package 'sensor_preprocessing' build argument 'cmake_args' from command line to 'None'
[0.349s] Level 5:colcon.colcon_core.verb:set package 'sensor_preprocessing' build argument 'cmake_target' from command line to 'None'
[0.349s] Level 5:colcon.colcon_core.verb:set package 'sensor_preprocessing' build argument 'cmake_target_skip_unavailable' from command line to 'False'
[0.349s] Level 5:colcon.colcon_core.verb:set package 'sensor_preprocessing' build argument 'cmake_clean_cache' from command line to 'False'
[0.349s] Level 5:colcon.colcon_core.verb:set package 'sensor_preprocessing' build argument 'cmake_clean_first' from command line to 'False'
[0.349s] Level 5:colcon.colcon_core.verb:set package 'sensor_preprocessing' build argument 'cmake_force_configure' from command line to 'False'
[0.349s] Level 5:colcon.colcon_core.verb:set package 'sensor_preprocessing' build argument 'ament_cmake_args' from command line to 'None'
[0.349s] Level 5:colcon.colcon_core.verb:set package 'sensor_preprocessing' build argument 'catkin_cmake_args' from command line to 'None'
[0.350s] Level 5:colcon.colcon_core.verb:set package 'sensor_preprocessing' build argument 'catkin_skip_building_tests' from command line to 'False'
[0.350s] DEBUG:colcon.colcon_core.verb:Building package 'sensor_preprocessing' with the following arguments: {'ament_cmake_args': None, 'build_base': '/home/varun/ros2_ws/build/sensor_preprocessing', 'catkin_cmake_args': None, 'catkin_skip_building_tests': False, 'cmake_args': None, 'cmake_clean_cache': False, 'cmake_clean_first': False, 'cmake_force_configure': False, 'cmake_target': None, 'cmake_target_skip_unavailable': False, 'install_base': '/home/varun/ros2_ws/install/sensor_preprocessing', 'merge_install': False, 'path': '/home/varun/ros2_ws/src/sensor_preprocessing', 'symlink_install': False, 'test_result_base': None}
[0.350s] Level 5:colcon.colcon_core.verb:set package 'catchall_py_pkg' build argument 'cmake_args' from command line to 'None'
[0.350s] Level 5:colcon.colcon_core.verb:set package 'catchall_py_pkg' build argument 'cmake_target' from command line to 'None'
[0.350s] Level 5:colcon.colcon_core.verb:set package 'catchall_py_pkg' build argument 'cmake_target_skip_unavailable' from command line to 'False'
[0.350s] Level 5:colcon.colcon_core.verb:set package 'catchall_py_pkg' build argument 'cmake_clean_cache' from command line to 'False'
[0.350s] Level 5:colcon.colcon_core.verb:set package 'catchall_py_pkg' build argument 'cmake_clean_first' from command line to 'False'
[0.350s] Level 5:colcon.colcon_core.verb:set package 'catchall_py_pkg' build argument 'cmake_force_configure' from command line to 'False'
[0.350s] Level 5:colcon.colcon_core.verb:set package 'catchall_py_pkg' build argument 'ament_cmake_args' from command line to 'None'
[0.350s] Level 5:colcon.colcon_core.verb:set package 'catchall_py_pkg' build argument 'catkin_cmake_args' from command line to 'None'
[0.350s] Level 5:colcon.colcon_core.verb:set package 'catchall_py_pkg' build argument 'catkin_skip_building_tests' from command line to 'False'
[0.350s] DEBUG:colcon.colcon_core.verb:Building package 'catchall_py_pkg' with the following arguments: {'ament_cmake_args': None, 'build_base': '/home/varun/ros2_ws/build/catchall_py_pkg', 'catkin_cmake_args': None, 'catkin_skip_building_tests': False, 'cmake_args': None, 'cmake_clean_cache': False, 'cmake_clean_first': False, 'cmake_force_configure': False, 'cmake_target': None, 'cmake_target_skip_unavailable': False, 'install_base': '/home/varun/ros2_ws/install/catchall_py_pkg', 'merge_install': False, 'path': '/home/varun/ros2_ws/src/catchall_py_pkg', 'symlink_install': False, 'test_result_base': None}
[0.350s] Level 5:colcon.colcon_core.verb:set package 'my_robot_bringup' build argument 'cmake_args' from command line to 'None'
[0.350s] Level 5:colcon.colcon_core.verb:set package 'my_robot_bringup' build argument 'cmake_target' from command line to 'None'
[0.350s] Level 5:colcon.colcon_core.verb:set package 'my_robot_bringup' build argument 'cmake_target_skip_unavailable' from command line to 'False'
[0.350s] Level 5:colcon.colcon_core.verb:set package 'my_robot_bringup' build argument 'cmake_clean_cache' from command line to 'False'
[0.350s] Level 5:colcon.colcon_core.verb:set package 'my_robot_bringup' build argument 'cmake_clean_first' from command line to 'False'
[0.350s] Level 5:colcon.colcon_core.verb:set package 'my_robot_bringup' build argument 'cmake_force_configure' from command line to 'False'
[0.350s] Level 5:colcon.colcon_core.verb:set package 'my_robot_bringup' build argument 'ament_cmake_args' from command line to 'None'
[0.350s] Level 5:colcon.colcon_core.verb:set package 'my_robot_bringup' build argument 'catkin_cmake_args' from command line to 'None'
[0.351s] Level 5:colcon.colcon_core.verb:set package 'my_robot_bringup' build argument 'catkin_skip_building_tests' from command line to 'False'
[0.351s] DEBUG:colcon.colcon_core.verb:Building package 'my_robot_bringup' with the following arguments: {'ament_cmake_args': None, 'build_base': '/home/varun/ros2_ws/build/my_robot_bringup', 'catkin_cmake_args': None, 'catkin_skip_building_tests': False, 'cmake_args': None, 'cmake_clean_cache': False, 'cmake_clean_first': False, 'cmake_force_configure': False, 'cmake_target': None, 'cmake_target_skip_unavailable': False, 'install_base': '/home/varun/ros2_ws/install/my_robot_bringup', 'merge_install': False, 'path': '/home/varun/ros2_ws/src/my_robot_bringup', 'symlink_install': False, 'test_result_base': None}
[0.351s] INFO:colcon.colcon_core.executor:Executing jobs using 'parallel' executor
[0.352s] DEBUG:colcon.colcon_parallel_executor.executor.parallel:run_until_complete
[0.352s] INFO:colcon.colcon_ros.task.ament_cmake.build:Building ROS package in '/home/varun/ros2_ws/src/catchall_interfaces' with build type 'ament_cmake'
[0.352s] INFO:colcon.colcon_cmake.task.cmake.build:Building CMake package in '/home/varun/ros2_ws/src/catchall_interfaces'
[0.355s] INFO:colcon.colcon_core.plugin_system:Skipping extension 'colcon_core.shell.bat': Not used on non-Windows systems
[0.355s] INFO:colcon.colcon_core.shell:Skip shell extension 'powershell' for command environment: Not usable outside of PowerShell
[0.355s] DEBUG:colcon.colcon_core.shell:Skip shell extension 'dsv' for command environment
[0.360s] INFO:colcon.colcon_ros.task.ament_python.build:Building ROS package in '/home/varun/ros2_ws/src/my_py_pkg' with build type 'ament_python'
[0.360s] Level 1:colcon.colcon_core.shell:create_environment_hook('my_py_pkg', 'ament_prefix_path')
[0.360s] INFO:colcon.colcon_core.shell:Creating environment hook '/home/varun/ros2_ws/install/my_py_pkg/share/my_py_pkg/hook/ament_prefix_path.ps1'
[0.361s] INFO:colcon.colcon_core.shell:Creating environment descriptor '/home/varun/ros2_ws/install/my_py_pkg/share/my_py_pkg/hook/ament_prefix_path.dsv'
[0.362s] INFO:colcon.colcon_core.shell:Creating environment hook '/home/varun/ros2_ws/install/my_py_pkg/share/my_py_pkg/hook/ament_prefix_path.sh'
[0.362s] INFO:colcon.colcon_core.shell:Skip shell extension 'powershell' for command environment: Not usable outside of PowerShell
[0.362s] DEBUG:colcon.colcon_core.shell:Skip shell extension 'dsv' for command environment
[0.367s] INFO:colcon.colcon_ros.task.ament_cmake.build:Building ROS package in '/home/varun/ros2_ws/src/my_robot_interfaces' with build type 'ament_cmake'
[0.367s] INFO:colcon.colcon_cmake.task.cmake.build:Building CMake package in '/home/varun/ros2_ws/src/my_robot_interfaces'
[0.367s] INFO:colcon.colcon_core.shell:Skip shell extension 'powershell' for command environment: Not usable outside of PowerShell
[0.367s] DEBUG:colcon.colcon_core.shell:Skip shell extension 'dsv' for command environment
[0.371s] INFO:colcon.colcon_ros.task.ament_python.build:Building ROS package in '/home/varun/ros2_ws/src/sensor_preprocessing' with build type 'ament_python'
[0.372s] Level 1:colcon.colcon_core.shell:create_environment_hook('sensor_preprocessing', 'ament_prefix_path')
[0.372s] INFO:colcon.colcon_core.shell:Creating environment hook '/home/varun/ros2_ws/install/sensor_preprocessing/share/sensor_preprocessing/hook/ament_prefix_path.ps1'
[0.372s] INFO:colcon.colcon_core.shell:Creating environment descriptor '/home/varun/ros2_ws/install/sensor_preprocessing/share/sensor_preprocessing/hook/ament_prefix_path.dsv'
[0.373s] INFO:colcon.colcon_core.shell:Creating environment hook '/home/varun/ros2_ws/install/sensor_preprocessing/share/sensor_preprocessing/hook/ament_prefix_path.sh'
[0.373s] INFO:colcon.colcon_core.shell:Skip shell extension 'powershell' for command environment: Not usable outside of PowerShell
[0.373s] DEBUG:colcon.colcon_core.shell:Skip shell extension 'dsv' for command environment
[0.384s] DEBUG:colcon.colcon_core.event_handler.log_command:Invoking command in '/home/varun/ros2_ws/build/catchall_interfaces': CMAKE_PREFIX_PATH=${CMAKE_PREFIX_PATH}:/home/varun/ros2_ws/install/my_py_pkg:/home/varun/ros2_ws/install/catchall_py_pkg:/opt/ros/humble /usr/bin/cmake /home/varun/ros2_ws/src/catchall_interfaces -DCMAKE_INSTALL_PREFIX=/home/varun/ros2_ws/install/catchall_interfaces
[0.646s] INFO:colcon.colcon_core.task.python.build:Building Python package in '/home/varun/ros2_ws/src/my_py_pkg'
[0.646s] INFO:colcon.colcon_core.shell:Skip shell extension 'powershell' for command environment: Not usable outside of PowerShell
[0.646s] DEBUG:colcon.colcon_core.shell:Skip shell extension 'dsv' for command environment
[0.657s] DEBUG:colcon.colcon_core.event_handler.log_command:Invoking command in '/home/varun/ros2_ws/build/my_robot_interfaces': CMAKE_PREFIX_PATH=${CMAKE_PREFIX_PATH}:/home/varun/ros2_ws/install/my_py_pkg:/home/varun/ros2_ws/install/catchall_py_pkg:/opt/ros/humble /usr/bin/cmake /home/varun/ros2_ws/src/my_robot_interfaces -DCMAKE_INSTALL_PREFIX=/home/varun/ros2_ws/install/my_robot_interfaces
[0.935s] INFO:colcon.colcon_core.task.python.build:Building Python package in '/home/varun/ros2_ws/src/sensor_preprocessing'
[0.936s] INFO:colcon.colcon_core.shell:Skip shell extension 'powershell' for command environment: Not usable outside of PowerShell
[0.936s] DEBUG:colcon.colcon_core.shell:Skip shell extension 'dsv' for command environment
[1.349s] DEBUG:colcon.colcon_core.event_handler.log_command:Invoking command in '/home/varun/ros2_ws/src/my_py_pkg': PYTHONPATH=/home/varun/ros2_ws/build/my_py_pkg/prefix_override:/usr/lib/python3/dist-packages/colcon_core/task/python/colcon_distutils_commands:/home/varun/ros2_ws/install/my_py_pkg/lib/python3.10/site-packages:${PYTHONPATH} /usr/bin/python3 -W ignore:setup.py install is deprecated setup.py egg_info --egg-base ../../build/my_py_pkg build --build-base /home/varun/ros2_ws/build/my_py_pkg/build install --record /home/varun/ros2_ws/build/my_py_pkg/install.log --single-version-externally-managed install_data
[1.375s] DEBUG:colcon.colcon_core.event_handler.log_command:Invoking command in '/home/varun/ros2_ws/src/sensor_preprocessing': PYTHONPATH=/home/varun/ros2_ws/build/sensor_preprocessing/prefix_override:/usr/lib/python3/dist-packages/colcon_core/task/python/colcon_distutils_commands:/home/varun/ros2_ws/install/sensor_preprocessing/lib/python3.10/site-packages:${PYTHONPATH} /usr/bin/python3 -W ignore:setup.py install is deprecated setup.py egg_info --egg-base ../../build/sensor_preprocessing build --build-base /home/varun/ros2_ws/build/sensor_preprocessing/build install --record /home/varun/ros2_ws/build/sensor_preprocessing/install.log --single-version-externally-managed install_data
[1.651s] DEBUG:colcon.colcon_core.event_handler.log_command:Invoked command in '/home/varun/ros2_ws/src/my_py_pkg' returned '0': PYTHONPATH=/home/varun/ros2_ws/build/my_py_pkg/prefix_override:/usr/lib/python3/dist-packages/colcon_core/task/python/colcon_distutils_commands:/home/varun/ros2_ws/install/my_py_pkg/lib/python3.10/site-packages:${PYTHONPATH} /usr/bin/python3 -W ignore:setup.py install is deprecated setup.py egg_info --egg-base ../../build/my_py_pkg build --build-base /home/varun/ros2_ws/build/my_py_pkg/build install --record /home/varun/ros2_ws/build/my_py_pkg/install.log --single-version-externally-managed install_data
[1.653s] Level 1:colcon.colcon_core.environment:checking '/home/varun/ros2_ws/install/my_py_pkg' for CMake module files
[1.654s] Level 1:colcon.colcon_core.environment:checking '/home/varun/ros2_ws/install/my_py_pkg' for CMake config files
[1.655s] Level 1:colcon.colcon_core.environment:checking '/home/varun/ros2_ws/install/my_py_pkg/lib'
[1.655s] Level 1:colcon.colcon_core.environment:checking '/home/varun/ros2_ws/install/my_py_pkg/bin'
[1.655s] Level 1:colcon.colcon_core.environment:checking '/home/varun/ros2_ws/install/my_py_pkg/lib/pkgconfig/my_py_pkg.pc'
[1.655s] Level 1:colcon.colcon_core.environment:checking '/home/varun/ros2_ws/install/my_py_pkg/lib/python3.10/site-packages'
[1.655s] Level 1:colcon.colcon_core.shell:create_environment_hook('my_py_pkg', 'pythonpath')
[1.655s] INFO:colcon.colcon_core.shell:Creating environment hook '/home/varun/ros2_ws/install/my_py_pkg/share/my_py_pkg/hook/pythonpath.ps1'
[1.656s] INFO:colcon.colcon_core.shell:Creating environment descriptor '/home/varun/ros2_ws/install/my_py_pkg/share/my_py_pkg/hook/pythonpath.dsv'
[1.656s] INFO:colcon.colcon_core.shell:Creating environment hook '/home/varun/ros2_ws/install/my_py_pkg/share/my_py_pkg/hook/pythonpath.sh'
[1.657s] Level 1:colcon.colcon_core.environment:checking '/home/varun/ros2_ws/install/my_py_pkg/bin'
[1.657s] Level 1:colcon.colcon_core.environment:create_environment_scripts_only(my_py_pkg)
[1.657s] INFO:colcon.colcon_core.shell:Creating package script '/home/varun/ros2_ws/install/my_py_pkg/share/my_py_pkg/package.ps1'
[1.657s] INFO:colcon.colcon_core.shell:Creating package descriptor '/home/varun/ros2_ws/install/my_py_pkg/share/my_py_pkg/package.dsv'
[1.658s] INFO:colcon.colcon_core.shell:Creating package script '/home/varun/ros2_ws/install/my_py_pkg/share/my_py_pkg/package.sh'
[1.658s] INFO:colcon.colcon_core.shell:Creating package script '/home/varun/ros2_ws/install/my_py_pkg/share/my_py_pkg/package.bash'
[1.659s] INFO:colcon.colcon_core.shell:Creating package script '/home/varun/ros2_ws/install/my_py_pkg/share/my_py_pkg/package.zsh'
[1.659s] Level 1:colcon.colcon_core.environment:create_file_with_runtime_dependencies(/home/varun/ros2_ws/install/my_py_pkg/share/colcon-core/packages/my_py_pkg)
[1.682s] Level 1:colcon.colcon_core.environment:checking '/home/varun/ros2_ws/install/sensor_preprocessing' for CMake module files
[1.683s] DEBUG:colcon.colcon_core.event_handler.log_command:Invoked command in '/home/varun/ros2_ws/src/sensor_preprocessing' returned '0': PYTHONPATH=/home/varun/ros2_ws/build/sensor_preprocessing/prefix_override:/usr/lib/python3/dist-packages/colcon_core/task/python/colcon_distutils_commands:/home/varun/ros2_ws/install/sensor_preprocessing/lib/python3.10/site-packages:${PYTHONPATH} /usr/bin/python3 -W ignore:setup.py install is deprecated setup.py egg_info --egg-base ../../build/sensor_preprocessing build --build-base /home/varun/ros2_ws/build/sensor_preprocessing/build install --record /home/varun/ros2_ws/build/sensor_preprocessing/install.log --single-version-externally-managed install_data
[1.683s] Level 1:colcon.colcon_core.environment:checking '/home/varun/ros2_ws/install/sensor_preprocessing' for CMake config files
[1.684s] Level 1:colcon.colcon_core.environment:checking '/home/varun/ros2_ws/install/sensor_preprocessing/lib'
[1.684s] Level 1:colcon.colcon_core.environment:checking '/home/varun/ros2_ws/install/sensor_preprocessing/bin'
[1.684s] Level 1:colcon.colcon_core.environment:checking '/home/varun/ros2_ws/install/sensor_preprocessing/lib/pkgconfig/sensor_preprocessing.pc'
[1.684s] Level 1:colcon.colcon_core.environment:checking '/home/varun/ros2_ws/install/sensor_preprocessing/lib/python3.10/site-packages'
[1.685s] Level 1:colcon.colcon_core.shell:create_environment_hook('sensor_preprocessing', 'pythonpath')
[1.685s] INFO:colcon.colcon_core.shell:Creating environment hook '/home/varun/ros2_ws/install/sensor_preprocessing/share/sensor_preprocessing/hook/pythonpath.ps1'
[1.685s] INFO:colcon.colcon_core.shell:Creating environment descriptor '/home/varun/ros2_ws/install/sensor_preprocessing/share/sensor_preprocessing/hook/pythonpath.dsv'
[1.685s] INFO:colcon.colcon_core.shell:Creating environment hook '/home/varun/ros2_ws/install/sensor_preprocessing/share/sensor_preprocessing/hook/pythonpath.sh'
[1.686s] Level 1:colcon.colcon_core.environment:checking '/home/varun/ros2_ws/install/sensor_preprocessing/bin'
[1.686s] Level 1:colcon.colcon_core.environment:create_environment_scripts_only(sensor_preprocessing)
[1.686s] INFO:colcon.colcon_core.shell:Creating package script '/home/varun/ros2_ws/install/sensor_preprocessing/share/sensor_preprocessing/package.ps1'
[1.686s] INFO:colcon.colcon_core.shell:Creating package descriptor '/home/varun/ros2_ws/install/sensor_preprocessing/share/sensor_preprocessing/package.dsv'
[1.687s] INFO:colcon.colcon_core.shell:Creating package script '/home/varun/ros2_ws/install/sensor_preprocessing/share/sensor_preprocessing/package.sh'
[1.687s] INFO:colcon.colcon_core.shell:Creating package script '/home/varun/ros2_ws/install/sensor_preprocessing/share/sensor_preprocessing/package.bash'
[1.687s] INFO:colcon.colcon_core.shell:Creating package script '/home/varun/ros2_ws/install/sensor_preprocessing/share/sensor_preprocessing/package.zsh'
[1.688s] Level 1:colcon.colcon_core.environment:create_file_with_runtime_dependencies(/home/varun/ros2_ws/install/sensor_preprocessing/share/colcon-core/packages/sensor_preprocessing)
[2.662s] DEBUG:colcon.colcon_core.event_handler.log_command:Invoked command in '/home/varun/ros2_ws/build/my_robot_interfaces' returned '0': CMAKE_PREFIX_PATH=${CMAKE_PREFIX_PATH}:/home/varun/ros2_ws/install/my_py_pkg:/home/varun/ros2_ws/install/catchall_py_pkg:/opt/ros/humble /usr/bin/cmake /home/varun/ros2_ws/src/my_robot_interfaces -DCMAKE_INSTALL_PREFIX=/home/varun/ros2_ws/install/my_robot_interfaces
[2.665s] DEBUG:colcon.colcon_core.event_handler.log_command:Invoking command in '/home/varun/ros2_ws/build/my_robot_interfaces': CMAKE_PREFIX_PATH=${CMAKE_PREFIX_PATH}:/home/varun/ros2_ws/install/my_py_pkg:/home/varun/ros2_ws/install/catchall_py_pkg:/opt/ros/humble /usr/bin/cmake --build /home/varun/ros2_ws/build/my_robot_interfaces -- -j24 -l24
[2.669s] DEBUG:colcon.colcon_core.event_handler.log_command:Invoked command in '/home/varun/ros2_ws/build/catchall_interfaces' returned '0': CMAKE_PREFIX_PATH=${CMAKE_PREFIX_PATH}:/home/varun/ros2_ws/install/my_py_pkg:/home/varun/ros2_ws/install/catchall_py_pkg:/opt/ros/humble /usr/bin/cmake /home/varun/ros2_ws/src/catchall_interfaces -DCMAKE_INSTALL_PREFIX=/home/varun/ros2_ws/install/catchall_interfaces
[2.671s] DEBUG:colcon.colcon_core.event_handler.log_command:Invoking command in '/home/varun/ros2_ws/build/catchall_interfaces': CMAKE_PREFIX_PATH=${CMAKE_PREFIX_PATH}:/home/varun/ros2_ws/install/my_py_pkg:/home/varun/ros2_ws/install/catchall_py_pkg:/opt/ros/humble /usr/bin/cmake --build /home/varun/ros2_ws/build/catchall_interfaces -- -j24 -l24
[5.302s] DEBUG:colcon.colcon_core.event_handler.log_command:Invoked command in '/home/varun/ros2_ws/build/my_robot_interfaces' returned '0': CMAKE_PREFIX_PATH=${CMAKE_PREFIX_PATH}:/home/varun/ros2_ws/install/my_py_pkg:/home/varun/ros2_ws/install/catchall_py_pkg:/opt/ros/humble /usr/bin/cmake --build /home/varun/ros2_ws/build/my_robot_interfaces -- -j24 -l24
[5.383s] DEBUG:colcon.colcon_core.event_handler.log_command:Invoked command in '/home/varun/ros2_ws/build/catchall_interfaces' returned '0': CMAKE_PREFIX_PATH=${CMAKE_PREFIX_PATH}:/home/varun/ros2_ws/install/my_py_pkg:/home/varun/ros2_ws/install/catchall_py_pkg:/opt/ros/humble /usr/bin/cmake --build /home/varun/ros2_ws/build/catchall_interfaces -- -j24 -l24
[5.510s] DEBUG:colcon.colcon_core.event_handler.log_command:Invoking command in '/home/varun/ros2_ws/build/my_robot_interfaces': CMAKE_PREFIX_PATH=${CMAKE_PREFIX_PATH}:/home/varun/ros2_ws/install/my_py_pkg:/home/varun/ros2_ws/install/catchall_py_pkg:/opt/ros/humble /usr/bin/cmake --install /home/varun/ros2_ws/build/my_robot_interfaces
[5.606s] Level 1:colcon.colcon_core.environment:create_environment_scripts_only(my_robot_interfaces)
[5.606s] Level 1:colcon.colcon_core.environment:checking '/home/varun/ros2_ws/install/my_robot_interfaces' for CMake module files
[5.607s] DEBUG:colcon.colcon_core.event_handler.log_command:Invoked command in '/home/varun/ros2_ws/build/my_robot_interfaces' returned '0': CMAKE_PREFIX_PATH=${CMAKE_PREFIX_PATH}:/home/varun/ros2_ws/install/my_py_pkg:/home/varun/ros2_ws/install/catchall_py_pkg:/opt/ros/humble /usr/bin/cmake --install /home/varun/ros2_ws/build/my_robot_interfaces
[5.607s] Level 1:colcon.colcon_core.environment:checking '/home/varun/ros2_ws/install/my_robot_interfaces' for CMake config files
[5.608s] Level 1:colcon.colcon_core.shell:create_environment_hook('my_robot_interfaces', 'cmake_prefix_path')
[5.608s] INFO:colcon.colcon_core.shell:Creating environment hook '/home/varun/ros2_ws/install/my_robot_interfaces/share/my_robot_interfaces/hook/cmake_prefix_path.ps1'
[5.608s] INFO:colcon.colcon_core.shell:Creating environment descriptor '/home/varun/ros2_ws/install/my_robot_interfaces/share/my_robot_interfaces/hook/cmake_prefix_path.dsv'
[5.609s] INFO:colcon.colcon_core.shell:Creating environment hook '/home/varun/ros2_ws/install/my_robot_interfaces/share/my_robot_interfaces/hook/cmake_prefix_path.sh'
[5.609s] Level 1:colcon.colcon_core.environment:checking '/home/varun/ros2_ws/install/my_robot_interfaces/lib'
[5.609s] Level 1:colcon.colcon_core.shell:create_environment_hook('my_robot_interfaces', 'ld_library_path_lib')
[5.609s] INFO:colcon.colcon_core.shell:Creating environment hook '/home/varun/ros2_ws/install/my_robot_interfaces/share/my_robot_interfaces/hook/ld_library_path_lib.ps1'
[5.609s] INFO:colcon.colcon_core.shell:Creating environment descriptor '/home/varun/ros2_ws/install/my_robot_interfaces/share/my_robot_interfaces/hook/ld_library_path_lib.dsv'
[5.610s] INFO:colcon.colcon_core.shell:Creating environment hook '/home/varun/ros2_ws/install/my_robot_interfaces/share/my_robot_interfaces/hook/ld_library_path_lib.sh'
[5.610s] Level 1:colcon.colcon_core.environment:checking '/home/varun/ros2_ws/install/my_robot_interfaces/bin'
[5.610s] Level 1:colcon.colcon_core.environment:checking '/home/varun/ros2_ws/install/my_robot_interfaces/lib/pkgconfig/my_robot_interfaces.pc'
[5.610s] Level 1:colcon.colcon_core.environment:checking '/home/varun/ros2_ws/install/my_robot_interfaces/lib/python3.10/site-packages'
[5.610s] Level 1:colcon.colcon_core.environment:checking '/home/varun/ros2_ws/install/my_robot_interfaces/bin'
[5.610s] INFO:colcon.colcon_core.shell:Creating package script '/home/varun/ros2_ws/install/my_robot_interfaces/share/my_robot_interfaces/package.ps1'
[5.611s] INFO:colcon.colcon_core.shell:Creating package descriptor '/home/varun/ros2_ws/install/my_robot_interfaces/share/my_robot_interfaces/package.dsv'
[5.611s] INFO:colcon.colcon_core.shell:Creating package script '/home/varun/ros2_ws/install/my_robot_interfaces/share/my_robot_interfaces/package.sh'
[5.612s] INFO:colcon.colcon_core.shell:Creating package script '/home/varun/ros2_ws/install/my_robot_interfaces/share/my_robot_interfaces/package.bash'
[5.612s] INFO:colcon.colcon_core.shell:Creating package script '/home/varun/ros2_ws/install/my_robot_interfaces/share/my_robot_interfaces/package.zsh'
[5.612s] Level 1:colcon.colcon_core.environment:create_file_with_runtime_dependencies(/home/varun/ros2_ws/install/my_robot_interfaces/share/colcon-core/packages/my_robot_interfaces)
[5.694s] DEBUG:colcon.colcon_core.event_handler.log_command:Invoking command in '/home/varun/ros2_ws/build/catchall_interfaces': CMAKE_PREFIX_PATH=${CMAKE_PREFIX_PATH}:/home/varun/ros2_ws/install/my_py_pkg:/home/varun/ros2_ws/install/catchall_py_pkg:/opt/ros/humble /usr/bin/cmake --install /home/varun/ros2_ws/build/catchall_interfaces
[5.797s] Level 1:colcon.colcon_core.environment:create_environment_scripts_only(my_robot_interfaces)
[5.797s] Level 1:colcon.colcon_core.environment:checking '/home/varun/ros2_ws/install/my_robot_interfaces' for CMake module files
[5.803s] Level 1:colcon.colcon_core.environment:checking '/home/varun/ros2_ws/install/my_robot_interfaces' for CMake config files
[5.805s] Level 1:colcon.colcon_core.shell:create_environment_hook('my_robot_interfaces', 'cmake_prefix_path')
[5.806s] INFO:colcon.colcon_core.shell:Creating environment hook '/home/varun/ros2_ws/install/my_robot_interfaces/share/my_robot_interfaces/hook/cmake_prefix_path.ps1'
[5.808s] INFO:colcon.colcon_core.shell:Creating environment descriptor '/home/varun/ros2_ws/install/my_robot_interfaces/share/my_robot_interfaces/hook/cmake_prefix_path.dsv'
[5.808s] INFO:colcon.colcon_core.shell:Creating environment hook '/home/varun/ros2_ws/install/my_robot_interfaces/share/my_robot_interfaces/hook/cmake_prefix_path.sh'
[5.809s] Level 1:colcon.colcon_core.environment:checking '/home/varun/ros2_ws/install/my_robot_interfaces/lib'
[5.809s] Level 1:colcon.colcon_core.shell:create_environment_hook('my_robot_interfaces', 'ld_library_path_lib')
[5.809s] INFO:colcon.colcon_core.shell:Creating environment hook '/home/varun/ros2_ws/install/my_robot_interfaces/share/my_robot_interfaces/hook/ld_library_path_lib.ps1'
[5.809s] INFO:colcon.colcon_core.shell:Creating environment descriptor '/home/varun/ros2_ws/install/my_robot_interfaces/share/my_robot_interfaces/hook/ld_library_path_lib.dsv'
[5.810s] INFO:colcon.colcon_core.shell:Creating environment hook '/home/varun/ros2_ws/install/my_robot_interfaces/share/my_robot_interfaces/hook/ld_library_path_lib.sh'
[5.810s] Level 1:colcon.colcon_core.environment:checking '/home/varun/ros2_ws/install/my_robot_interfaces/bin'
[5.810s] Level 1:colcon.colcon_core.environment:checking '/home/varun/ros2_ws/install/my_robot_interfaces/lib/pkgconfig/my_robot_interfaces.pc'
[5.810s] Level 1:colcon.colcon_core.environment:checking '/home/varun/ros2_ws/install/my_robot_interfaces/lib/python3.10/site-packages'
[5.810s] Level 1:colcon.colcon_core.environment:checking '/home/varun/ros2_ws/install/my_robot_interfaces/bin'
[5.811s] INFO:colcon.colcon_core.shell:Creating package script '/home/varun/ros2_ws/install/my_robot_interfaces/share/my_robot_interfaces/package.ps1'
[5.811s] INFO:colcon.colcon_core.shell:Creating package descriptor '/home/varun/ros2_ws/install/my_robot_interfaces/share/my_robot_interfaces/package.dsv'
[5.812s] INFO:colcon.colcon_core.shell:Creating package script '/home/varun/ros2_ws/install/my_robot_interfaces/share/my_robot_interfaces/package.sh'
[5.812s] INFO:colcon.colcon_core.shell:Creating package script '/home/varun/ros2_ws/install/my_robot_interfaces/share/my_robot_interfaces/package.bash'
[5.812s] INFO:colcon.colcon_core.shell:Creating package script '/home/varun/ros2_ws/install/my_robot_interfaces/share/my_robot_interfaces/package.zsh'
[5.813s] Level 1:colcon.colcon_core.environment:create_file_with_runtime_dependencies(/home/varun/ros2_ws/install/my_robot_interfaces/share/colcon-core/packages/my_robot_interfaces)
[5.815s] Level 1:colcon.colcon_core.environment:create_environment_scripts_only(catchall_interfaces)
[5.815s] Level 1:colcon.colcon_core.environment:checking '/home/varun/ros2_ws/install/catchall_interfaces' for CMake module files
[5.816s] DEBUG:colcon.colcon_core.event_handler.log_command:Invoked command in '/home/varun/ros2_ws/build/catchall_interfaces' returned '0': CMAKE_PREFIX_PATH=${CMAKE_PREFIX_PATH}:/home/varun/ros2_ws/install/my_py_pkg:/home/varun/ros2_ws/install/catchall_py_pkg:/opt/ros/humble /usr/bin/cmake --install /home/varun/ros2_ws/build/catchall_interfaces
[5.816s] Level 1:colcon.colcon_core.environment:checking '/home/varun/ros2_ws/install/catchall_interfaces' for CMake config files
[5.817s] Level 1:colcon.colcon_core.shell:create_environment_hook('catchall_interfaces', 'cmake_prefix_path')
[5.817s] INFO:colcon.colcon_core.shell:Creating environment hook '/home/varun/ros2_ws/install/catchall_interfaces/share/catchall_interfaces/hook/cmake_prefix_path.ps1'
[5.817s] INFO:colcon.colcon_core.shell:Creating environment descriptor '/home/varun/ros2_ws/install/catchall_interfaces/share/catchall_interfaces/hook/cmake_prefix_path.dsv'
[5.817s] INFO:colcon.colcon_core.shell:Creating environment hook '/home/varun/ros2_ws/install/catchall_interfaces/share/catchall_interfaces/hook/cmake_prefix_path.sh'
[5.818s] Level 1:colcon.colcon_core.environment:checking '/home/varun/ros2_ws/install/catchall_interfaces/lib'
[5.818s] Level 1:colcon.colcon_core.shell:create_environment_hook('catchall_interfaces', 'ld_library_path_lib')
[5.818s] INFO:colcon.colcon_core.shell:Creating environment hook '/home/varun/ros2_ws/install/catchall_interfaces/share/catchall_interfaces/hook/ld_library_path_lib.ps1'
[5.818s] INFO:colcon.colcon_core.shell:Creating environment descriptor '/home/varun/ros2_ws/install/catchall_interfaces/share/catchall_interfaces/hook/ld_library_path_lib.dsv'
[5.818s] INFO:colcon.colcon_core.shell:Creating environment hook '/home/varun/ros2_ws/install/catchall_interfaces/share/catchall_interfaces/hook/ld_library_path_lib.sh'
[5.819s] Level 1:colcon.colcon_core.environment:checking '/home/varun/ros2_ws/install/catchall_interfaces/bin'
[5.819s] Level 1:colcon.colcon_core.environment:checking '/home/varun/ros2_ws/install/catchall_interfaces/lib/pkgconfig/catchall_interfaces.pc'
[5.819s] Level 1:colcon.colcon_core.environment:checking '/home/varun/ros2_ws/install/catchall_interfaces/lib/python3.10/site-packages'
[5.819s] Level 1:colcon.colcon_core.environment:checking '/home/varun/ros2_ws/install/catchall_interfaces/bin'
[5.819s] INFO:colcon.colcon_core.shell:Creating package script '/home/varun/ros2_ws/install/catchall_interfaces/share/catchall_interfaces/package.ps1'
[5.820s] INFO:colcon.colcon_core.shell:Creating package descriptor '/home/varun/ros2_ws/install/catchall_interfaces/share/catchall_interfaces/package.dsv'
[5.820s] INFO:colcon.colcon_core.shell:Creating package script '/home/varun/ros2_ws/install/catchall_interfaces/share/catchall_interfaces/package.sh'
[5.820s] INFO:colcon.colcon_core.shell:Creating package script '/home/varun/ros2_ws/install/catchall_interfaces/share/catchall_interfaces/package.bash'
[5.821s] INFO:colcon.colcon_core.shell:Creating package script '/home/varun/ros2_ws/install/catchall_interfaces/share/catchall_interfaces/package.zsh'
[5.821s] Level 1:colcon.colcon_core.environment:create_file_with_runtime_dependencies(/home/varun/ros2_ws/install/catchall_interfaces/share/colcon-core/packages/catchall_interfaces)
[6.120s] Level 1:colcon.colcon_core.environment:create_environment_scripts_only(catchall_interfaces)
[6.120s] Level 1:colcon.colcon_core.environment:checking '/home/varun/ros2_ws/install/catchall_interfaces' for CMake module files
[6.121s] Level 1:colcon.colcon_core.environment:checking '/home/varun/ros2_ws/install/catchall_interfaces' for CMake config files
[6.122s] Level 1:colcon.colcon_core.shell:create_environment_hook('catchall_interfaces', 'cmake_prefix_path')
[6.122s] INFO:colcon.colcon_core.shell:Creating environment hook '/home/varun/ros2_ws/install/catchall_interfaces/share/catchall_interfaces/hook/cmake_prefix_path.ps1'
[6.122s] INFO:colcon.colcon_core.shell:Creating environment descriptor '/home/varun/ros2_ws/install/catchall_interfaces/share/catchall_interfaces/hook/cmake_prefix_path.dsv'
[6.123s] INFO:colcon.colcon_core.shell:Creating environment hook '/home/varun/ros2_ws/install/catchall_interfaces/share/catchall_interfaces/hook/cmake_prefix_path.sh'
[6.123s] Level 1:colcon.colcon_core.environment:checking '/home/varun/ros2_ws/install/catchall_interfaces/lib'
[6.124s] Level 1:colcon.colcon_core.shell:create_environment_hook('catchall_interfaces', 'ld_library_path_lib')
[6.124s] INFO:colcon.colcon_core.shell:Creating environment hook '/home/varun/ros2_ws/install/catchall_interfaces/share/catchall_interfaces/hook/ld_library_path_lib.ps1'
[6.124s] INFO:colcon.colcon_core.shell:Creating environment descriptor '/home/varun/ros2_ws/install/catchall_interfaces/share/catchall_interfaces/hook/ld_library_path_lib.dsv'
[6.124s] INFO:colcon.colcon_core.shell:Creating environment hook '/home/varun/ros2_ws/install/catchall_interfaces/share/catchall_interfaces/hook/ld_library_path_lib.sh'
[6.125s] Level 1:colcon.colcon_core.environment:checking '/home/varun/ros2_ws/install/catchall_interfaces/bin'
[6.125s] Level 1:colcon.colcon_core.environment:checking '/home/varun/ros2_ws/install/catchall_interfaces/lib/pkgconfig/catchall_interfaces.pc'
[6.125s] Level 1:colcon.colcon_core.environment:checking '/home/varun/ros2_ws/install/catchall_interfaces/lib/python3.10/site-packages'
[6.125s] Level 1:colcon.colcon_core.environment:checking '/home/varun/ros2_ws/install/catchall_interfaces/bin'
[6.126s] INFO:colcon.colcon_core.shell:Creating package script '/home/varun/ros2_ws/install/catchall_interfaces/share/catchall_interfaces/package.ps1'
[6.126s] INFO:colcon.colcon_core.shell:Creating package descriptor '/home/varun/ros2_ws/install/catchall_interfaces/share/catchall_interfaces/package.dsv'
[6.126s] INFO:colcon.colcon_core.shell:Creating package script '/home/varun/ros2_ws/install/catchall_interfaces/share/catchall_interfaces/package.sh'
[6.127s] INFO:colcon.colcon_core.shell:Creating package script '/home/varun/ros2_ws/install/catchall_interfaces/share/catchall_interfaces/package.bash'
[6.127s] INFO:colcon.colcon_core.shell:Creating package script '/home/varun/ros2_ws/install/catchall_interfaces/share/catchall_interfaces/package.zsh'
[6.128s] Level 1:colcon.colcon_core.environment:create_file_with_runtime_dependencies(/home/varun/ros2_ws/install/catchall_interfaces/share/colcon-core/packages/catchall_interfaces)
[6.129s] INFO:colcon.colcon_ros.task.ament_python.build:Building ROS package in '/home/varun/ros2_ws/src/catchall_py_pkg' with build type 'ament_python'
[6.129s] Level 1:colcon.colcon_core.shell:create_environment_hook('catchall_py_pkg', 'ament_prefix_path')
[6.129s] INFO:colcon.colcon_core.shell:Creating environment hook '/home/varun/ros2_ws/install/catchall_py_pkg/share/catchall_py_pkg/hook/ament_prefix_path.ps1'
[6.130s] INFO:colcon.colcon_core.shell:Creating environment descriptor '/home/varun/ros2_ws/install/catchall_py_pkg/share/catchall_py_pkg/hook/ament_prefix_path.dsv'
[6.131s] INFO:colcon.colcon_core.shell:Creating environment hook '/home/varun/ros2_ws/install/catchall_py_pkg/share/catchall_py_pkg/hook/ament_prefix_path.sh'
[6.131s] INFO:colcon.colcon_core.shell:Skip shell extension 'powershell' for command environment: Not usable outside of PowerShell
[6.131s] DEBUG:colcon.colcon_core.shell:Skip shell extension 'dsv' for command environment
[6.402s] INFO:colcon.colcon_core.task.python.build:Building Python package in '/home/varun/ros2_ws/src/catchall_py_pkg'
[6.402s] INFO:colcon.colcon_core.shell:Skip shell extension 'powershell' for command environment: Not usable outside of PowerShell
[6.402s] DEBUG:colcon.colcon_core.shell:Skip shell extension 'dsv' for command environment
[6.766s] DEBUG:colcon.colcon_core.event_handler.log_command:Invoking command in '/home/varun/ros2_ws/src/catchall_py_pkg': CMAKE_PREFIX_PATH=/home/varun/ros2_ws/install/catchall_interfaces:/home/varun/ros2_ws/install/my_robot_interfaces:/home/varun/ros2_ws/install/my_robot_bringup LD_LIBRARY_PATH=/home/varun/ros2_ws/install/catchall_interfaces/lib:/home/varun/ros2_ws/install/my_robot_interfaces/lib:/usr/lib/x86_64-linux-gnu/gazebo-11/plugins:/opt/ros/humble/opt/rviz_ogre_vendor/lib:/opt/ros/humble/lib/x86_64-linux-gnu:/opt/ros/humble/lib PYTHONPATH=/home/varun/ros2_ws/build/catchall_py_pkg/prefix_override:/usr/lib/python3/dist-packages/colcon_core/task/python/colcon_distutils_commands:/home/varun/ros2_ws/install/catchall_py_pkg/lib/python3.10/site-packages:${PYTHONPATH} /usr/bin/python3 -W ignore:setup.py install is deprecated setup.py egg_info --egg-base ../../build/catchall_py_pkg build --build-base /home/varun/ros2_ws/build/catchall_py_pkg/build install --record /home/varun/ros2_ws/build/catchall_py_pkg/install.log --single-version-externally-managed install_data
[7.057s] Level 1:colcon.colcon_core.environment:checking '/home/varun/ros2_ws/install/catchall_py_pkg' for CMake module files
[7.057s] DEBUG:colcon.colcon_core.event_handler.log_command:Invoked command in '/home/varun/ros2_ws/src/catchall_py_pkg' returned '0': CMAKE_PREFIX_PATH=/home/varun/ros2_ws/install/catchall_interfaces:/home/varun/ros2_ws/install/my_robot_interfaces:/home/varun/ros2_ws/install/my_robot_bringup LD_LIBRARY_PATH=/home/varun/ros2_ws/install/catchall_interfaces/lib:/home/varun/ros2_ws/install/my_robot_interfaces/lib:/usr/lib/x86_64-linux-gnu/gazebo-11/plugins:/opt/ros/humble/opt/rviz_ogre_vendor/lib:/opt/ros/humble/lib/x86_64-linux-gnu:/opt/ros/humble/lib PYTHONPATH=/home/varun/ros2_ws/build/catchall_py_pkg/prefix_override:/usr/lib/python3/dist-packages/colcon_core/task/python/colcon_distutils_commands:/home/varun/ros2_ws/install/catchall_py_pkg/lib/python3.10/site-packages:${PYTHONPATH} /usr/bin/python3 -W ignore:setup.py install is deprecated setup.py egg_info --egg-base ../../build/catchall_py_pkg build --build-base /home/varun/ros2_ws/build/catchall_py_pkg/build install --record /home/varun/ros2_ws/build/catchall_py_pkg/install.log --single-version-externally-managed install_data
[7.058s] Level 1:colcon.colcon_core.environment:checking '/home/varun/ros2_ws/install/catchall_py_pkg' for CMake config files
[7.058s] Level 1:colcon.colcon_core.environment:checking '/home/varun/ros2_ws/install/catchall_py_pkg/lib'
[7.058s] Level 1:colcon.colcon_core.environment:checking '/home/varun/ros2_ws/install/catchall_py_pkg/bin'
[7.058s] Level 1:colcon.colcon_core.environment:checking '/home/varun/ros2_ws/install/catchall_py_pkg/lib/pkgconfig/catchall_py_pkg.pc'
[7.059s] Level 1:colcon.colcon_core.environment:checking '/home/varun/ros2_ws/install/catchall_py_pkg/lib/python3.10/site-packages'
[7.059s] Level 1:colcon.colcon_core.shell:create_environment_hook('catchall_py_pkg', 'pythonpath')
[7.059s] INFO:colcon.colcon_core.shell:Creating environment hook '/home/varun/ros2_ws/install/catchall_py_pkg/share/catchall_py_pkg/hook/pythonpath.ps1'
[7.059s] INFO:colcon.colcon_core.shell:Creating environment descriptor '/home/varun/ros2_ws/install/catchall_py_pkg/share/catchall_py_pkg/hook/pythonpath.dsv'
[7.059s] INFO:colcon.colcon_core.shell:Creating environment hook '/home/varun/ros2_ws/install/catchall_py_pkg/share/catchall_py_pkg/hook/pythonpath.sh'
[7.060s] Level 1:colcon.colcon_core.environment:checking '/home/varun/ros2_ws/install/catchall_py_pkg/bin'
[7.060s] Level 1:colcon.colcon_core.environment:create_environment_scripts_only(catchall_py_pkg)
[7.060s] INFO:colcon.colcon_core.shell:Creating package script '/home/varun/ros2_ws/install/catchall_py_pkg/share/catchall_py_pkg/package.ps1'
[7.060s] INFO:colcon.colcon_core.shell:Creating package descriptor '/home/varun/ros2_ws/install/catchall_py_pkg/share/catchall_py_pkg/package.dsv'
[7.061s] INFO:colcon.colcon_core.shell:Creating package script '/home/varun/ros2_ws/install/catchall_py_pkg/share/catchall_py_pkg/package.sh'
[7.061s] INFO:colcon.colcon_core.shell:Creating package script '/home/varun/ros2_ws/install/catchall_py_pkg/share/catchall_py_pkg/package.bash'
[7.061s] INFO:colcon.colcon_core.shell:Creating package script '/home/varun/ros2_ws/install/catchall_py_pkg/share/catchall_py_pkg/package.zsh'
[7.061s] Level 1:colcon.colcon_core.environment:create_file_with_runtime_dependencies(/home/varun/ros2_ws/install/catchall_py_pkg/share/colcon-core/packages/catchall_py_pkg)
[7.062s] INFO:colcon.colcon_ros.task.ament_cmake.build:Building ROS package in '/home/varun/ros2_ws/src/my_robot_bringup' with build type 'ament_cmake'
[7.062s] INFO:colcon.colcon_cmake.task.cmake.build:Building CMake package in '/home/varun/ros2_ws/src/my_robot_bringup'
[7.062s] INFO:colcon.colcon_core.shell:Skip shell extension 'powershell' for command environment: Not usable outside of PowerShell
[7.062s] DEBUG:colcon.colcon_core.shell:Skip shell extension 'dsv' for command environment
[7.084s] DEBUG:colcon.colcon_core.event_handler.log_command:Invoking command in '/home/varun/ros2_ws/build/my_robot_bringup': AMENT_PREFIX_PATH=/home/varun/ros2_ws/install/catchall_py_pkg:/home/varun/ros2_ws/install/my_py_pkg:/home/varun/ros2_ws/install/my_robot_interfaces:/home/varun/ros2_ws/install/my_robot_bringup:/home/varun/ros2_ws/install/catchall_interfaces:/opt/ros/humble CMAKE_PREFIX_PATH=/home/varun/ros2_ws/install/catchall_interfaces:/home/varun/ros2_ws/install/my_robot_interfaces:/home/varun/ros2_ws/install/my_robot_bringup:/home/varun/ros2_ws/install/my_py_pkg:/home/varun/ros2_ws/install/catchall_py_pkg:/opt/ros/humble LD_LIBRARY_PATH=/home/varun/ros2_ws/install/catchall_interfaces/lib:/home/varun/ros2_ws/install/my_robot_interfaces/lib:/usr/lib/x86_64-linux-gnu/gazebo-11/plugins:/opt/ros/humble/opt/rviz_ogre_vendor/lib:/opt/ros/humble/lib/x86_64-linux-gnu:/opt/ros/humble/lib PYTHONPATH=/home/varun/ros2_ws/install/catchall_py_pkg/lib/python3.10/site-packages:/home/varun/ros2_ws/install/my_py_pkg/lib/python3.10/site-packages:/home/varun/ros2_ws/install/my_robot_interfaces/local/lib/python3.10/dist-packages:/home/varun/ros2_ws/build/my_py_pkg:/home/varun/ros2_ws/build/catchall_py_pkg:/home/varun/ros2_ws/install/catchall_interfaces/local/lib/python3.10/dist-packages:/opt/ros/humble/lib/python3.10/site-packages:/opt/ros/humble/local/lib/python3.10/dist-packages /usr/bin/cmake /home/varun/ros2_ws/src/my_robot_bringup -DCMAKE_INSTALL_PREFIX=/home/varun/ros2_ws/install/my_robot_bringup
[7.856s] DEBUG:colcon.colcon_core.event_handler.log_command:Invoked command in '/home/varun/ros2_ws/build/my_robot_bringup' returned '0': AMENT_PREFIX_PATH=/home/varun/ros2_ws/install/catchall_py_pkg:/home/varun/ros2_ws/install/my_py_pkg:/home/varun/ros2_ws/install/my_robot_interfaces:/home/varun/ros2_ws/install/my_robot_bringup:/home/varun/ros2_ws/install/catchall_interfaces:/opt/ros/humble CMAKE_PREFIX_PATH=/home/varun/ros2_ws/install/catchall_interfaces:/home/varun/ros2_ws/install/my_robot_interfaces:/home/varun/ros2_ws/install/my_robot_bringup:/home/varun/ros2_ws/install/my_py_pkg:/home/varun/ros2_ws/install/catchall_py_pkg:/opt/ros/humble LD_LIBRARY_PATH=/home/varun/ros2_ws/install/catchall_interfaces/lib:/home/varun/ros2_ws/install/my_robot_interfaces/lib:/usr/lib/x86_64-linux-gnu/gazebo-11/plugins:/opt/ros/humble/opt/rviz_ogre_vendor/lib:/opt/ros/humble/lib/x86_64-linux-gnu:/opt/ros/humble/lib PYTHONPATH=/home/varun/ros2_ws/install/catchall_py_pkg/lib/python3.10/site-packages:/home/varun/ros2_ws/install/my_py_pkg/lib/python3.10/site-packages:/home/varun/ros2_ws/install/my_robot_interfaces/local/lib/python3.10/dist-packages:/home/varun/ros2_ws/build/my_py_pkg:/home/varun/ros2_ws/build/catchall_py_pkg:/home/varun/ros2_ws/install/catchall_interfaces/local/lib/python3.10/dist-packages:/opt/ros/humble/lib/python3.10/site-packages:/opt/ros/humble/local/lib/python3.10/dist-packages /usr/bin/cmake /home/varun/ros2_ws/src/my_robot_bringup -DCMAKE_INSTALL_PREFIX=/home/varun/ros2_ws/install/my_robot_bringup
[7.858s] DEBUG:colcon.colcon_core.event_handler.log_command:Invoking command in '/home/varun/ros2_ws/build/my_robot_bringup': AMENT_PREFIX_PATH=/home/varun/ros2_ws/install/catchall_py_pkg:/home/varun/ros2_ws/install/my_py_pkg:/home/varun/ros2_ws/install/my_robot_interfaces:/home/varun/ros2_ws/install/my_robot_bringup:/home/varun/ros2_ws/install/catchall_interfaces:/opt/ros/humble CMAKE_PREFIX_PATH=/home/varun/ros2_ws/install/catchall_interfaces:/home/varun/ros2_ws/install/my_robot_interfaces:/home/varun/ros2_ws/install/my_robot_bringup:/home/varun/ros2_ws/install/my_py_pkg:/home/varun/ros2_ws/install/catchall_py_pkg:/opt/ros/humble LD_LIBRARY_PATH=/home/varun/ros2_ws/install/catchall_interfaces/lib:/home/varun/ros2_ws/install/my_robot_interfaces/lib:/usr/lib/x86_64-linux-gnu/gazebo-11/plugins:/opt/ros/humble/opt/rviz_ogre_vendor/lib:/opt/ros/humble/lib/x86_64-linux-gnu:/opt/ros/humble/lib PYTHONPATH=/home/varun/ros2_ws/install/catchall_py_pkg/lib/python3.10/site-packages:/home/varun/ros2_ws/install/my_py_pkg/lib/python3.10/site-packages:/home/varun/ros2_ws/install/my_robot_interfaces/local/lib/python3.10/dist-packages:/home/varun/ros2_ws/build/my_py_pkg:/home/varun/ros2_ws/build/catchall_py_pkg:/home/varun/ros2_ws/install/catchall_interfaces/local/lib/python3.10/dist-packages:/opt/ros/humble/lib/python3.10/site-packages:/opt/ros/humble/local/lib/python3.10/dist-packages /usr/bin/cmake --build /home/varun/ros2_ws/build/my_robot_bringup -- -j24 -l24
[7.921s] DEBUG:colcon.colcon_core.event_handler.log_command:Invoked command in '/home/varun/ros2_ws/build/my_robot_bringup' returned '0': AMENT_PREFIX_PATH=/home/varun/ros2_ws/install/catchall_py_pkg:/home/varun/ros2_ws/install/my_py_pkg:/home/varun/ros2_ws/install/my_robot_interfaces:/home/varun/ros2_ws/install/my_robot_bringup:/home/varun/ros2_ws/install/catchall_interfaces:/opt/ros/humble CMAKE_PREFIX_PATH=/home/varun/ros2_ws/install/catchall_interfaces:/home/varun/ros2_ws/install/my_robot_interfaces:/home/varun/ros2_ws/install/my_robot_bringup:/home/varun/ros2_ws/install/my_py_pkg:/home/varun/ros2_ws/install/catchall_py_pkg:/opt/ros/humble LD_LIBRARY_PATH=/home/varun/ros2_ws/install/catchall_interfaces/lib:/home/varun/ros2_ws/install/my_robot_interfaces/lib:/usr/lib/x86_64-linux-gnu/gazebo-11/plugins:/opt/ros/humble/opt/rviz_ogre_vendor/lib:/opt/ros/humble/lib/x86_64-linux-gnu:/opt/ros/humble/lib PYTHONPATH=/home/varun/ros2_ws/install/catchall_py_pkg/lib/python3.10/site-packages:/home/varun/ros2_ws/install/my_py_pkg/lib/python3.10/site-packages:/home/varun/ros2_ws/install/my_robot_interfaces/local/lib/python3.10/dist-packages:/home/varun/ros2_ws/build/my_py_pkg:/home/varun/ros2_ws/build/catchall_py_pkg:/home/varun/ros2_ws/install/catchall_interfaces/local/lib/python3.10/dist-packages:/opt/ros/humble/lib/python3.10/site-packages:/opt/ros/humble/local/lib/python3.10/dist-packages /usr/bin/cmake --build /home/varun/ros2_ws/build/my_robot_bringup -- -j24 -l24
[7.970s] DEBUG:colcon.colcon_core.event_handler.log_command:Invoking command in '/home/varun/ros2_ws/build/my_robot_bringup': AMENT_PREFIX_PATH=/home/varun/ros2_ws/install/catchall_py_pkg:/home/varun/ros2_ws/install/my_py_pkg:/home/varun/ros2_ws/install/my_robot_interfaces:/home/varun/ros2_ws/install/my_robot_bringup:/home/varun/ros2_ws/install/catchall_interfaces:/opt/ros/humble CMAKE_PREFIX_PATH=/home/varun/ros2_ws/install/catchall_interfaces:/home/varun/ros2_ws/install/my_robot_interfaces:/home/varun/ros2_ws/install/my_robot_bringup:/home/varun/ros2_ws/install/my_py_pkg:/home/varun/ros2_ws/install/catchall_py_pkg:/opt/ros/humble LD_LIBRARY_PATH=/home/varun/ros2_ws/install/catchall_interfaces/lib:/home/varun/ros2_ws/install/my_robot_interfaces/lib:/usr/lib/x86_64-linux-gnu/gazebo-11/plugins:/opt/ros/humble/opt/rviz_ogre_vendor/lib:/opt/ros/humble/lib/x86_64-linux-gnu:/opt/ros/humble/lib PYTHONPATH=/home/varun/ros2_ws/install/catchall_py_pkg/lib/python3.10/site-packages:/home/varun/ros2_ws/install/my_py_pkg/lib/python3.10/site-packages:/home/varun/ros2_ws/install/my_robot_interfaces/local/lib/python3.10/dist-packages:/home/varun/ros2_ws/build/my_py_pkg:/home/varun/ros2_ws/build/catchall_py_pkg:/home/varun/ros2_ws/install/catchall_interfaces/local/lib/python3.10/dist-packages:/opt/ros/humble/lib/python3.10/site-packages:/opt/ros/humble/local/lib/python3.10/dist-packages /usr/bin/cmake --install /home/varun/ros2_ws/build/my_robot_bringup
[7.987s] Level 1:colcon.colcon_core.environment:create_environment_scripts_only(my_robot_bringup)
[7.988s] Level 1:colcon.colcon_core.environment:checking '/home/varun/ros2_ws/install/my_robot_bringup' for CMake module files
[7.988s] DEBUG:colcon.colcon_core.event_handler.log_command:Invoked command in '/home/varun/ros2_ws/build/my_robot_bringup' returned '0': AMENT_PREFIX_PATH=/home/varun/ros2_ws/install/catchall_py_pkg:/home/varun/ros2_ws/install/my_py_pkg:/home/varun/ros2_ws/install/my_robot_interfaces:/home/varun/ros2_ws/install/my_robot_bringup:/home/varun/ros2_ws/install/catchall_interfaces:/opt/ros/humble CMAKE_PREFIX_PATH=/home/varun/ros2_ws/install/catchall_interfaces:/home/varun/ros2_ws/install/my_robot_interfaces:/home/varun/ros2_ws/install/my_robot_bringup:/home/varun/ros2_ws/install/my_py_pkg:/home/varun/ros2_ws/install/catchall_py_pkg:/opt/ros/humble LD_LIBRARY_PATH=/home/varun/ros2_ws/install/catchall_interfaces/lib:/home/varun/ros2_ws/install/my_robot_interfaces/lib:/usr/lib/x86_64-linux-gnu/gazebo-11/plugins:/opt/ros/humble/opt/rviz_ogre_vendor/lib:/opt/ros/humble/lib/x86_64-linux-gnu:/opt/ros/humble/lib PYTHONPATH=/home/varun/ros2_ws/install/catchall_py_pkg/lib/python3.10/site-packages:/home/varun/ros2_ws/install/my_py_pkg/lib/python3.10/site-packages:/home/varun/ros2_ws/install/my_robot_interfaces/local/lib/python3.10/dist-packages:/home/varun/ros2_ws/build/my_py_pkg:/home/varun/ros2_ws/build/catchall_py_pkg:/home/varun/ros2_ws/install/catchall_interfaces/local/lib/python3.10/dist-packages:/opt/ros/humble/lib/python3.10/site-packages:/opt/ros/humble/local/lib/python3.10/dist-packages /usr/bin/cmake --install /home/varun/ros2_ws/build/my_robot_bringup
[7.988s] Level 1:colcon.colcon_core.environment:checking '/home/varun/ros2_ws/install/my_robot_bringup' for CMake config files
[7.989s] Level 1:colcon.colcon_core.shell:create_environment_hook('my_robot_bringup', 'cmake_prefix_path')
[7.989s] INFO:colcon.colcon_core.shell:Creating environment hook '/home/varun/ros2_ws/install/my_robot_bringup/share/my_robot_bringup/hook/cmake_prefix_path.ps1'
[7.989s] INFO:colcon.colcon_core.shell:Creating environment descriptor '/home/varun/ros2_ws/install/my_robot_bringup/share/my_robot_bringup/hook/cmake_prefix_path.dsv'
[7.990s] INFO:colcon.colcon_core.shell:Creating environment hook '/home/varun/ros2_ws/install/my_robot_bringup/share/my_robot_bringup/hook/cmake_prefix_path.sh'
[7.990s] Level 1:colcon.colcon_core.environment:checking '/home/varun/ros2_ws/install/my_robot_bringup/bin'
[7.990s] Level 1:colcon.colcon_core.environment:checking '/home/varun/ros2_ws/install/my_robot_bringup/lib/pkgconfig/my_robot_bringup.pc'
[7.990s] Level 1:colcon.colcon_core.environment:checking '/home/varun/ros2_ws/install/my_robot_bringup/lib/python3.10/site-packages'
[7.990s] Level 1:colcon.colcon_core.environment:checking '/home/varun/ros2_ws/install/my_robot_bringup/bin'
[7.990s] INFO:colcon.colcon_core.shell:Creating package script '/home/varun/ros2_ws/install/my_robot_bringup/share/my_robot_bringup/package.ps1'
[7.991s] INFO:colcon.colcon_core.shell:Creating package descriptor '/home/varun/ros2_ws/install/my_robot_bringup/share/my_robot_bringup/package.dsv'
[7.991s] INFO:colcon.colcon_core.shell:Creating package script '/home/varun/ros2_ws/install/my_robot_bringup/share/my_robot_bringup/package.sh'
[7.992s] INFO:colcon.colcon_core.shell:Creating package script '/home/varun/ros2_ws/install/my_robot_bringup/share/my_robot_bringup/package.bash'
[7.992s] INFO:colcon.colcon_core.shell:Creating package script '/home/varun/ros2_ws/install/my_robot_bringup/share/my_robot_bringup/package.zsh'
[7.992s] Level 1:colcon.colcon_core.environment:create_file_with_runtime_dependencies(/home/varun/ros2_ws/install/my_robot_bringup/share/colcon-core/packages/my_robot_bringup)
[8.042s] Level 1:colcon.colcon_core.environment:create_environment_scripts_only(my_robot_bringup)
[8.043s] Level 1:colcon.colcon_core.environment:checking '/home/varun/ros2_ws/install/my_robot_bringup' for CMake module files
[8.043s] Level 1:colcon.colcon_core.environment:checking '/home/varun/ros2_ws/install/my_robot_bringup' for CMake config files
[8.044s] Level 1:colcon.colcon_core.shell:create_environment_hook('my_robot_bringup', 'cmake_prefix_path')
[8.044s] INFO:colcon.colcon_core.shell:Creating environment hook '/home/varun/ros2_ws/install/my_robot_bringup/share/my_robot_bringup/hook/cmake_prefix_path.ps1'
[8.044s] INFO:colcon.colcon_core.shell:Creating environment descriptor '/home/varun/ros2_ws/install/my_robot_bringup/share/my_robot_bringup/hook/cmake_prefix_path.dsv'
[8.045s] INFO:colcon.colcon_core.shell:Creating environment hook '/home/varun/ros2_ws/install/my_robot_bringup/share/my_robot_bringup/hook/cmake_prefix_path.sh'
[8.045s] Level 1:colcon.colcon_core.environment:checking '/home/varun/ros2_ws/install/my_robot_bringup/bin'
[8.045s] Level 1:colcon.colcon_core.environment:checking '/home/varun/ros2_ws/install/my_robot_bringup/lib/pkgconfig/my_robot_bringup.pc'
[8.045s] Level 1:colcon.colcon_core.environment:checking '/home/varun/ros2_ws/install/my_robot_bringup/lib/python3.10/site-packages'
[8.046s] Level 1:colcon.colcon_core.environment:checking '/home/varun/ros2_ws/install/my_robot_bringup/bin'
[8.046s] INFO:colcon.colcon_core.shell:Creating package script '/home/varun/ros2_ws/install/my_robot_bringup/share/my_robot_bringup/package.ps1'
[8.046s] INFO:colcon.colcon_core.shell:Creating package descriptor '/home/varun/ros2_ws/install/my_robot_bringup/share/my_robot_bringup/package.dsv'
[8.047s] INFO:colcon.colcon_core.shell:Creating package script '/home/varun/ros2_ws/install/my_robot_bringup/share/my_robot_bringup/package.sh'
[8.047s] INFO:colcon.colcon_core.shell:Creating package script '/home/varun/ros2_ws/install/my_robot_bringup/share/my_robot_bringup/package.bash'
[8.047s] INFO:colcon.colcon_core.shell:Creating package script '/home/varun/ros2_ws/install/my_robot_bringup/share/my_robot_bringup/package.zsh'
[8.048s] Level 1:colcon.colcon_core.environment:create_file_with_runtime_dependencies(/home/varun/ros2_ws/install/my_robot_bringup/share/colcon-core/packages/my_robot_bringup)
[8.048s] DEBUG:colcon.colcon_parallel_executor.executor.parallel:closing loop
[8.049s] DEBUG:colcon.colcon_parallel_executor.executor.parallel:loop closed
[8.049s] DEBUG:colcon.colcon_parallel_executor.executor.parallel:run_until_complete finished with '0'
[8.049s] DEBUG:colcon.colcon_core.event_reactor:joining thread
[8.055s] INFO:colcon.colcon_core.plugin_system:Skipping extension 'colcon_notification.desktop_notification.terminal_notifier': Not used on non-Darwin systems
[8.055s] INFO:colcon.colcon_core.plugin_system:Skipping extension 'colcon_notification.desktop_notification.win32': Not used on non-Windows systems
[8.055s] INFO:colcon.colcon_notification.desktop_notification:Sending desktop notification using 'notify2'
[8.070s] DEBUG:colcon.colcon_core.event_reactor:joined thread
[8.070s] INFO:colcon.colcon_core.shell:Creating prefix script '/home/varun/ros2_ws/install/local_setup.ps1'
[8.071s] INFO:colcon.colcon_core.shell:Creating prefix util module '/home/varun/ros2_ws/install/_local_setup_util_ps1.py'
[8.072s] INFO:colcon.colcon_core.shell:Creating prefix chain script '/home/varun/ros2_ws/install/setup.ps1'
[8.073s] INFO:colcon.colcon_core.shell:Creating prefix script '/home/varun/ros2_ws/install/local_setup.sh'
[8.073s] INFO:colcon.colcon_core.shell:Creating prefix util module '/home/varun/ros2_ws/install/_local_setup_util_sh.py'
[8.074s] INFO:colcon.colcon_core.shell:Creating prefix chain script '/home/varun/ros2_ws/install/setup.sh'
[8.075s] INFO:colcon.colcon_core.shell:Creating prefix script '/home/varun/ros2_ws/install/local_setup.bash'
[8.075s] INFO:colcon.colcon_core.shell:Creating prefix chain script '/home/varun/ros2_ws/install/setup.bash'
[8.076s] INFO:colcon.colcon_core.shell:Creating prefix script '/home/varun/ros2_ws/install/local_setup.zsh'
[8.076s] INFO:colcon.colcon_core.shell:Creating prefix chain script '/home/varun/ros2_ws/install/setup.zsh'
