running egg_info
writing ../../build/sensor_preprocessing/sensor_preprocessing.egg-info/PKG-INFO
writing dependency_links to ../../build/sensor_preprocessing/sensor_preprocessing.egg-info/dependency_links.txt
writing entry points to ../../build/sensor_preprocessing/sensor_preprocessing.egg-info/entry_points.txt
writing requirements to ../../build/sensor_preprocessing/sensor_preprocessing.egg-info/requires.txt
writing top-level names to ../../build/sensor_preprocessing/sensor_preprocessing.egg-info/top_level.txt
reading manifest file '../../build/sensor_preprocessing/sensor_preprocessing.egg-info/SOURCES.txt'
writing manifest file '../../build/sensor_preprocessing/sensor_preprocessing.egg-info/SOURCES.txt'
running build
running build_py
running install
running install_lib
running install_data
creating /home/varun/ros2_ws/install/sensor_preprocessing/share/sensor_preprocessing/launch
copying launch/ekf_launch.py -> /home/varun/ros2_ws/install/sensor_preprocessing/share/sensor_preprocessing/launch
running install_egg_info
removing '/home/varun/ros2_ws/install/sensor_preprocessing/lib/python3.10/site-packages/sensor_preprocessing-0.0.0-py3.10.egg-info' (and everything under it)
Copying ../../build/sensor_preprocessing/sensor_preprocessing.egg-info to /home/varun/ros2_ws/install/sensor_preprocessing/lib/python3.10/site-packages/sensor_preprocessing-0.0.0-py3.10.egg-info
running install_scripts
Installing camera_preprocessing script to /home/varun/ros2_ws/install/sensor_preprocessing/lib/sensor_preprocessing
Installing imu_preprocessing script to /home/varun/ros2_ws/install/sensor_preprocessing/lib/sensor_preprocessing
Installing lidar_preprocessing script to /home/varun/ros2_ws/install/sensor_preprocessing/lib/sensor_preprocessing
Installing odom_preprocessing script to /home/varun/ros2_ws/install/sensor_preprocessing/lib/sensor_preprocessing
writing list of installed files to '/home/varun/ros2_ws/build/sensor_preprocessing/install.log'
