/home/varun/ros2_ws/install/sensor_preprocessing/lib/python3.10/site-packages/sensor_preprocessing/camera_preprocessing.py
/home/varun/ros2_ws/install/sensor_preprocessing/lib/python3.10/site-packages/sensor_preprocessing/__init__.py
/home/varun/ros2_ws/install/sensor_preprocessing/lib/python3.10/site-packages/sensor_preprocessing/imu_preprocessing.py
/home/varun/ros2_ws/install/sensor_preprocessing/lib/python3.10/site-packages/sensor_preprocessing/odometry_preprocessing.py
/home/varun/ros2_ws/install/sensor_preprocessing/lib/python3.10/site-packages/sensor_preprocessing/lidar_preprocessing.py
/home/varun/ros2_ws/install/sensor_preprocessing/lib/python3.10/site-packages/sensor_preprocessing/__pycache__/camera_preprocessing.cpython-310.pyc
/home/varun/ros2_ws/install/sensor_preprocessing/lib/python3.10/site-packages/sensor_preprocessing/__pycache__/__init__.cpython-310.pyc
/home/varun/ros2_ws/install/sensor_preprocessing/lib/python3.10/site-packages/sensor_preprocessing/__pycache__/imu_preprocessing.cpython-310.pyc
/home/varun/ros2_ws/install/sensor_preprocessing/lib/python3.10/site-packages/sensor_preprocessing/__pycache__/odometry_preprocessing.cpython-310.pyc
/home/varun/ros2_ws/install/sensor_preprocessing/lib/python3.10/site-packages/sensor_preprocessing/__pycache__/lidar_preprocessing.cpython-310.pyc
/home/varun/ros2_ws/install/sensor_preprocessing/share/ament_index/resource_index/packages/sensor_preprocessing
/home/varun/ros2_ws/install/sensor_preprocessing/share/sensor_preprocessing/package.xml
/home/varun/ros2_ws/install/sensor_preprocessing/share/sensor_preprocessing/launch/turtlebot3_slam_launch.py
/home/varun/ros2_ws/install/sensor_preprocessing/share/sensor_preprocessing/launch/ekf_launch.py
/home/varun/ros2_ws/install/sensor_preprocessing/lib/python3.10/site-packages/sensor_preprocessing-0.0.0-py3.10.egg-info/requires.txt
/home/varun/ros2_ws/install/sensor_preprocessing/lib/python3.10/site-packages/sensor_preprocessing-0.0.0-py3.10.egg-info/entry_points.txt
/home/varun/ros2_ws/install/sensor_preprocessing/lib/python3.10/site-packages/sensor_preprocessing-0.0.0-py3.10.egg-info/dependency_links.txt
/home/varun/ros2_ws/install/sensor_preprocessing/lib/python3.10/site-packages/sensor_preprocessing-0.0.0-py3.10.egg-info/top_level.txt
/home/varun/ros2_ws/install/sensor_preprocessing/lib/python3.10/site-packages/sensor_preprocessing-0.0.0-py3.10.egg-info/zip-safe
/home/varun/ros2_ws/install/sensor_preprocessing/lib/python3.10/site-packages/sensor_preprocessing-0.0.0-py3.10.egg-info/SOURCES.txt
/home/varun/ros2_ws/install/sensor_preprocessing/lib/python3.10/site-packages/sensor_preprocessing-0.0.0-py3.10.egg-info/PKG-INFO
/home/varun/ros2_ws/install/sensor_preprocessing/lib/sensor_preprocessing/camera_preprocessing
/home/varun/ros2_ws/install/sensor_preprocessing/lib/sensor_preprocessing/imu_preprocessing
/home/varun/ros2_ws/install/sensor_preprocessing/lib/sensor_preprocessing/lidar_preprocessing
/home/varun/ros2_ws/install/sensor_preprocessing/lib/sensor_preprocessing/odom_preprocessing
