[0.038s] Invoking command in '/home/varun/ros2_ws/build/catchall_interfaces': CMAKE_PREFIX_PATH=${CMAKE_PREFIX_PATH}:/home/varun/ros2_ws/install/sensor_preprocessing:/home/varun/ros2_ws/install/my_py_pkg:/home/varun/ros2_ws/install/catchall_py_pkg:/opt/ros/humble /usr/bin/cmake --build /home/varun/ros2_ws/build/catchall_interfaces -- -j24 -l24
[0.343s] [35m[1mConsolidate compiler generated dependencies of target catchall_interfaces__rosidl_generator_c[0m
[0.344s] [  2%] Built target catchall_interfaces__cpp
[0.346s] [ 12%] Built target catchall_interfaces__rosidl_generator_c
[0.347s] [ 12%] Built target ament_cmake_python_copy_catchall_interfaces
[0.347s] [35m[1mConsolidate compiler generated dependencies of target catchall_interfaces__rosidl_typesupport_cpp[0m
[0.347s] [35m[1mConsolidate compiler generated dependencies of target catchall_interfaces__rosidl_typesupport_introspection_cpp[0m
[0.347s] [35m[1mConsolidate compiler generated dependencies of target catchall_interfaces__rosidl_typesupport_fastrtps_cpp[0m
[0.348s] [35m[1mConsolidate compiler generated dependencies of target catchall_interfaces__rosidl_typesupport_introspection_c[0m
[0.348s] [35m[1mConsolidate compiler generated dependencies of target catchall_interfaces__rosidl_typesupport_fastrtps_c[0m
[0.348s] [35m[1mConsolidate compiler generated dependencies of target catchall_interfaces__rosidl_typesupport_c[0m
[0.348s] [ 23%] Built target catchall_interfaces__rosidl_typesupport_cpp
[0.349s] [ 34%] Built target catchall_interfaces__rosidl_typesupport_introspection_cpp
[0.349s] [ 44%] Built target catchall_interfaces__rosidl_typesupport_introspection_c
[0.350s] [ 63%] Built target catchall_interfaces__rosidl_typesupport_fastrtps_c
[0.350s] [ 65%] Built target catchall_interfaces__rosidl_typesupport_fastrtps_cpp
[0.350s] [ 76%] Built target catchall_interfaces__rosidl_typesupport_c
[0.350s] [ 76%] Built target catchall_interfaces
[0.350s] [ 78%] Built target catchall_interfaces__py
[0.350s] [35m[1mConsolidate compiler generated dependencies of target catchall_interfaces__rosidl_generator_py[0m
[0.384s] [ 87%] Built target catchall_interfaces__rosidl_generator_py
[0.412s] [35m[1mConsolidate compiler generated dependencies of target catchall_interfaces__rosidl_typesupport_c__pyext[0m
[0.412s] [35m[1mConsolidate compiler generated dependencies of target catchall_interfaces__rosidl_typesupport_fastrtps_c__pyext[0m
[0.413s] [35m[1mConsolidate compiler generated dependencies of target catchall_interfaces__rosidl_typesupport_introspection_c__pyext[0m
[0.446s] [ 91%] Built target catchall_interfaces__rosidl_typesupport_fastrtps_c__pyext
[0.448s] [ 95%] Built target catchall_interfaces__rosidl_typesupport_introspection_c__pyext
[0.451s] [100%] Built target catchall_interfaces__rosidl_typesupport_c__pyext
[0.513s] running egg_info
[0.514s] writing catchall_interfaces.egg-info/PKG-INFO
[0.514s] writing dependency_links to catchall_interfaces.egg-info/dependency_links.txt
[0.515s] writing top-level names to catchall_interfaces.egg-info/top_level.txt
[0.516s] reading manifest file 'catchall_interfaces.egg-info/SOURCES.txt'
[0.517s] writing manifest file 'catchall_interfaces.egg-info/SOURCES.txt'
[0.561s] [100%] Built target ament_cmake_python_build_catchall_interfaces_egg
[0.659s] Invoked command in '/home/varun/ros2_ws/build/catchall_interfaces' returned '0': CMAKE_PREFIX_PATH=${CMAKE_PREFIX_PATH}:/home/varun/ros2_ws/install/sensor_preprocessing:/home/varun/ros2_ws/install/my_py_pkg:/home/varun/ros2_ws/install/catchall_py_pkg:/opt/ros/humble /usr/bin/cmake --build /home/varun/ros2_ws/build/catchall_interfaces -- -j24 -l24
[1.043s] Invoking command in '/home/varun/ros2_ws/build/catchall_interfaces': CMAKE_PREFIX_PATH=${CMAKE_PREFIX_PATH}:/home/varun/ros2_ws/install/sensor_preprocessing:/home/varun/ros2_ws/install/my_py_pkg:/home/varun/ros2_ws/install/catchall_py_pkg:/opt/ros/humble /usr/bin/cmake --install /home/varun/ros2_ws/build/catchall_interfaces
[1.059s] -- Install configuration: ""
[1.060s] -- Up-to-date: /home/varun/ros2_ws/install/catchall_interfaces/share/ament_index/resource_index/rosidl_interfaces/catchall_interfaces
[1.060s] -- Up-to-date: /home/varun/ros2_ws/install/catchall_interfaces/include/catchall_interfaces/catchall_interfaces
[1.061s] -- Up-to-date: /home/varun/ros2_ws/install/catchall_interfaces/include/catchall_interfaces/catchall_interfaces/srv
[1.062s] -- Up-to-date: /home/varun/ros2_ws/install/catchall_interfaces/include/catchall_interfaces/catchall_interfaces/srv/detail
[1.063s] -- Up-to-date: /home/varun/ros2_ws/install/catchall_interfaces/include/catchall_interfaces/catchall_interfaces/srv/detail/catch_turtle__functions.h
[1.063s] -- Up-to-date: /home/varun/ros2_ws/install/catchall_interfaces/include/catchall_interfaces/catchall_interfaces/srv/detail/catch_turtle__functions.c
[1.063s] -- Up-to-date: /home/varun/ros2_ws/install/catchall_interfaces/include/catchall_interfaces/catchall_interfaces/srv/detail/catch_turtle__struct.h
[1.064s] -- Up-to-date: /home/varun/ros2_ws/install/catchall_interfaces/include/catchall_interfaces/catchall_interfaces/srv/detail/catch_turtle__type_support.h
[1.064s] -- Up-to-date: /home/varun/ros2_ws/install/catchall_interfaces/include/catchall_interfaces/catchall_interfaces/srv/catch_turtle.h
[1.064s] -- Up-to-date: /home/varun/ros2_ws/install/catchall_interfaces/include/catchall_interfaces/catchall_interfaces/msg
[1.065s] -- Up-to-date: /home/varun/ros2_ws/install/catchall_interfaces/include/catchall_interfaces/catchall_interfaces/msg/detail
[1.065s] -- Up-to-date: /home/varun/ros2_ws/install/catchall_interfaces/include/catchall_interfaces/catchall_interfaces/msg/detail/turtle__functions.h
[1.065s] -- Up-to-date: /home/varun/ros2_ws/install/catchall_interfaces/include/catchall_interfaces/catchall_interfaces/msg/detail/turtle_array__type_support.h
[1.065s] -- Up-to-date: /home/varun/ros2_ws/install/catchall_interfaces/include/catchall_interfaces/catchall_interfaces/msg/detail/turtle_array__functions.h
[1.066s] -- Up-to-date: /home/varun/ros2_ws/install/catchall_interfaces/include/catchall_interfaces/catchall_interfaces/msg/detail/turtle__functions.c
[1.066s] -- Up-to-date: /home/varun/ros2_ws/install/catchall_interfaces/include/catchall_interfaces/catchall_interfaces/msg/detail/turtle_array__struct.h
[1.066s] -- Up-to-date: /home/varun/ros2_ws/install/catchall_interfaces/include/catchall_interfaces/catchall_interfaces/msg/detail/turtle_array__functions.c
[1.067s] -- Up-to-date: /home/varun/ros2_ws/install/catchall_interfaces/include/catchall_interfaces/catchall_interfaces/msg/detail/turtle__type_support.h
[1.067s] -- Up-to-date: /home/varun/ros2_ws/install/catchall_interfaces/include/catchall_interfaces/catchall_interfaces/msg/detail/turtle__struct.h
[1.069s] -- Up-to-date: /home/varun/ros2_ws/install/catchall_interfaces/include/catchall_interfaces/catchall_interfaces/msg/rosidl_generator_c__visibility_control.h
[1.069s] -- Up-to-date: /home/varun/ros2_ws/install/catchall_interfaces/include/catchall_interfaces/catchall_interfaces/msg/turtle.h
[1.069s] -- Up-to-date: /home/varun/ros2_ws/install/catchall_interfaces/include/catchall_interfaces/catchall_interfaces/msg/turtle_array.h
[1.069s] -- Up-to-date: /home/varun/ros2_ws/install/catchall_interfaces/share/catchall_interfaces/environment/library_path.sh
[1.070s] -- Up-to-date: /home/varun/ros2_ws/install/catchall_interfaces/share/catchall_interfaces/environment/library_path.dsv
[1.070s] -- Up-to-date: /home/varun/ros2_ws/install/catchall_interfaces/lib/libcatchall_interfaces__rosidl_generator_c.so
[1.070s] -- Up-to-date: /home/varun/ros2_ws/install/catchall_interfaces/include/catchall_interfaces/catchall_interfaces
[1.071s] -- Up-to-date: /home/varun/ros2_ws/install/catchall_interfaces/include/catchall_interfaces/catchall_interfaces/srv
[1.071s] -- Up-to-date: /home/varun/ros2_ws/install/catchall_interfaces/include/catchall_interfaces/catchall_interfaces/srv/detail
[1.071s] -- Up-to-date: /home/varun/ros2_ws/install/catchall_interfaces/include/catchall_interfaces/catchall_interfaces/srv/detail/catch_turtle__rosidl_typesupport_fastrtps_c.h
[1.072s] -- Up-to-date: /home/varun/ros2_ws/install/catchall_interfaces/include/catchall_interfaces/catchall_interfaces/msg
[1.073s] -- Up-to-date: /home/varun/ros2_ws/install/catchall_interfaces/include/catchall_interfaces/catchall_interfaces/msg/detail
[1.073s] -- Up-to-date: /home/varun/ros2_ws/install/catchall_interfaces/include/catchall_interfaces/catchall_interfaces/msg/detail/turtle_array__rosidl_typesupport_fastrtps_c.h
[1.073s] -- Up-to-date: /home/varun/ros2_ws/install/catchall_interfaces/include/catchall_interfaces/catchall_interfaces/msg/detail/turtle__rosidl_typesupport_fastrtps_c.h
[1.073s] -- Up-to-date: /home/varun/ros2_ws/install/catchall_interfaces/include/catchall_interfaces/catchall_interfaces/msg/rosidl_typesupport_fastrtps_c__visibility_control.h
[1.074s] -- Up-to-date: /home/varun/ros2_ws/install/catchall_interfaces/lib/libcatchall_interfaces__rosidl_typesupport_fastrtps_c.so
[1.074s] -- Up-to-date: /home/varun/ros2_ws/install/catchall_interfaces/include/catchall_interfaces/catchall_interfaces
[1.075s] -- Up-to-date: /home/varun/ros2_ws/install/catchall_interfaces/include/catchall_interfaces/catchall_interfaces/srv
[1.075s] -- Up-to-date: /home/varun/ros2_ws/install/catchall_interfaces/include/catchall_interfaces/catchall_interfaces/srv/detail
[1.076s] -- Up-to-date: /home/varun/ros2_ws/install/catchall_interfaces/include/catchall_interfaces/catchall_interfaces/srv/detail/catch_turtle__rosidl_typesupport_introspection_c.h
[1.076s] -- Up-to-date: /home/varun/ros2_ws/install/catchall_interfaces/include/catchall_interfaces/catchall_interfaces/srv/detail/catch_turtle__type_support.c
[1.076s] -- Up-to-date: /home/varun/ros2_ws/install/catchall_interfaces/include/catchall_interfaces/catchall_interfaces/msg
[1.076s] -- Up-to-date: /home/varun/ros2_ws/install/catchall_interfaces/include/catchall_interfaces/catchall_interfaces/msg/detail
[1.076s] -- Up-to-date: /home/varun/ros2_ws/install/catchall_interfaces/include/catchall_interfaces/catchall_interfaces/msg/detail/turtle_array__rosidl_typesupport_introspection_c.h
[1.076s] -- Up-to-date: /home/varun/ros2_ws/install/catchall_interfaces/include/catchall_interfaces/catchall_interfaces/msg/detail/turtle__type_support.c
[1.076s] -- Up-to-date: /home/varun/ros2_ws/install/catchall_interfaces/include/catchall_interfaces/catchall_interfaces/msg/detail/turtle_array__type_support.c
[1.077s] -- Up-to-date: /home/varun/ros2_ws/install/catchall_interfaces/include/catchall_interfaces/catchall_interfaces/msg/detail/turtle__rosidl_typesupport_introspection_c.h
[1.077s] -- Up-to-date: /home/varun/ros2_ws/install/catchall_interfaces/include/catchall_interfaces/catchall_interfaces/msg/rosidl_typesupport_introspection_c__visibility_control.h
[1.077s] -- Up-to-date: /home/varun/ros2_ws/install/catchall_interfaces/lib/libcatchall_interfaces__rosidl_typesupport_introspection_c.so
[1.078s] -- Up-to-date: /home/varun/ros2_ws/install/catchall_interfaces/lib/libcatchall_interfaces__rosidl_typesupport_c.so
[1.078s] -- Up-to-date: /home/varun/ros2_ws/install/catchall_interfaces/include/catchall_interfaces/catchall_interfaces
[1.079s] -- Up-to-date: /home/varun/ros2_ws/install/catchall_interfaces/include/catchall_interfaces/catchall_interfaces/srv
[1.079s] -- Up-to-date: /home/varun/ros2_ws/install/catchall_interfaces/include/catchall_interfaces/catchall_interfaces/srv/detail
[1.079s] -- Up-to-date: /home/varun/ros2_ws/install/catchall_interfaces/include/catchall_interfaces/catchall_interfaces/srv/detail/catch_turtle__builder.hpp
[1.079s] -- Up-to-date: /home/varun/ros2_ws/install/catchall_interfaces/include/catchall_interfaces/catchall_interfaces/srv/detail/catch_turtle__traits.hpp
[1.079s] -- Up-to-date: /home/varun/ros2_ws/install/catchall_interfaces/include/catchall_interfaces/catchall_interfaces/srv/detail/catch_turtle__struct.hpp
[1.079s] -- Up-to-date: /home/varun/ros2_ws/install/catchall_interfaces/include/catchall_interfaces/catchall_interfaces/srv/catch_turtle.hpp
[1.079s] -- Up-to-date: /home/varun/ros2_ws/install/catchall_interfaces/include/catchall_interfaces/catchall_interfaces/msg
[1.079s] -- Up-to-date: /home/varun/ros2_ws/install/catchall_interfaces/include/catchall_interfaces/catchall_interfaces/msg/detail
[1.079s] -- Up-to-date: /home/varun/ros2_ws/install/catchall_interfaces/include/catchall_interfaces/catchall_interfaces/msg/detail/turtle_array__traits.hpp
[1.079s] -- Up-to-date: /home/varun/ros2_ws/install/catchall_interfaces/include/catchall_interfaces/catchall_interfaces/msg/detail/turtle_array__builder.hpp
[1.080s] -- Up-to-date: /home/varun/ros2_ws/install/catchall_interfaces/include/catchall_interfaces/catchall_interfaces/msg/detail/turtle__struct.hpp
[1.080s] -- Up-to-date: /home/varun/ros2_ws/install/catchall_interfaces/include/catchall_interfaces/catchall_interfaces/msg/detail/turtle_array__struct.hpp
[1.080s] -- Up-to-date: /home/varun/ros2_ws/install/catchall_interfaces/include/catchall_interfaces/catchall_interfaces/msg/detail/turtle__builder.hpp
[1.080s] -- Up-to-date: /home/varun/ros2_ws/install/catchall_interfaces/include/catchall_interfaces/catchall_interfaces/msg/detail/turtle__traits.hpp
[1.080s] -- Up-to-date: /home/varun/ros2_ws/install/catchall_interfaces/include/catchall_interfaces/catchall_interfaces/msg/turtle.hpp
[1.080s] -- Up-to-date: /home/varun/ros2_ws/install/catchall_interfaces/include/catchall_interfaces/catchall_interfaces/msg/turtle_array.hpp
[1.080s] -- Up-to-date: /home/varun/ros2_ws/install/catchall_interfaces/include/catchall_interfaces/catchall_interfaces
[1.080s] -- Up-to-date: /home/varun/ros2_ws/install/catchall_interfaces/include/catchall_interfaces/catchall_interfaces/srv
[1.080s] -- Up-to-date: /home/varun/ros2_ws/install/catchall_interfaces/include/catchall_interfaces/catchall_interfaces/srv/detail
[1.081s] -- Up-to-date: /home/varun/ros2_ws/install/catchall_interfaces/include/catchall_interfaces/catchall_interfaces/srv/detail/catch_turtle__rosidl_typesupport_fastrtps_cpp.hpp
[1.081s] -- Up-to-date: /home/varun/ros2_ws/install/catchall_interfaces/include/catchall_interfaces/catchall_interfaces/srv/detail/dds_fastrtps
[1.081s] -- Up-to-date: /home/varun/ros2_ws/install/catchall_interfaces/include/catchall_interfaces/catchall_interfaces/msg
[1.081s] -- Up-to-date: /home/varun/ros2_ws/install/catchall_interfaces/include/catchall_interfaces/catchall_interfaces/msg/detail
[1.081s] -- Up-to-date: /home/varun/ros2_ws/install/catchall_interfaces/include/catchall_interfaces/catchall_interfaces/msg/detail/turtle_array__rosidl_typesupport_fastrtps_cpp.hpp
[1.081s] -- Up-to-date: /home/varun/ros2_ws/install/catchall_interfaces/include/catchall_interfaces/catchall_interfaces/msg/detail/dds_fastrtps
[1.081s] -- Up-to-date: /home/varun/ros2_ws/install/catchall_interfaces/include/catchall_interfaces/catchall_interfaces/msg/detail/turtle__rosidl_typesupport_fastrtps_cpp.hpp
[1.081s] -- Up-to-date: /home/varun/ros2_ws/install/catchall_interfaces/include/catchall_interfaces/catchall_interfaces/msg/rosidl_typesupport_fastrtps_cpp__visibility_control.h
[1.081s] -- Up-to-date: /home/varun/ros2_ws/install/catchall_interfaces/lib/libcatchall_interfaces__rosidl_typesupport_fastrtps_cpp.so
[1.081s] -- Up-to-date: /home/varun/ros2_ws/install/catchall_interfaces/include/catchall_interfaces/catchall_interfaces
[1.081s] -- Up-to-date: /home/varun/ros2_ws/install/catchall_interfaces/include/catchall_interfaces/catchall_interfaces/srv
[1.081s] -- Up-to-date: /home/varun/ros2_ws/install/catchall_interfaces/include/catchall_interfaces/catchall_interfaces/srv/detail
[1.082s] -- Up-to-date: /home/varun/ros2_ws/install/catchall_interfaces/include/catchall_interfaces/catchall_interfaces/srv/detail/catch_turtle__rosidl_typesupport_introspection_cpp.hpp
[1.082s] -- Up-to-date: /home/varun/ros2_ws/install/catchall_interfaces/include/catchall_interfaces/catchall_interfaces/srv/detail/catch_turtle__type_support.cpp
[1.082s] -- Up-to-date: /home/varun/ros2_ws/install/catchall_interfaces/include/catchall_interfaces/catchall_interfaces/msg
[1.082s] -- Up-to-date: /home/varun/ros2_ws/install/catchall_interfaces/include/catchall_interfaces/catchall_interfaces/msg/detail
[1.082s] -- Up-to-date: /home/varun/ros2_ws/install/catchall_interfaces/include/catchall_interfaces/catchall_interfaces/msg/detail/turtle__type_support.cpp
[1.082s] -- Up-to-date: /home/varun/ros2_ws/install/catchall_interfaces/include/catchall_interfaces/catchall_interfaces/msg/detail/turtle_array__rosidl_typesupport_introspection_cpp.hpp
[1.082s] -- Up-to-date: /home/varun/ros2_ws/install/catchall_interfaces/include/catchall_interfaces/catchall_interfaces/msg/detail/turtle_array__type_support.cpp
[1.082s] -- Up-to-date: /home/varun/ros2_ws/install/catchall_interfaces/include/catchall_interfaces/catchall_interfaces/msg/detail/turtle__rosidl_typesupport_introspection_cpp.hpp
[1.082s] -- Up-to-date: /home/varun/ros2_ws/install/catchall_interfaces/lib/libcatchall_interfaces__rosidl_typesupport_introspection_cpp.so
[1.082s] -- Up-to-date: /home/varun/ros2_ws/install/catchall_interfaces/lib/libcatchall_interfaces__rosidl_typesupport_cpp.so
[1.082s] -- Up-to-date: /home/varun/ros2_ws/install/catchall_interfaces/share/catchall_interfaces/environment/pythonpath.sh
[1.083s] -- Up-to-date: /home/varun/ros2_ws/install/catchall_interfaces/share/catchall_interfaces/environment/pythonpath.dsv
[1.083s] -- Up-to-date: /home/varun/ros2_ws/install/catchall_interfaces/local/lib/python3.10/dist-packages/catchall_interfaces-0.0.0-py3.10.egg-info
[1.083s] -- Installing: /home/varun/ros2_ws/install/catchall_interfaces/local/lib/python3.10/dist-packages/catchall_interfaces-0.0.0-py3.10.egg-info/dependency_links.txt
[1.083s] -- Installing: /home/varun/ros2_ws/install/catchall_interfaces/local/lib/python3.10/dist-packages/catchall_interfaces-0.0.0-py3.10.egg-info/top_level.txt
[1.083s] -- Installing: /home/varun/ros2_ws/install/catchall_interfaces/local/lib/python3.10/dist-packages/catchall_interfaces-0.0.0-py3.10.egg-info/SOURCES.txt
[1.083s] -- Installing: /home/varun/ros2_ws/install/catchall_interfaces/local/lib/python3.10/dist-packages/catchall_interfaces-0.0.0-py3.10.egg-info/PKG-INFO
[1.083s] -- Up-to-date: /home/varun/ros2_ws/install/catchall_interfaces/local/lib/python3.10/dist-packages/catchall_interfaces
[1.083s] -- Up-to-date: /home/varun/ros2_ws/install/catchall_interfaces/local/lib/python3.10/dist-packages/catchall_interfaces/catchall_interfaces_s__rosidl_typesupport_c.cpython-310-x86_64-linux-gnu.so
[1.083s] -- Up-to-date: /home/varun/ros2_ws/install/catchall_interfaces/local/lib/python3.10/dist-packages/catchall_interfaces/_catchall_interfaces_s.ep.rosidl_typesupport_introspection_c.c
[1.083s] -- Up-to-date: /home/varun/ros2_ws/install/catchall_interfaces/local/lib/python3.10/dist-packages/catchall_interfaces/_catchall_interfaces_s.ep.rosidl_typesupport_c.c
[1.083s] -- Up-to-date: /home/varun/ros2_ws/install/catchall_interfaces/local/lib/python3.10/dist-packages/catchall_interfaces/__init__.py
[1.084s] -- Up-to-date: /home/varun/ros2_ws/install/catchall_interfaces/local/lib/python3.10/dist-packages/catchall_interfaces/_catchall_interfaces_s.ep.rosidl_typesupport_fastrtps_c.c
[1.084s] -- Up-to-date: /home/varun/ros2_ws/install/catchall_interfaces/local/lib/python3.10/dist-packages/catchall_interfaces/srv
[1.084s] -- Up-to-date: /home/varun/ros2_ws/install/catchall_interfaces/local/lib/python3.10/dist-packages/catchall_interfaces/srv/__init__.py
[1.084s] -- Up-to-date: /home/varun/ros2_ws/install/catchall_interfaces/local/lib/python3.10/dist-packages/catchall_interfaces/srv/_catch_turtle_s.c
[1.084s] -- Up-to-date: /home/varun/ros2_ws/install/catchall_interfaces/local/lib/python3.10/dist-packages/catchall_interfaces/srv/_catch_turtle.py
[1.084s] -- Up-to-date: /home/varun/ros2_ws/install/catchall_interfaces/local/lib/python3.10/dist-packages/catchall_interfaces/catchall_interfaces_s__rosidl_typesupport_fastrtps_c.cpython-310-x86_64-linux-gnu.so
[1.084s] -- Up-to-date: /home/varun/ros2_ws/install/catchall_interfaces/local/lib/python3.10/dist-packages/catchall_interfaces/msg
[1.084s] -- Up-to-date: /home/varun/ros2_ws/install/catchall_interfaces/local/lib/python3.10/dist-packages/catchall_interfaces/msg/_turtle_array.py
[1.084s] -- Up-to-date: /home/varun/ros2_ws/install/catchall_interfaces/local/lib/python3.10/dist-packages/catchall_interfaces/msg/__init__.py
[1.084s] -- Up-to-date: /home/varun/ros2_ws/install/catchall_interfaces/local/lib/python3.10/dist-packages/catchall_interfaces/msg/_turtle_s.c
[1.084s] -- Up-to-date: /home/varun/ros2_ws/install/catchall_interfaces/local/lib/python3.10/dist-packages/catchall_interfaces/msg/_turtle.py
[1.085s] -- Up-to-date: /home/varun/ros2_ws/install/catchall_interfaces/local/lib/python3.10/dist-packages/catchall_interfaces/msg/_turtle_array_s.c
[1.085s] -- Up-to-date: /home/varun/ros2_ws/install/catchall_interfaces/local/lib/python3.10/dist-packages/catchall_interfaces/catchall_interfaces_s__rosidl_typesupport_introspection_c.cpython-310-x86_64-linux-gnu.so
[1.085s] -- Up-to-date: /home/varun/ros2_ws/install/catchall_interfaces/local/lib/python3.10/dist-packages/catchall_interfaces/libcatchall_interfaces__rosidl_generator_py.so
[1.118s] Listing '/home/varun/ros2_ws/install/catchall_interfaces/local/lib/python3.10/dist-packages/catchall_interfaces'...
[1.118s] Listing '/home/varun/ros2_ws/install/catchall_interfaces/local/lib/python3.10/dist-packages/catchall_interfaces/msg'...
[1.118s] Listing '/home/varun/ros2_ws/install/catchall_interfaces/local/lib/python3.10/dist-packages/catchall_interfaces/srv'...
[1.121s] -- Up-to-date: /home/varun/ros2_ws/install/catchall_interfaces/local/lib/python3.10/dist-packages/catchall_interfaces/catchall_interfaces_s__rosidl_typesupport_fastrtps_c.cpython-310-x86_64-linux-gnu.so
[1.123s] -- Up-to-date: /home/varun/ros2_ws/install/catchall_interfaces/local/lib/python3.10/dist-packages/catchall_interfaces/catchall_interfaces_s__rosidl_typesupport_introspection_c.cpython-310-x86_64-linux-gnu.so
[1.124s] -- Up-to-date: /home/varun/ros2_ws/install/catchall_interfaces/local/lib/python3.10/dist-packages/catchall_interfaces/catchall_interfaces_s__rosidl_typesupport_c.cpython-310-x86_64-linux-gnu.so
[1.127s] -- Up-to-date: /home/varun/ros2_ws/install/catchall_interfaces/lib/libcatchall_interfaces__rosidl_generator_py.so
[1.127s] -- Up-to-date: /home/varun/ros2_ws/install/catchall_interfaces/share/catchall_interfaces/msg/Turtle.idl
[1.128s] -- Up-to-date: /home/varun/ros2_ws/install/catchall_interfaces/share/catchall_interfaces/msg/TurtleArray.idl
[1.128s] -- Up-to-date: /home/varun/ros2_ws/install/catchall_interfaces/share/catchall_interfaces/srv/CatchTurtle.idl
[1.128s] -- Up-to-date: /home/varun/ros2_ws/install/catchall_interfaces/share/catchall_interfaces/msg/Turtle.msg
[1.128s] -- Up-to-date: /home/varun/ros2_ws/install/catchall_interfaces/share/catchall_interfaces/msg/TurtleArray.msg
[1.128s] -- Up-to-date: /home/varun/ros2_ws/install/catchall_interfaces/share/catchall_interfaces/srv/CatchTurtle.srv
[1.129s] -- Up-to-date: /home/varun/ros2_ws/install/catchall_interfaces/share/catchall_interfaces/srv/CatchTurtle_Request.msg
[1.129s] -- Up-to-date: /home/varun/ros2_ws/install/catchall_interfaces/share/catchall_interfaces/srv/CatchTurtle_Response.msg
[1.129s] -- Up-to-date: /home/varun/ros2_ws/install/catchall_interfaces/share/ament_index/resource_index/package_run_dependencies/catchall_interfaces
[1.129s] -- Up-to-date: /home/varun/ros2_ws/install/catchall_interfaces/share/ament_index/resource_index/parent_prefix_path/catchall_interfaces
[1.129s] -- Up-to-date: /home/varun/ros2_ws/install/catchall_interfaces/share/catchall_interfaces/environment/ament_prefix_path.sh
[1.129s] -- Up-to-date: /home/varun/ros2_ws/install/catchall_interfaces/share/catchall_interfaces/environment/ament_prefix_path.dsv
[1.129s] -- Up-to-date: /home/varun/ros2_ws/install/catchall_interfaces/share/catchall_interfaces/environment/path.sh
[1.129s] -- Up-to-date: /home/varun/ros2_ws/install/catchall_interfaces/share/catchall_interfaces/environment/path.dsv
[1.129s] -- Up-to-date: /home/varun/ros2_ws/install/catchall_interfaces/share/catchall_interfaces/local_setup.bash
[1.129s] -- Up-to-date: /home/varun/ros2_ws/install/catchall_interfaces/share/catchall_interfaces/local_setup.sh
[1.130s] -- Up-to-date: /home/varun/ros2_ws/install/catchall_interfaces/share/catchall_interfaces/local_setup.zsh
[1.130s] -- Up-to-date: /home/varun/ros2_ws/install/catchall_interfaces/share/catchall_interfaces/local_setup.dsv
[1.130s] -- Installing: /home/varun/ros2_ws/install/catchall_interfaces/share/catchall_interfaces/package.dsv
[1.134s] -- Up-to-date: /home/varun/ros2_ws/install/catchall_interfaces/share/ament_index/resource_index/packages/catchall_interfaces
[1.134s] -- Up-to-date: /home/varun/ros2_ws/install/catchall_interfaces/share/catchall_interfaces/cmake/export_catchall_interfaces__rosidl_generator_cExport.cmake
[1.134s] -- Up-to-date: /home/varun/ros2_ws/install/catchall_interfaces/share/catchall_interfaces/cmake/export_catchall_interfaces__rosidl_generator_cExport-noconfig.cmake
[1.134s] -- Up-to-date: /home/varun/ros2_ws/install/catchall_interfaces/share/catchall_interfaces/cmake/export_catchall_interfaces__rosidl_typesupport_fastrtps_cExport.cmake
[1.135s] -- Up-to-date: /home/varun/ros2_ws/install/catchall_interfaces/share/catchall_interfaces/cmake/export_catchall_interfaces__rosidl_typesupport_fastrtps_cExport-noconfig.cmake
[1.136s] -- Up-to-date: /home/varun/ros2_ws/install/catchall_interfaces/share/catchall_interfaces/cmake/catchall_interfaces__rosidl_typesupport_introspection_cExport.cmake
[1.136s] -- Up-to-date: /home/varun/ros2_ws/install/catchall_interfaces/share/catchall_interfaces/cmake/catchall_interfaces__rosidl_typesupport_introspection_cExport-noconfig.cmake
[1.136s] -- Up-to-date: /home/varun/ros2_ws/install/catchall_interfaces/share/catchall_interfaces/cmake/catchall_interfaces__rosidl_typesupport_cExport.cmake
[1.136s] -- Up-to-date: /home/varun/ros2_ws/install/catchall_interfaces/share/catchall_interfaces/cmake/catchall_interfaces__rosidl_typesupport_cExport-noconfig.cmake
[1.136s] -- Up-to-date: /home/varun/ros2_ws/install/catchall_interfaces/share/catchall_interfaces/cmake/export_catchall_interfaces__rosidl_generator_cppExport.cmake
[1.136s] -- Up-to-date: /home/varun/ros2_ws/install/catchall_interfaces/share/catchall_interfaces/cmake/export_catchall_interfaces__rosidl_typesupport_fastrtps_cppExport.cmake
[1.136s] -- Up-to-date: /home/varun/ros2_ws/install/catchall_interfaces/share/catchall_interfaces/cmake/export_catchall_interfaces__rosidl_typesupport_fastrtps_cppExport-noconfig.cmake
[1.137s] -- Up-to-date: /home/varun/ros2_ws/install/catchall_interfaces/share/catchall_interfaces/cmake/catchall_interfaces__rosidl_typesupport_introspection_cppExport.cmake
[1.137s] -- Up-to-date: /home/varun/ros2_ws/install/catchall_interfaces/share/catchall_interfaces/cmake/catchall_interfaces__rosidl_typesupport_introspection_cppExport-noconfig.cmake
[1.137s] -- Up-to-date: /home/varun/ros2_ws/install/catchall_interfaces/share/catchall_interfaces/cmake/catchall_interfaces__rosidl_typesupport_cppExport.cmake
[1.137s] -- Up-to-date: /home/varun/ros2_ws/install/catchall_interfaces/share/catchall_interfaces/cmake/catchall_interfaces__rosidl_typesupport_cppExport-noconfig.cmake
[1.137s] -- Up-to-date: /home/varun/ros2_ws/install/catchall_interfaces/share/catchall_interfaces/cmake/export_catchall_interfaces__rosidl_generator_pyExport.cmake
[1.137s] -- Up-to-date: /home/varun/ros2_ws/install/catchall_interfaces/share/catchall_interfaces/cmake/export_catchall_interfaces__rosidl_generator_pyExport-noconfig.cmake
[1.137s] -- Up-to-date: /home/varun/ros2_ws/install/catchall_interfaces/share/catchall_interfaces/cmake/rosidl_cmake-extras.cmake
[1.137s] -- Up-to-date: /home/varun/ros2_ws/install/catchall_interfaces/share/catchall_interfaces/cmake/ament_cmake_export_dependencies-extras.cmake
[1.137s] -- Up-to-date: /home/varun/ros2_ws/install/catchall_interfaces/share/catchall_interfaces/cmake/ament_cmake_export_include_directories-extras.cmake
[1.137s] -- Up-to-date: /home/varun/ros2_ws/install/catchall_interfaces/share/catchall_interfaces/cmake/ament_cmake_export_libraries-extras.cmake
[1.138s] -- Up-to-date: /home/varun/ros2_ws/install/catchall_interfaces/share/catchall_interfaces/cmake/ament_cmake_export_targets-extras.cmake
[1.138s] -- Up-to-date: /home/varun/ros2_ws/install/catchall_interfaces/share/catchall_interfaces/cmake/rosidl_cmake_export_typesupport_targets-extras.cmake
[1.138s] -- Up-to-date: /home/varun/ros2_ws/install/catchall_interfaces/share/catchall_interfaces/cmake/rosidl_cmake_export_typesupport_libraries-extras.cmake
[1.138s] -- Up-to-date: /home/varun/ros2_ws/install/catchall_interfaces/share/catchall_interfaces/cmake/catchall_interfacesConfig.cmake
[1.138s] -- Up-to-date: /home/varun/ros2_ws/install/catchall_interfaces/share/catchall_interfaces/cmake/catchall_interfacesConfig-version.cmake
[1.138s] -- Up-to-date: /home/varun/ros2_ws/install/catchall_interfaces/share/catchall_interfaces/package.xml
[1.140s] Invoked command in '/home/varun/ros2_ws/build/catchall_interfaces' returned '0': CMAKE_PREFIX_PATH=${CMAKE_PREFIX_PATH}:/home/varun/ros2_ws/install/sensor_preprocessing:/home/varun/ros2_ws/install/my_py_pkg:/home/varun/ros2_ws/install/catchall_py_pkg:/opt/ros/humble /usr/bin/cmake --install /home/varun/ros2_ws/build/catchall_interfaces
